
*****
***** Welcome to the Xyce(TM) Parallel Electronic Simulator
*****
***** This is version Xyce DEVELOPMENT-202212040732-(Public_Release-7.6.0-16-g7ac86b45)-opensource
***** Date: Sat Dec 24 23:19:25 UTC 2022


***** Executing netlist tempsenseInst_error_sim_60.sp

***** Reading and parsing netlist...
Netlist warning in file tempsenseInst_error_sim_60.sp at or near line 3
 Unrecognized .OPTIONS package or parameter AUTOSTOP will be ignored
Netlist warning: No print specified
Netlist warning in file
 /home/alex/miniconda3/share/pdk/sky130A/libs.tech/ngspice/corners/../../../libs.ref/sky130_fd_pr/spice/sky130_fd_pr__nfet_01v8__tt.pm3.spice
 at or near line 23884
 Device model XI1:X_069_:X0:SKY130_FD_PR__NFET_01V8__MODEL.89: Model card
 specifies BSIM4 version 4.5 which is older than the oldest version supported
 in Xyce (4.6.1).  Using oldest version available.
 
Netlist warning in file
 /home/alex/miniconda3/share/pdk/sky130A/libs.tech/ngspice/corners/../../../libs.ref/sky130_fd_pr/spice/sky130_fd_pr__nfet_01v8__tt.pm3.spice
 at or near line 23884
 Device model XI1:X_069_:X0:SKY130_FD_PR__NFET_01V8__MODEL.89: Given pbswgd is
 less than 0.1. Pbswgd is set to 0.1
Netlist warning in file
 /home/alex/miniconda3/share/pdk/sky130A/libs.tech/ngspice/corners/../../../libs.ref/sky130_fd_pr/spice/sky130_fd_pr__pfet_01v8_hvt__tt.pm3.spice
 at or near line 21474
 Device model XI1:X_069_:X1:SKY130_FD_PR__PFET_01V8_HVT__MODEL.80: Model card
 specifies BSIM4 version 4.5 which is older than the oldest version supported
 in Xyce (4.6.1).  Using oldest version available.
 
Netlist warning in file
 /home/alex/miniconda3/share/pdk/sky130A/libs.tech/ngspice/corners/../../../libs.ref/sky130_fd_pr/spice/sky130_fd_pr__pfet_01v8_hvt__tt.pm3.spice
 at or near line 21474
 Device model XI1:X_069_:X1:SKY130_FD_PR__PFET_01V8_HVT__MODEL.80: Given
 pbswgd is less than 0.1. Pbswgd is set to 0.1
Netlist warning in file
 /home/alex/miniconda3/share/pdk/sky130A/libs.tech/ngspice/corners/../../../libs.ref/sky130_fd_pr/spice/sky130_fd_pr__nfet_01v8__tt.pm3.spice
 at or near line 23884
 Device model XI1:X_070_:X0:SKY130_FD_PR__NFET_01V8__MODEL.89: Model card
 specifies BSIM4 version 4.5 which is older than the oldest version supported
 in Xyce (4.6.1).  Using oldest version available.
 
Netlist warning in file
 /home/alex/miniconda3/share/pdk/sky130A/libs.tech/ngspice/corners/../../../libs.ref/sky130_fd_pr/spice/sky130_fd_pr__nfet_01v8__tt.pm3.spice
 at or near line 23884
 Device model XI1:X_070_:X0:SKY130_FD_PR__NFET_01V8__MODEL.89: Given pbswgd is
 less than 0.1. Pbswgd is set to 0.1
Netlist warning in file
 /home/alex/miniconda3/share/pdk/sky130A/libs.tech/ngspice/corners/../../../libs.ref/sky130_fd_pr/spice/sky130_fd_pr__pfet_01v8_hvt__tt.pm3.spice
 at or near line 21474
 Device model XI1:X_070_:X1:SKY130_FD_PR__PFET_01V8_HVT__MODEL.80: Model card
 specifies BSIM4 version 4.5 which is older than the oldest version supported
 in Xyce (4.6.1).  Using oldest version available.
 
Netlist warning in file
 /home/alex/miniconda3/share/pdk/sky130A/libs.tech/ngspice/corners/../../../libs.ref/sky130_fd_pr/spice/sky130_fd_pr__pfet_01v8_hvt__tt.pm3.spice
 at or near line 21474
 Device model XI1:X_070_:X1:SKY130_FD_PR__PFET_01V8_HVT__MODEL.80: Given
 pbswgd is less than 0.1. Pbswgd is set to 0.1
Netlist warning in file
 /home/alex/miniconda3/share/pdk/sky130A/libs.tech/ngspice/corners/../../../libs.ref/sky130_fd_pr/spice/sky130_fd_pr__nfet_01v8__tt.pm3.spice
 at or near line 23884
 Device model XI1:X_071_:X0:SKY130_FD_PR__NFET_01V8__MODEL.89: Model card
 specifies BSIM4 version 4.5 which is older than the oldest version supported
 in Xyce (4.6.1).  Using oldest version available.
 
Netlist warning in file
 /home/alex/miniconda3/share/pdk/sky130A/libs.tech/ngspice/corners/../../../libs.ref/sky130_fd_pr/spice/sky130_fd_pr__nfet_01v8__tt.pm3.spice
 at or near line 23884
 Device model XI1:X_071_:X0:SKY130_FD_PR__NFET_01V8__MODEL.89: Given pbswgd is
 less than 0.1. Pbswgd is set to 0.1
Netlist warning in file
 /home/alex/miniconda3/share/pdk/sky130A/libs.tech/ngspice/corners/../../../libs.ref/sky130_fd_pr/spice/sky130_fd_pr__pfet_01v8_hvt__tt.pm3.spice
 at or near line 21474
 Device model XI1:X_071_:X1:SKY130_FD_PR__PFET_01V8_HVT__MODEL.80: Model card
 specifies BSIM4 version 4.5 which is older than the oldest version supported
 in Xyce (4.6.1).  Using oldest version available.
 
Netlist warning in file
 /home/alex/miniconda3/share/pdk/sky130A/libs.tech/ngspice/corners/../../../libs.ref/sky130_fd_pr/spice/sky130_fd_pr__pfet_01v8_hvt__tt.pm3.spice
 at or near line 21474
 Device model XI1:X_071_:X1:SKY130_FD_PR__PFET_01V8_HVT__MODEL.80: Given
 pbswgd is less than 0.1. Pbswgd is set to 0.1
Netlist warning in file
 /home/alex/miniconda3/share/pdk/sky130A/libs.tech/ngspice/corners/../../../libs.ref/sky130_fd_pr/spice/sky130_fd_pr__nfet_01v8__tt.pm3.spice
 at or near line 23884
 Device model XI1:X_072_:X0:SKY130_FD_PR__NFET_01V8__MODEL.89: Model card
 specifies BSIM4 version 4.5 which is older than the oldest version supported
 in Xyce (4.6.1).  Using oldest version available.
 
Netlist warning in file
 /home/alex/miniconda3/share/pdk/sky130A/libs.tech/ngspice/corners/../../../libs.ref/sky130_fd_pr/spice/sky130_fd_pr__nfet_01v8__tt.pm3.spice
 at or near line 23884
 Device model XI1:X_072_:X0:SKY130_FD_PR__NFET_01V8__MODEL.89: Given pbswgd is
 less than 0.1. Pbswgd is set to 0.1
Netlist warning in file
 /home/alex/miniconda3/share/pdk/sky130A/libs.tech/ngspice/corners/../../../libs.ref/sky130_fd_pr/spice/sky130_fd_pr__pfet_01v8_hvt__tt.pm3.spice
 at or near line 21474
 Device model XI1:X_072_:X1:SKY130_FD_PR__PFET_01V8_HVT__MODEL.80: Model card
 specifies BSIM4 version 4.5 which is older than the oldest version supported
 in Xyce (4.6.1).  Using oldest version available.
 
Netlist warning in file
 /home/alex/miniconda3/share/pdk/sky130A/libs.tech/ngspice/corners/../../../libs.ref/sky130_fd_pr/spice/sky130_fd_pr__pfet_01v8_hvt__tt.pm3.spice
 at or near line 21474
 Device model XI1:X_072_:X1:SKY130_FD_PR__PFET_01V8_HVT__MODEL.80: Given
 pbswgd is less than 0.1. Pbswgd is set to 0.1
Netlist warning in file
 /home/alex/miniconda3/share/pdk/sky130A/libs.tech/ngspice/corners/../../../libs.ref/sky130_fd_pr/spice/sky130_fd_pr__nfet_01v8__tt.pm3.spice
 at or near line 23884
 Device model XI1:X_073_:X0:SKY130_FD_PR__NFET_01V8__MODEL.89: Model card
 specifies BSIM4 version 4.5 which is older than the oldest version supported
 in Xyce (4.6.1).  Using oldest version available.
 
Netlist warning in file
 /home/alex/miniconda3/share/pdk/sky130A/libs.tech/ngspice/corners/../../../libs.ref/sky130_fd_pr/spice/sky130_fd_pr__nfet_01v8__tt.pm3.spice
 at or near line 23884
 Device model XI1:X_073_:X0:SKY130_FD_PR__NFET_01V8__MODEL.89: Given pbswgd is
 less than 0.1. Pbswgd is set to 0.1
Netlist warning in file
 /home/alex/miniconda3/share/pdk/sky130A/libs.tech/ngspice/corners/../../../libs.ref/sky130_fd_pr/spice/sky130_fd_pr__pfet_01v8_hvt__tt.pm3.spice
 at or near line 21474
 Device model XI1:X_073_:X1:SKY130_FD_PR__PFET_01V8_HVT__MODEL.80: Model card
 specifies BSIM4 version 4.5 which is older than the oldest version supported
 in Xyce (4.6.1).  Using oldest version available.
 
Netlist warning in file
 /home/alex/miniconda3/share/pdk/sky130A/libs.tech/ngspice/corners/../../../libs.ref/sky130_fd_pr/spice/sky130_fd_pr__pfet_01v8_hvt__tt.pm3.spice
 at or near line 21474
 Device model XI1:X_073_:X1:SKY130_FD_PR__PFET_01V8_HVT__MODEL.80: Given
 pbswgd is less than 0.1. Pbswgd is set to 0.1
Netlist warning in file
 /home/alex/miniconda3/share/pdk/sky130A/libs.tech/ngspice/corners/../../../libs.ref/sky130_fd_pr/spice/sky130_fd_pr__nfet_01v8__tt.pm3.spice
 at or near line 23884
 Device model XI1:X_074_:X0:SKY130_FD_PR__NFET_01V8__MODEL.89: Model card
 specifies BSIM4 version 4.5 which is older than the oldest version supported
 in Xyce (4.6.1).  Using oldest version available.
 
Netlist warning in file
 /home/alex/miniconda3/share/pdk/sky130A/libs.tech/ngspice/corners/../../../libs.ref/sky130_fd_pr/spice/sky130_fd_pr__nfet_01v8__tt.pm3.spice
 at or near line 23884
 Device model XI1:X_074_:X0:SKY130_FD_PR__NFET_01V8__MODEL.89: Given pbswgd is
 less than 0.1. Pbswgd is set to 0.1
Netlist warning in file
 /home/alex/miniconda3/share/pdk/sky130A/libs.tech/ngspice/corners/../../../libs.ref/sky130_fd_pr/spice/sky130_fd_pr__pfet_01v8_hvt__tt.pm3.spice
 at or near line 21474
 Device model XI1:X_074_:X1:SKY130_FD_PR__PFET_01V8_HVT__MODEL.80: Model card
 specifies BSIM4 version 4.5 which is older than the oldest version supported
 in Xyce (4.6.1).  Using oldest version available.
 
Netlist warning in file
 /home/alex/miniconda3/share/pdk/sky130A/libs.tech/ngspice/corners/../../../libs.ref/sky130_fd_pr/spice/sky130_fd_pr__pfet_01v8_hvt__tt.pm3.spice
 at or near line 21474
 Device model XI1:X_074_:X1:SKY130_FD_PR__PFET_01V8_HVT__MODEL.80: Given
 pbswgd is less than 0.1. Pbswgd is set to 0.1
Netlist warning in file
 /home/alex/miniconda3/share/pdk/sky130A/libs.tech/ngspice/corners/../../../libs.ref/sky130_fd_pr/spice/sky130_fd_pr__nfet_01v8__tt.pm3.spice
 at or near line 23884
 Device model XI1:X_075_:X0:SKY130_FD_PR__NFET_01V8__MODEL.89: Model card
 specifies BSIM4 version 4.5 which is older than the oldest version supported
 in Xyce (4.6.1).  Using oldest version available.
 
Netlist warning in file
 /home/alex/miniconda3/share/pdk/sky130A/libs.tech/ngspice/corners/../../../libs.ref/sky130_fd_pr/spice/sky130_fd_pr__nfet_01v8__tt.pm3.spice
 at or near line 23884
 Device model XI1:X_075_:X0:SKY130_FD_PR__NFET_01V8__MODEL.89: Given pbswgd is
 less than 0.1. Pbswgd is set to 0.1
Netlist warning in file
 /home/alex/miniconda3/share/pdk/sky130A/libs.tech/ngspice/corners/../../../libs.ref/sky130_fd_pr/spice/sky130_fd_pr__pfet_01v8_hvt__tt.pm3.spice
 at or near line 21474
 Device model XI1:X_075_:X1:SKY130_FD_PR__PFET_01V8_HVT__MODEL.80: Model card
 specifies BSIM4 version 4.5 which is older than the oldest version supported
 in Xyce (4.6.1).  Using oldest version available.
 
Netlist warning in file
 /home/alex/miniconda3/share/pdk/sky130A/libs.tech/ngspice/corners/../../../libs.ref/sky130_fd_pr/spice/sky130_fd_pr__pfet_01v8_hvt__tt.pm3.spice
 at or near line 21474
 Device model XI1:X_075_:X1:SKY130_FD_PR__PFET_01V8_HVT__MODEL.80: Given
 pbswgd is less than 0.1. Pbswgd is set to 0.1
Netlist warning in file
 /home/alex/miniconda3/share/pdk/sky130A/libs.tech/ngspice/corners/../../../libs.ref/sky130_fd_pr/spice/sky130_fd_pr__nfet_01v8__tt.pm3.spice
 at or near line 23884
 Device model XI1:X_076_:X0:SKY130_FD_PR__NFET_01V8__MODEL.89: Model card
 specifies BSIM4 version 4.5 which is older than the oldest version supported
 in Xyce (4.6.1).  Using oldest version available.
 
Netlist warning in file
 /home/alex/miniconda3/share/pdk/sky130A/libs.tech/ngspice/corners/../../../libs.ref/sky130_fd_pr/spice/sky130_fd_pr__nfet_01v8__tt.pm3.spice
 at or near line 23884
 Device model XI1:X_076_:X0:SKY130_FD_PR__NFET_01V8__MODEL.89: Given pbswgd is
 less than 0.1. Pbswgd is set to 0.1
Netlist warning in file
 /home/alex/miniconda3/share/pdk/sky130A/libs.tech/ngspice/corners/../../../libs.ref/sky130_fd_pr/spice/sky130_fd_pr__pfet_01v8_hvt__tt.pm3.spice
 at or near line 21474
 Device model XI1:X_076_:X1:SKY130_FD_PR__PFET_01V8_HVT__MODEL.80: Model card
 specifies BSIM4 version 4.5 which is older than the oldest version supported
 in Xyce (4.6.1).  Using oldest version available.
 
Netlist warning in file
 /home/alex/miniconda3/share/pdk/sky130A/libs.tech/ngspice/corners/../../../libs.ref/sky130_fd_pr/spice/sky130_fd_pr__pfet_01v8_hvt__tt.pm3.spice
 at or near line 21474
 Device model XI1:X_076_:X1:SKY130_FD_PR__PFET_01V8_HVT__MODEL.80: Given
 pbswgd is less than 0.1. Pbswgd is set to 0.1
Netlist warning in file
 /home/alex/miniconda3/share/pdk/sky130A/libs.tech/ngspice/corners/../../../libs.ref/sky130_fd_pr/spice/sky130_fd_pr__nfet_01v8__tt.pm3.spice
 at or near line 23884
 Device model XI1:X_077_:X0:SKY130_FD_PR__NFET_01V8__MODEL.89: Model card
 specifies BSIM4 version 4.5 which is older than the oldest version supported
 in Xyce (4.6.1).  Using oldest version available.
 
Netlist warning in file
 /home/alex/miniconda3/share/pdk/sky130A/libs.tech/ngspice/corners/../../../libs.ref/sky130_fd_pr/spice/sky130_fd_pr__nfet_01v8__tt.pm3.spice
 at or near line 23884
 Device model XI1:X_077_:X0:SKY130_FD_PR__NFET_01V8__MODEL.89: Given pbswgd is
 less than 0.1. Pbswgd is set to 0.1
Netlist warning in file
 /home/alex/miniconda3/share/pdk/sky130A/libs.tech/ngspice/corners/../../../libs.ref/sky130_fd_pr/spice/sky130_fd_pr__pfet_01v8_hvt__tt.pm3.spice
 at or near line 21474
 Device model XI1:X_077_:X1:SKY130_FD_PR__PFET_01V8_HVT__MODEL.80: Model card
 specifies BSIM4 version 4.5 which is older than the oldest version supported
 in Xyce (4.6.1).  Using oldest version available.
 
Netlist warning in file
 /home/alex/miniconda3/share/pdk/sky130A/libs.tech/ngspice/corners/../../../libs.ref/sky130_fd_pr/spice/sky130_fd_pr__pfet_01v8_hvt__tt.pm3.spice
 at or near line 21474
 Device model XI1:X_077_:X1:SKY130_FD_PR__PFET_01V8_HVT__MODEL.80: Given
 pbswgd is less than 0.1. Pbswgd is set to 0.1
Netlist warning in file
 /home/alex/miniconda3/share/pdk/sky130A/libs.tech/ngspice/corners/../../../libs.ref/sky130_fd_pr/spice/sky130_fd_pr__nfet_01v8__tt.pm3.spice
 at or near line 23884
 Device model XI1:X_078_:X0:SKY130_FD_PR__NFET_01V8__MODEL.89: Model card
 specifies BSIM4 version 4.5 which is older than the oldest version supported
 in Xyce (4.6.1).  Using oldest version available.
 
Netlist warning in file
 /home/alex/miniconda3/share/pdk/sky130A/libs.tech/ngspice/corners/../../../libs.ref/sky130_fd_pr/spice/sky130_fd_pr__nfet_01v8__tt.pm3.spice
 at or near line 23884
 Device model XI1:X_078_:X0:SKY130_FD_PR__NFET_01V8__MODEL.89: Given pbswgd is
 less than 0.1. Pbswgd is set to 0.1
Netlist warning in file
 /home/alex/miniconda3/share/pdk/sky130A/libs.tech/ngspice/corners/../../../libs.ref/sky130_fd_pr/spice/sky130_fd_pr__pfet_01v8_hvt__tt.pm3.spice
 at or near line 21474
 Device model XI1:X_078_:X1:SKY130_FD_PR__PFET_01V8_HVT__MODEL.80: Model card
 specifies BSIM4 version 4.5 which is older than the oldest version supported
 in Xyce (4.6.1).  Using oldest version available.
 
Netlist warning in file
 /home/alex/miniconda3/share/pdk/sky130A/libs.tech/ngspice/corners/../../../libs.ref/sky130_fd_pr/spice/sky130_fd_pr__pfet_01v8_hvt__tt.pm3.spice
 at or near line 21474
 Device model XI1:X_078_:X1:SKY130_FD_PR__PFET_01V8_HVT__MODEL.80: Given
 pbswgd is less than 0.1. Pbswgd is set to 0.1
Netlist warning in file
 /home/alex/miniconda3/share/pdk/sky130A/libs.tech/ngspice/corners/../../../libs.ref/sky130_fd_pr/spice/sky130_fd_pr__nfet_01v8__tt.pm3.spice
 at or near line 23884
 Device model XI1:X_079_:X0:SKY130_FD_PR__NFET_01V8__MODEL.89: Model card
 specifies BSIM4 version 4.5 which is older than the oldest version supported
 in Xyce (4.6.1).  Using oldest version available.
 
Netlist warning in file
 /home/alex/miniconda3/share/pdk/sky130A/libs.tech/ngspice/corners/../../../libs.ref/sky130_fd_pr/spice/sky130_fd_pr__nfet_01v8__tt.pm3.spice
 at or near line 23884
 Device model XI1:X_079_:X0:SKY130_FD_PR__NFET_01V8__MODEL.89: Given pbswgd is
 less than 0.1. Pbswgd is set to 0.1
Netlist warning in file
 /home/alex/miniconda3/share/pdk/sky130A/libs.tech/ngspice/corners/../../../libs.ref/sky130_fd_pr/spice/sky130_fd_pr__pfet_01v8_hvt__tt.pm3.spice
 at or near line 21474
 Device model XI1:X_079_:X1:SKY130_FD_PR__PFET_01V8_HVT__MODEL.80: Model card
 specifies BSIM4 version 4.5 which is older than the oldest version supported
 in Xyce (4.6.1).  Using oldest version available.
 
Netlist warning in file
 /home/alex/miniconda3/share/pdk/sky130A/libs.tech/ngspice/corners/../../../libs.ref/sky130_fd_pr/spice/sky130_fd_pr__pfet_01v8_hvt__tt.pm3.spice
 at or near line 21474
 Device model XI1:X_079_:X1:SKY130_FD_PR__PFET_01V8_HVT__MODEL.80: Given
 pbswgd is less than 0.1. Pbswgd is set to 0.1
Netlist warning in file
 /home/alex/miniconda3/share/pdk/sky130A/libs.tech/ngspice/corners/../../../libs.ref/sky130_fd_pr/spice/sky130_fd_pr__nfet_01v8__tt.pm3.spice
 at or near line 23884
 Device model XI1:X_080_:X0:SKY130_FD_PR__NFET_01V8__MODEL.89: Model card
 specifies BSIM4 version 4.5 which is older than the oldest version supported
 in Xyce (4.6.1).  Using oldest version available.
 
Netlist warning in file
 /home/alex/miniconda3/share/pdk/sky130A/libs.tech/ngspice/corners/../../../libs.ref/sky130_fd_pr/spice/sky130_fd_pr__nfet_01v8__tt.pm3.spice
 at or near line 23884
 Device model XI1:X_080_:X0:SKY130_FD_PR__NFET_01V8__MODEL.89: Given pbswgd is
 less than 0.1. Pbswgd is set to 0.1
Netlist warning in file
 /home/alex/miniconda3/share/pdk/sky130A/libs.tech/ngspice/corners/../../../libs.ref/sky130_fd_pr/spice/sky130_fd_pr__pfet_01v8_hvt__tt.pm3.spice
 at or near line 21474
 Device model XI1:X_080_:X1:SKY130_FD_PR__PFET_01V8_HVT__MODEL.80: Model card
 specifies BSIM4 version 4.5 which is older than the oldest version supported
 in Xyce (4.6.1).  Using oldest version available.
 
Netlist warning in file
 /home/alex/miniconda3/share/pdk/sky130A/libs.tech/ngspice/corners/../../../libs.ref/sky130_fd_pr/spice/sky130_fd_pr__pfet_01v8_hvt__tt.pm3.spice
 at or near line 21474
 Device model XI1:X_080_:X1:SKY130_FD_PR__PFET_01V8_HVT__MODEL.80: Given
 pbswgd is less than 0.1. Pbswgd is set to 0.1
Netlist warning in file
 /home/alex/miniconda3/share/pdk/sky130A/libs.tech/ngspice/corners/../../../libs.ref/sky130_fd_pr/spice/sky130_fd_pr__nfet_01v8__tt.pm3.spice
 at or near line 23884
 Device model XI1:X_081_:X0:SKY130_FD_PR__NFET_01V8__MODEL.89: Model card
 specifies BSIM4 version 4.5 which is older than the oldest version supported
 in Xyce (4.6.1).  Using oldest version available.
 
Netlist warning in file
 /home/alex/miniconda3/share/pdk/sky130A/libs.tech/ngspice/corners/../../../libs.ref/sky130_fd_pr/spice/sky130_fd_pr__nfet_01v8__tt.pm3.spice
 at or near line 23884
 Device model XI1:X_081_:X0:SKY130_FD_PR__NFET_01V8__MODEL.89: Given pbswgd is
 less than 0.1. Pbswgd is set to 0.1
Netlist warning in file
 /home/alex/miniconda3/share/pdk/sky130A/libs.tech/ngspice/corners/../../../libs.ref/sky130_fd_pr/spice/sky130_fd_pr__pfet_01v8_hvt__tt.pm3.spice
 at or near line 21474
 Device model XI1:X_081_:X1:SKY130_FD_PR__PFET_01V8_HVT__MODEL.80: Model card
 specifies BSIM4 version 4.5 which is older than the oldest version supported
 in Xyce (4.6.1).  Using oldest version available.
 
Netlist warning in file
 /home/alex/miniconda3/share/pdk/sky130A/libs.tech/ngspice/corners/../../../libs.ref/sky130_fd_pr/spice/sky130_fd_pr__pfet_01v8_hvt__tt.pm3.spice
 at or near line 21474
 Device model XI1:X_081_:X1:SKY130_FD_PR__PFET_01V8_HVT__MODEL.80: Given
 pbswgd is less than 0.1. Pbswgd is set to 0.1
Netlist warning in file
 /home/alex/miniconda3/share/pdk/sky130A/libs.tech/ngspice/corners/../../../libs.ref/sky130_fd_pr/spice/sky130_fd_pr__nfet_01v8__tt.pm3.spice
 at or near line 23884
 Device model XI1:X_082_:X0:SKY130_FD_PR__NFET_01V8__MODEL.89: Model card
 specifies BSIM4 version 4.5 which is older than the oldest version supported
 in Xyce (4.6.1).  Using oldest version available.
 
Netlist warning in file
 /home/alex/miniconda3/share/pdk/sky130A/libs.tech/ngspice/corners/../../../libs.ref/sky130_fd_pr/spice/sky130_fd_pr__nfet_01v8__tt.pm3.spice
 at or near line 23884
 Device model XI1:X_082_:X0:SKY130_FD_PR__NFET_01V8__MODEL.89: Given pbswgd is
 less than 0.1. Pbswgd is set to 0.1
Netlist warning in file
 /home/alex/miniconda3/share/pdk/sky130A/libs.tech/ngspice/corners/../../../libs.ref/sky130_fd_pr/spice/sky130_fd_pr__pfet_01v8_hvt__tt.pm3.spice
 at or near line 21474
 Device model XI1:X_082_:X1:SKY130_FD_PR__PFET_01V8_HVT__MODEL.80: Model card
 specifies BSIM4 version 4.5 which is older than the oldest version supported
 in Xyce (4.6.1).  Using oldest version available.
 
Netlist warning in file
 /home/alex/miniconda3/share/pdk/sky130A/libs.tech/ngspice/corners/../../../libs.ref/sky130_fd_pr/spice/sky130_fd_pr__pfet_01v8_hvt__tt.pm3.spice
 at or near line 21474
 Device model XI1:X_082_:X1:SKY130_FD_PR__PFET_01V8_HVT__MODEL.80: Given
 pbswgd is less than 0.1. Pbswgd is set to 0.1
Netlist warning in file
 /home/alex/miniconda3/share/pdk/sky130A/libs.tech/ngspice/corners/../../../libs.ref/sky130_fd_pr/spice/sky130_fd_pr__nfet_01v8__tt.pm3.spice
 at or near line 23884
 Device model XI1:X_083_:X0:SKY130_FD_PR__NFET_01V8__MODEL.89: Model card
 specifies BSIM4 version 4.5 which is older than the oldest version supported
 in Xyce (4.6.1).  Using oldest version available.
 
Netlist warning in file
 /home/alex/miniconda3/share/pdk/sky130A/libs.tech/ngspice/corners/../../../libs.ref/sky130_fd_pr/spice/sky130_fd_pr__nfet_01v8__tt.pm3.spice
 at or near line 23884
 Device model XI1:X_083_:X0:SKY130_FD_PR__NFET_01V8__MODEL.89: Given pbswgd is
 less than 0.1. Pbswgd is set to 0.1
Netlist warning in file
 /home/alex/miniconda3/share/pdk/sky130A/libs.tech/ngspice/corners/../../../libs.ref/sky130_fd_pr/spice/sky130_fd_pr__pfet_01v8_hvt__tt.pm3.spice
 at or near line 21474
 Device model XI1:X_083_:X1:SKY130_FD_PR__PFET_01V8_HVT__MODEL.80: Model card
 specifies BSIM4 version 4.5 which is older than the oldest version supported
 in Xyce (4.6.1).  Using oldest version available.
 
Netlist warning in file
 /home/alex/miniconda3/share/pdk/sky130A/libs.tech/ngspice/corners/../../../libs.ref/sky130_fd_pr/spice/sky130_fd_pr__pfet_01v8_hvt__tt.pm3.spice
 at or near line 21474
 Device model XI1:X_083_:X1:SKY130_FD_PR__PFET_01V8_HVT__MODEL.80: Given
 pbswgd is less than 0.1. Pbswgd is set to 0.1
Netlist warning in file
 /home/alex/miniconda3/share/pdk/sky130A/libs.tech/ngspice/corners/../../../libs.ref/sky130_fd_pr/spice/sky130_fd_pr__pfet_01v8_hvt__tt.pm3.spice
 at or near line 21474
 Device model XI1:X_093_:X0:SKY130_FD_PR__PFET_01V8_HVT__MODEL.80: Model card
 specifies BSIM4 version 4.5 which is older than the oldest version supported
 in Xyce (4.6.1).  Using oldest version available.
 
Netlist warning in file
 /home/alex/miniconda3/share/pdk/sky130A/libs.tech/ngspice/corners/../../../libs.ref/sky130_fd_pr/spice/sky130_fd_pr__pfet_01v8_hvt__tt.pm3.spice
 at or near line 21474
 Device model XI1:X_093_:X0:SKY130_FD_PR__PFET_01V8_HVT__MODEL.80: Given
 pbswgd is less than 0.1. Pbswgd is set to 0.1
Netlist warning in file
 /home/alex/miniconda3/share/pdk/sky130A/libs.tech/ngspice/corners/../../../libs.ref/sky130_fd_pr/spice/sky130_fd_pr__pfet_01v8_hvt__tt.pm3.spice
 at or near line 21474
 Device model XI1:X_093_:X1:SKY130_FD_PR__PFET_01V8_HVT__MODEL.80: Model card
 specifies BSIM4 version 4.5 which is older than the oldest version supported
 in Xyce (4.6.1).  Using oldest version available.
 
Netlist warning in file
 /home/alex/miniconda3/share/pdk/sky130A/libs.tech/ngspice/corners/../../../libs.ref/sky130_fd_pr/spice/sky130_fd_pr__pfet_01v8_hvt__tt.pm3.spice
 at or near line 21474
 Device model XI1:X_093_:X1:SKY130_FD_PR__PFET_01V8_HVT__MODEL.80: Given
 pbswgd is less than 0.1. Pbswgd is set to 0.1
Netlist warning in file
 /home/alex/miniconda3/share/pdk/sky130A/libs.tech/ngspice/corners/../../../libs.ref/sky130_fd_pr/spice/sky130_fd_pr__nfet_01v8__tt.pm3.spice
 at or near line 23884
 Device model XI1:X_093_:X2:SKY130_FD_PR__NFET_01V8__MODEL.89: Model card
 specifies BSIM4 version 4.5 which is older than the oldest version supported
 in Xyce (4.6.1).  Using oldest version available.
 
Netlist warning in file
 /home/alex/miniconda3/share/pdk/sky130A/libs.tech/ngspice/corners/../../../libs.ref/sky130_fd_pr/spice/sky130_fd_pr__nfet_01v8__tt.pm3.spice
 at or near line 23884
 Device model XI1:X_093_:X2:SKY130_FD_PR__NFET_01V8__MODEL.89: Given pbswgd is
 less than 0.1. Pbswgd is set to 0.1
Netlist warning in file
 /home/alex/miniconda3/share/pdk/sky130A/libs.tech/ngspice/corners/../../../libs.ref/sky130_fd_pr/spice/sky130_fd_pr__nfet_01v8__tt.pm3.spice
 at or near line 23884
 Device model XI1:X_093_:X3:SKY130_FD_PR__NFET_01V8__MODEL.89: Model card
 specifies BSIM4 version 4.5 which is older than the oldest version supported
 in Xyce (4.6.1).  Using oldest version available.
 
Netlist warning in file
 /home/alex/miniconda3/share/pdk/sky130A/libs.tech/ngspice/corners/../../../libs.ref/sky130_fd_pr/spice/sky130_fd_pr__nfet_01v8__tt.pm3.spice
 at or near line 23884
 Device model XI1:X_093_:X3:SKY130_FD_PR__NFET_01V8__MODEL.89: Given pbswgd is
 less than 0.1. Pbswgd is set to 0.1
Netlist warning in file
 /home/alex/miniconda3/share/pdk/sky130A/libs.tech/ngspice/corners/../../../libs.ref/sky130_fd_pr/spice/sky130_fd_pr__nfet_01v8__tt.pm3.spice
 at or near line 23884
 Device model XI1:X_104_:X0:SKY130_FD_PR__NFET_01V8__MODEL.89: Model card
 specifies BSIM4 version 4.5 which is older than the oldest version supported
 in Xyce (4.6.1).  Using oldest version available.
 
Netlist warning in file
 /home/alex/miniconda3/share/pdk/sky130A/libs.tech/ngspice/corners/../../../libs.ref/sky130_fd_pr/spice/sky130_fd_pr__nfet_01v8__tt.pm3.spice
 at or near line 23884
 Device model XI1:X_104_:X0:SKY130_FD_PR__NFET_01V8__MODEL.89: Given pbswgd is
 less than 0.1. Pbswgd is set to 0.1
Netlist warning in file
 /home/alex/miniconda3/share/pdk/sky130A/libs.tech/ngspice/corners/../../../libs.ref/sky130_fd_pr/spice/sky130_fd_pr__pfet_01v8_hvt__tt.pm3.spice
 at or near line 21474
 Device model XI1:X_104_:X1:SKY130_FD_PR__PFET_01V8_HVT__MODEL.80: Model card
 specifies BSIM4 version 4.5 which is older than the oldest version supported
 in Xyce (4.6.1).  Using oldest version available.
 
Netlist warning in file
 /home/alex/miniconda3/share/pdk/sky130A/libs.tech/ngspice/corners/../../../libs.ref/sky130_fd_pr/spice/sky130_fd_pr__pfet_01v8_hvt__tt.pm3.spice
 at or near line 21474
 Device model XI1:X_104_:X1:SKY130_FD_PR__PFET_01V8_HVT__MODEL.80: Given
 pbswgd is less than 0.1. Pbswgd is set to 0.1
Netlist warning in file
 /home/alex/miniconda3/share/pdk/sky130A/libs.tech/ngspice/corners/../../../libs.ref/sky130_fd_pr/spice/sky130_fd_pr__nfet_01v8__tt.pm3.spice
 at or near line 23884
 Device model XI1:X_108_:X0:SKY130_FD_PR__NFET_01V8__MODEL.89: Model card
 specifies BSIM4 version 4.5 which is older than the oldest version supported
 in Xyce (4.6.1).  Using oldest version available.
 
Netlist warning in file
 /home/alex/miniconda3/share/pdk/sky130A/libs.tech/ngspice/corners/../../../libs.ref/sky130_fd_pr/spice/sky130_fd_pr__nfet_01v8__tt.pm3.spice
 at or near line 23884
 Device model XI1:X_108_:X0:SKY130_FD_PR__NFET_01V8__MODEL.89: Given pbswgd is
 less than 0.1. Pbswgd is set to 0.1
Netlist warning in file
 /home/alex/miniconda3/share/pdk/sky130A/libs.tech/ngspice/corners/../../../libs.ref/sky130_fd_pr/spice/sky130_fd_pr__pfet_01v8_hvt__tt.pm3.spice
 at or near line 21474
 Device model XI1:X_108_:X1:SKY130_FD_PR__PFET_01V8_HVT__MODEL.80: Model card
 specifies BSIM4 version 4.5 which is older than the oldest version supported
 in Xyce (4.6.1).  Using oldest version available.
 
Netlist warning in file
 /home/alex/miniconda3/share/pdk/sky130A/libs.tech/ngspice/corners/../../../libs.ref/sky130_fd_pr/spice/sky130_fd_pr__pfet_01v8_hvt__tt.pm3.spice
 at or near line 21474
 Device model XI1:X_108_:X1:SKY130_FD_PR__PFET_01V8_HVT__MODEL.80: Given
 pbswgd is less than 0.1. Pbswgd is set to 0.1
Netlist warning in file
 /home/alex/miniconda3/share/pdk/sky130A/libs.tech/ngspice/corners/../../../libs.ref/sky130_fd_pr/spice/sky130_fd_pr__nfet_01v8__tt.pm3.spice
 at or near line 23884
 Device model XI1:X_110_:X0:SKY130_FD_PR__NFET_01V8__MODEL.89: Model card
 specifies BSIM4 version 4.5 which is older than the oldest version supported
 in Xyce (4.6.1).  Using oldest version available.
 
Netlist warning in file
 /home/alex/miniconda3/share/pdk/sky130A/libs.tech/ngspice/corners/../../../libs.ref/sky130_fd_pr/spice/sky130_fd_pr__nfet_01v8__tt.pm3.spice
 at or near line 23884
 Device model XI1:X_110_:X0:SKY130_FD_PR__NFET_01V8__MODEL.89: Given pbswgd is
 less than 0.1. Pbswgd is set to 0.1
Netlist warning in file
 /home/alex/miniconda3/share/pdk/sky130A/libs.tech/ngspice/corners/../../../libs.ref/sky130_fd_pr/spice/sky130_fd_pr__pfet_01v8_hvt__tt.pm3.spice
 at or near line 21474
 Device model XI1:X_110_:X1:SKY130_FD_PR__PFET_01V8_HVT__MODEL.80: Model card
 specifies BSIM4 version 4.5 which is older than the oldest version supported
 in Xyce (4.6.1).  Using oldest version available.
 
Netlist warning in file
 /home/alex/miniconda3/share/pdk/sky130A/libs.tech/ngspice/corners/../../../libs.ref/sky130_fd_pr/spice/sky130_fd_pr__pfet_01v8_hvt__tt.pm3.spice
 at or near line 21474
 Device model XI1:X_110_:X1:SKY130_FD_PR__PFET_01V8_HVT__MODEL.80: Given
 pbswgd is less than 0.1. Pbswgd is set to 0.1
Netlist warning in file
 /home/alex/miniconda3/share/pdk/sky130A/libs.tech/ngspice/corners/../../../libs.ref/sky130_fd_pr/spice/sky130_fd_pr__nfet_01v8__tt.pm3.spice
 at or near line 23884
 Device model XI1:X_112_:X0:SKY130_FD_PR__NFET_01V8__MODEL.89: Model card
 specifies BSIM4 version 4.5 which is older than the oldest version supported
 in Xyce (4.6.1).  Using oldest version available.
 
Netlist warning in file
 /home/alex/miniconda3/share/pdk/sky130A/libs.tech/ngspice/corners/../../../libs.ref/sky130_fd_pr/spice/sky130_fd_pr__nfet_01v8__tt.pm3.spice
 at or near line 23884
 Device model XI1:X_112_:X0:SKY130_FD_PR__NFET_01V8__MODEL.89: Given pbswgd is
 less than 0.1. Pbswgd is set to 0.1
Netlist warning in file
 /home/alex/miniconda3/share/pdk/sky130A/libs.tech/ngspice/corners/../../../libs.ref/sky130_fd_pr/spice/sky130_fd_pr__pfet_01v8_hvt__tt.pm3.spice
 at or near line 21474
 Device model XI1:X_112_:X1:SKY130_FD_PR__PFET_01V8_HVT__MODEL.80: Model card
 specifies BSIM4 version 4.5 which is older than the oldest version supported
 in Xyce (4.6.1).  Using oldest version available.
 
Netlist warning in file
 /home/alex/miniconda3/share/pdk/sky130A/libs.tech/ngspice/corners/../../../libs.ref/sky130_fd_pr/spice/sky130_fd_pr__pfet_01v8_hvt__tt.pm3.spice
 at or near line 21474
 Device model XI1:X_112_:X1:SKY130_FD_PR__PFET_01V8_HVT__MODEL.80: Given
 pbswgd is less than 0.1. Pbswgd is set to 0.1
Netlist warning in file
 /home/alex/miniconda3/share/pdk/sky130A/libs.tech/ngspice/corners/../../../libs.ref/sky130_fd_pr/spice/sky130_fd_pr__nfet_01v8__tt.pm3.spice
 at or near line 23884
 Device model XI1:X_114_:X0:SKY130_FD_PR__NFET_01V8__MODEL.89: Model card
 specifies BSIM4 version 4.5 which is older than the oldest version supported
 in Xyce (4.6.1).  Using oldest version available.
 
Netlist warning in file
 /home/alex/miniconda3/share/pdk/sky130A/libs.tech/ngspice/corners/../../../libs.ref/sky130_fd_pr/spice/sky130_fd_pr__nfet_01v8__tt.pm3.spice
 at or near line 23884
 Device model XI1:X_114_:X0:SKY130_FD_PR__NFET_01V8__MODEL.89: Given pbswgd is
 less than 0.1. Pbswgd is set to 0.1
Netlist warning in file
 /home/alex/miniconda3/share/pdk/sky130A/libs.tech/ngspice/corners/../../../libs.ref/sky130_fd_pr/spice/sky130_fd_pr__pfet_01v8_hvt__tt.pm3.spice
 at or near line 21474
 Device model XI1:X_114_:X1:SKY130_FD_PR__PFET_01V8_HVT__MODEL.80: Model card
 specifies BSIM4 version 4.5 which is older than the oldest version supported
 in Xyce (4.6.1).  Using oldest version available.
 
Netlist warning in file
 /home/alex/miniconda3/share/pdk/sky130A/libs.tech/ngspice/corners/../../../libs.ref/sky130_fd_pr/spice/sky130_fd_pr__pfet_01v8_hvt__tt.pm3.spice
 at or near line 21474
 Device model XI1:X_114_:X1:SKY130_FD_PR__PFET_01V8_HVT__MODEL.80: Given
 pbswgd is less than 0.1. Pbswgd is set to 0.1
Netlist warning in file
 /home/alex/miniconda3/share/pdk/sky130A/libs.tech/ngspice/corners/../../../libs.ref/sky130_fd_pr/spice/sky130_fd_pr__nfet_01v8__tt.pm3.spice
 at or near line 23884
 Device model XI1:X_116_:X0:SKY130_FD_PR__NFET_01V8__MODEL.89: Model card
 specifies BSIM4 version 4.5 which is older than the oldest version supported
 in Xyce (4.6.1).  Using oldest version available.
 
Netlist warning in file
 /home/alex/miniconda3/share/pdk/sky130A/libs.tech/ngspice/corners/../../../libs.ref/sky130_fd_pr/spice/sky130_fd_pr__nfet_01v8__tt.pm3.spice
 at or near line 23884
 Device model XI1:X_116_:X0:SKY130_FD_PR__NFET_01V8__MODEL.89: Given pbswgd is
 less than 0.1. Pbswgd is set to 0.1
Netlist warning in file
 /home/alex/miniconda3/share/pdk/sky130A/libs.tech/ngspice/corners/../../../libs.ref/sky130_fd_pr/spice/sky130_fd_pr__pfet_01v8_hvt__tt.pm3.spice
 at or near line 21474
 Device model XI1:X_116_:X1:SKY130_FD_PR__PFET_01V8_HVT__MODEL.80: Model card
 specifies BSIM4 version 4.5 which is older than the oldest version supported
 in Xyce (4.6.1).  Using oldest version available.
 
Netlist warning in file
 /home/alex/miniconda3/share/pdk/sky130A/libs.tech/ngspice/corners/../../../libs.ref/sky130_fd_pr/spice/sky130_fd_pr__pfet_01v8_hvt__tt.pm3.spice
 at or near line 21474
 Device model XI1:X_116_:X1:SKY130_FD_PR__PFET_01V8_HVT__MODEL.80: Given
 pbswgd is less than 0.1. Pbswgd is set to 0.1
Netlist warning in file
 /home/alex/miniconda3/share/pdk/sky130A/libs.tech/ngspice/corners/../../../libs.ref/sky130_fd_pr/spice/sky130_fd_pr__nfet_01v8__tt.pm3.spice
 at or near line 23884
 Device model XI1:X_118_:X0:SKY130_FD_PR__NFET_01V8__MODEL.89: Model card
 specifies BSIM4 version 4.5 which is older than the oldest version supported
 in Xyce (4.6.1).  Using oldest version available.
 
Netlist warning in file
 /home/alex/miniconda3/share/pdk/sky130A/libs.tech/ngspice/corners/../../../libs.ref/sky130_fd_pr/spice/sky130_fd_pr__nfet_01v8__tt.pm3.spice
 at or near line 23884
 Device model XI1:X_118_:X0:SKY130_FD_PR__NFET_01V8__MODEL.89: Given pbswgd is
 less than 0.1. Pbswgd is set to 0.1
Netlist warning in file
 /home/alex/miniconda3/share/pdk/sky130A/libs.tech/ngspice/corners/../../../libs.ref/sky130_fd_pr/spice/sky130_fd_pr__pfet_01v8_hvt__tt.pm3.spice
 at or near line 21474
 Device model XI1:X_118_:X1:SKY130_FD_PR__PFET_01V8_HVT__MODEL.80: Model card
 specifies BSIM4 version 4.5 which is older than the oldest version supported
 in Xyce (4.6.1).  Using oldest version available.
 
Netlist warning in file
 /home/alex/miniconda3/share/pdk/sky130A/libs.tech/ngspice/corners/../../../libs.ref/sky130_fd_pr/spice/sky130_fd_pr__pfet_01v8_hvt__tt.pm3.spice
 at or near line 21474
 Device model XI1:X_118_:X1:SKY130_FD_PR__PFET_01V8_HVT__MODEL.80: Given
 pbswgd is less than 0.1. Pbswgd is set to 0.1
Netlist warning in file
 /home/alex/miniconda3/share/pdk/sky130A/libs.tech/ngspice/corners/../../../libs.ref/sky130_fd_pr/spice/sky130_fd_pr__nfet_01v8__tt.pm3.spice
 at or near line 23884
 Device model XI1:X_120_:X0:SKY130_FD_PR__NFET_01V8__MODEL.89: Model card
 specifies BSIM4 version 4.5 which is older than the oldest version supported
 in Xyce (4.6.1).  Using oldest version available.
 
Netlist warning in file
 /home/alex/miniconda3/share/pdk/sky130A/libs.tech/ngspice/corners/../../../libs.ref/sky130_fd_pr/spice/sky130_fd_pr__nfet_01v8__tt.pm3.spice
 at or near line 23884
 Device model XI1:X_120_:X0:SKY130_FD_PR__NFET_01V8__MODEL.89: Given pbswgd is
 less than 0.1. Pbswgd is set to 0.1
Maximum warning count has been exceeded and will no longer be displayed
***** Setting up topology...

***** Device Count Summary ...
       C level 1 (Capacitor)                    1
       M level 14 (BSIM4)                     132
       V level 1 (Independent Voltage Source)   9
       ------------------------------------------
       Total Devices                          142
***** Setting up matrix structure...
***** Number of Unknowns = 526
***** Initializing...

***** Beginning DC Operating Point Calculation...

***** Beginning Transient Calculation...

***** Percent complete: 1.00007 %
***** Current system time: Sat Dec 24 23:19:38 2022
***** Estimated time to completion: 15 min., 58 sec.

***** Percent complete: 2.00011 %
***** Current system time: Sat Dec 24 23:19:48 2022
***** Estimated time to completion: 16 min.,  0 sec.

***** Percent complete: 3.00052 %
***** Current system time: Sat Dec 24 23:19:58 2022
***** Estimated time to completion: 16 min.,  2 sec.

***** Percent complete: 4.00054 %
***** Current system time: Sat Dec 24 23:20:08 2022
***** Estimated time to completion: 15 min., 53 sec.

***** Percent complete: 5.0008 %
***** Current system time: Sat Dec 24 23:20:18 2022
***** Estimated time to completion: 15 min., 57 sec.

***** Percent complete: 6.00176 %
***** Current system time: Sat Dec 24 23:20:28 2022
***** Estimated time to completion: 15 min., 39 sec.

***** Percent complete: 7.00222 %
***** Current system time: Sat Dec 24 23:20:38 2022
***** Estimated time to completion: 15 min., 24 sec.

***** Percent complete: 8.00342 %
***** Current system time: Sat Dec 24 23:20:48 2022
***** Estimated time to completion: 15 min., 17 sec.

***** Percent complete: 9.00374 %
***** Current system time: Sat Dec 24 23:20:57 2022
***** Estimated time to completion: 14 min., 58 sec.

***** Percent complete: 10.004 %
***** Current system time: Sat Dec 24 23:21:07 2022
***** Estimated time to completion: 14 min., 51 sec.

***** Percent complete: 11.0046 %
***** Current system time: Sat Dec 24 23:21:17 2022
***** Estimated time to completion: 14 min., 42 sec.

***** Percent complete: 12.0048 %
***** Current system time: Sat Dec 24 23:21:27 2022
***** Estimated time to completion: 14 min., 31 sec.

***** Percent complete: 13.0059 %
***** Current system time: Sat Dec 24 23:21:37 2022
***** Estimated time to completion: 14 min., 22 sec.

***** Percent complete: 14.0061 %
***** Current system time: Sat Dec 24 23:21:47 2022
***** Estimated time to completion: 14 min., 10 sec.

***** Percent complete: 15.0063 %
***** Current system time: Sat Dec 24 23:21:57 2022
***** Estimated time to completion: 14 min.,  3 sec.

***** Percent complete: 16.0068 %
***** Current system time: Sat Dec 24 23:22:07 2022
***** Estimated time to completion: 13 min., 52 sec.

***** Percent complete: 17.0078 %
***** Current system time: Sat Dec 24 23:22:16 2022
***** Estimated time to completion: 13 min., 40 sec.

***** Percent complete: 18.008 %
***** Current system time: Sat Dec 24 23:22:26 2022
***** Estimated time to completion: 13 min., 29 sec.

***** Percent complete: 19.0083 %
***** Current system time: Sat Dec 24 23:22:36 2022
***** Estimated time to completion: 13 min., 21 sec.

***** Percent complete: 20.009 %
***** Current system time: Sat Dec 24 23:22:46 2022
***** Estimated time to completion: 13 min., 11 sec.

***** Percent complete: 21.0092 %
***** Current system time: Sat Dec 24 23:22:57 2022
***** Estimated time to completion: 13 min.,  5 sec.

***** Percent complete: 22.0093 %
***** Current system time: Sat Dec 24 23:23:08 2022
***** Estimated time to completion: 12 min., 57 sec.

***** Percent complete: 23.0099 %
***** Current system time: Sat Dec 24 23:23:18 2022
***** Estimated time to completion: 12 min., 49 sec.

***** Percent complete: 24.011 %
***** Current system time: Sat Dec 24 23:23:28 2022
***** Estimated time to completion: 12 min., 39 sec.

***** Percent complete: 25.0111 %
***** Current system time: Sat Dec 24 23:23:38 2022
***** Estimated time to completion: 12 min., 29 sec.

***** Percent complete: 26.0114 %
***** Current system time: Sat Dec 24 23:23:48 2022
***** Estimated time to completion: 12 min., 18 sec.

***** Percent complete: 27.0123 %
***** Current system time: Sat Dec 24 23:23:58 2022
***** Estimated time to completion: 12 min., 10 sec.

***** Percent complete: 28.0125 %
***** Current system time: Sat Dec 24 23:24:09 2022
***** Estimated time to completion: 12 min.,  1 sec.

***** Percent complete: 29.0132 %
***** Current system time: Sat Dec 24 23:24:19 2022
***** Estimated time to completion: 11 min., 52 sec.

***** Percent complete: 30.0141 %
***** Current system time: Sat Dec 24 23:24:30 2022
***** Estimated time to completion: 11 min., 44 sec.

***** Percent complete: 31.0143 %
***** Current system time: Sat Dec 24 23:24:41 2022
***** Estimated time to completion: 11 min., 35 sec.

***** Percent complete: 32.0144 %
***** Current system time: Sat Dec 24 23:24:51 2022
***** Estimated time to completion: 11 min., 26 sec.

***** Percent complete: 33.015 %
***** Current system time: Sat Dec 24 23:25:02 2022
***** Estimated time to completion: 11 min., 16 sec.

***** Percent complete: 34.0156 %
***** Current system time: Sat Dec 24 23:25:12 2022
***** Estimated time to completion: 11 min.,  6 sec.

***** Percent complete: 35.016 %
***** Current system time: Sat Dec 24 23:25:22 2022
***** Estimated time to completion: 10 min., 57 sec.

***** Percent complete: 36.0167 %
***** Current system time: Sat Dec 24 23:25:33 2022
***** Estimated time to completion: 10 min., 48 sec.

***** Percent complete: 37.0168 %
***** Current system time: Sat Dec 24 23:25:44 2022
***** Estimated time to completion: 10 min., 39 sec.

***** Percent complete: 38.0171 %
***** Current system time: Sat Dec 24 23:25:54 2022
***** Estimated time to completion: 10 min., 29 sec.

***** Percent complete: 39.0173 %
***** Current system time: Sat Dec 24 23:26:04 2022
***** Estimated time to completion: 10 min., 19 sec.

***** Percent complete: 40.0174 %
***** Current system time: Sat Dec 24 23:26:15 2022
***** Estimated time to completion: 10 min.,  9 sec.

***** Percent complete: 41.0183 %
***** Current system time: Sat Dec 24 23:26:26 2022
***** Estimated time to completion: 10 min.,  0 sec.

***** Percent complete: 42.0185 %
***** Current system time: Sat Dec 24 23:26:36 2022
***** Estimated time to completion:  9 min., 49 sec.

***** Percent complete: 43.0192 %
***** Current system time: Sat Dec 24 23:26:46 2022
***** Estimated time to completion:  9 min., 40 sec.

***** Percent complete: 44.0199 %
***** Current system time: Sat Dec 24 23:26:55 2022
***** Estimated time to completion:  9 min., 28 sec.

***** Percent complete: 45.0201 %
***** Current system time: Sat Dec 24 23:27:05 2022
***** Estimated time to completion:  9 min., 18 sec.

***** Percent complete: 46.021 %
***** Current system time: Sat Dec 24 23:27:15 2022
***** Estimated time to completion:  9 min.,  7 sec.

***** Percent complete: 47.0217 %
***** Current system time: Sat Dec 24 23:27:24 2022
***** Estimated time to completion:  8 min., 56 sec.

***** Percent complete: 48.0219 %
***** Current system time: Sat Dec 24 23:27:33 2022
***** Estimated time to completion:  8 min., 44 sec.

***** Percent complete: 49.0223 %
***** Current system time: Sat Dec 24 23:27:42 2022
***** Estimated time to completion:  8 min., 33 sec.

***** Percent complete: 50.0225 %
***** Current system time: Sat Dec 24 23:27:51 2022
***** Estimated time to completion:  8 min., 22 sec.

***** Percent complete: 51.0233 %
***** Current system time: Sat Dec 24 23:28:01 2022
***** Estimated time to completion:  8 min., 12 sec.

***** Percent complete: 52.0237 %
***** Current system time: Sat Dec 24 23:28:09 2022
***** Estimated time to completion:  8 min.,  0 sec.

***** Percent complete: 53.0245 %
***** Current system time: Sat Dec 24 23:28:17 2022
***** Estimated time to completion:  7 min., 48 sec.

***** Percent complete: 54.0247 %
***** Current system time: Sat Dec 24 23:28:25 2022
***** Estimated time to completion:  7 min., 36 sec.

***** Percent complete: 55.026 %
***** Current system time: Sat Dec 24 23:28:33 2022
***** Estimated time to completion:  7 min., 25 sec.

***** Percent complete: 56.0269 %
***** Current system time: Sat Dec 24 23:28:41 2022
***** Estimated time to completion:  7 min., 13 sec.

***** Percent complete: 57.0274 %
***** Current system time: Sat Dec 24 23:28:48 2022
***** Estimated time to completion:  7 min.,  2 sec.

***** Percent complete: 58.0281 %
***** Current system time: Sat Dec 24 23:28:56 2022
***** Estimated time to completion:  6 min., 51 sec.

***** Percent complete: 59.0287 %
***** Current system time: Sat Dec 24 23:29:03 2022
***** Estimated time to completion:  6 min., 38 sec.

***** Percent complete: 60.0287 %
***** Current system time: Sat Dec 24 23:29:09 2022
***** Estimated time to completion:  6 min., 27 sec.

***** Percent complete: 61.0298 %
***** Current system time: Sat Dec 24 23:29:16 2022
***** Estimated time to completion:  6 min., 15 sec.

***** Percent complete: 62.03 %
***** Current system time: Sat Dec 24 23:29:22 2022
***** Estimated time to completion:  6 min.,  3 sec.

***** Percent complete: 63.0308 %
***** Current system time: Sat Dec 24 23:29:29 2022
***** Estimated time to completion:  5 min., 52 sec.

***** Percent complete: 64.0311 %
***** Current system time: Sat Dec 24 23:29:36 2022
***** Estimated time to completion:  5 min., 41 sec.

***** Percent complete: 65.0312 %
***** Current system time: Sat Dec 24 23:29:43 2022
***** Estimated time to completion:  5 min., 30 sec.

***** Percent complete: 66.0317 %
***** Current system time: Sat Dec 24 23:29:50 2022
***** Estimated time to completion:  5 min., 19 sec.

***** Percent complete: 67.0323 %
***** Current system time: Sat Dec 24 23:29:57 2022
***** Estimated time to completion:  5 min.,  9 sec.

***** Percent complete: 68.0325 %
***** Current system time: Sat Dec 24 23:30:04 2022
***** Estimated time to completion:  4 min., 58 sec.

***** Percent complete: 69.0328 %
***** Current system time: Sat Dec 24 23:30:11 2022
***** Estimated time to completion:  4 min., 48 sec.

***** Percent complete: 70.0328 %
***** Current system time: Sat Dec 24 23:30:17 2022
***** Estimated time to completion:  4 min., 37 sec.

***** Percent complete: 71.033 %
***** Current system time: Sat Dec 24 23:30:24 2022
***** Estimated time to completion:  4 min., 27 sec.

***** Percent complete: 72.0337 %
***** Current system time: Sat Dec 24 23:30:31 2022
***** Estimated time to completion:  4 min., 17 sec.

***** Percent complete: 73.0338 %
***** Current system time: Sat Dec 24 23:30:38 2022
***** Estimated time to completion:  4 min.,  7 sec.

***** Percent complete: 74.0356 %
***** Current system time: Sat Dec 24 23:30:45 2022
***** Estimated time to completion:  3 min., 57 sec.

***** Percent complete: 75.036 %
***** Current system time: Sat Dec 24 23:30:52 2022
***** Estimated time to completion:  3 min., 47 sec.

***** Percent complete: 76.0361 %
***** Current system time: Sat Dec 24 23:30:59 2022
***** Estimated time to completion:  3 min., 37 sec.

***** Percent complete: 77.0361 %
***** Current system time: Sat Dec 24 23:31:06 2022
***** Estimated time to completion:  3 min., 28 sec.

***** Percent complete: 78.0369 %
***** Current system time: Sat Dec 24 23:31:13 2022
***** Estimated time to completion:  3 min., 18 sec.

***** Percent complete: 79.0378 %
***** Current system time: Sat Dec 24 23:31:19 2022
***** Estimated time to completion:  3 min.,  8 sec.

***** Percent complete: 80.038 %
***** Current system time: Sat Dec 24 23:31:25 2022
***** Estimated time to completion:  2 min., 58 sec.

***** Percent complete: 81.0381 %
***** Current system time: Sat Dec 24 23:31:30 2022
***** Estimated time to completion:  2 min., 48 sec.

***** Percent complete: 82.0386 %
***** Current system time: Sat Dec 24 23:31:36 2022
***** Estimated time to completion:  2 min., 39 sec.

***** Percent complete: 83.0391 %
***** Current system time: Sat Dec 24 23:31:41 2022
***** Estimated time to completion:  2 min., 29 sec.

***** Percent complete: 84.04 %
***** Current system time: Sat Dec 24 23:31:47 2022
***** Estimated time to completion:  2 min., 20 sec.

***** Percent complete: 85.0401 %
***** Current system time: Sat Dec 24 23:31:52 2022
***** Estimated time to completion:  2 min., 10 sec.

***** Percent complete: 86.0409 %
***** Current system time: Sat Dec 24 23:31:57 2022
***** Estimated time to completion:  2 min.,  1 sec.

***** Percent complete: 87.0411 %
***** Current system time: Sat Dec 24 23:32:03 2022
***** Estimated time to completion:  1 min., 52 sec.

***** Percent complete: 88.0414 %
***** Current system time: Sat Dec 24 23:32:08 2022
***** Estimated time to completion:  1 min., 43 sec.

***** Percent complete: 89.0421 %
***** Current system time: Sat Dec 24 23:32:14 2022
***** Estimated time to completion:  1 min., 34 sec.

***** Percent complete: 90.0425 %
***** Current system time: Sat Dec 24 23:32:19 2022
***** Estimated time to completion:  1 min., 25 sec.

***** Percent complete: 91.0426 %
***** Current system time: Sat Dec 24 23:32:24 2022
***** Estimated time to completion:  1 min., 16 sec.

***** Percent complete: 92.0428 %
***** Current system time: Sat Dec 24 23:32:27 2022
***** Estimated time to completion:  1 min.,  7 sec.

***** Percent complete: 93.0429 %
***** Current system time: Sat Dec 24 23:32:30 2022
***** Estimated time to completion: 58 sec.

***** Percent complete: 94.0438 %
***** Current system time: Sat Dec 24 23:32:34 2022
***** Estimated time to completion: 49 sec.

***** Percent complete: 95.0444 %
***** Current system time: Sat Dec 24 23:32:37 2022
***** Estimated time to completion: 41 sec.

***** Percent complete: 96.0454 %
***** Current system time: Sat Dec 24 23:32:40 2022
***** Estimated time to completion: 32 sec.

***** Percent complete: 97.0457 %
***** Current system time: Sat Dec 24 23:32:43 2022
***** Estimated time to completion: 24 sec.

***** Percent complete: 98.0472 %
***** Current system time: Sat Dec 24 23:32:47 2022
***** Estimated time to completion: 15 sec.

***** Percent complete: 99.0481 %
***** Current system time: Sat Dec 24 23:32:50 2022
***** Estimated time to completion:  7 sec.

***** Problem read in and set up time: 3.11003 seconds
 ***** DCOP time: 0.029923 seconds.  Breakdown follows:
	Number Successful Steps Taken:		1
	Number Failed Steps Attempted:		0
	Number Jacobians Evaluated:		38
	Number Linear Solves:			38
	Number Failed Linear Solves:		0
	Number Residual Evaluations:		40
	Number Nonlinear Convergence Failures:	0
	Total Residual Load Time:		0.0183635 seconds
	Total Jacobian Load Time:		0.00234938 seconds
	Total Linear Solution Time:		0.00525713 seconds

 ***** Transient Stepping time: 804.975 seconds.  Breakdown follows:
	Number Successful Steps Taken:		177590
	Number Failed Steps Attempted:		27821
	Number Jacobians Evaluated:		720618
	Number Linear Solves:			720618
	Number Failed Linear Solves:		0
	Number Residual Evaluations:		926029
	Number Nonlinear Convergence Failures:	417
	Total Residual Load Time:		514.232 seconds
	Total Jacobian Load Time:		67.2577 seconds
	Total Linear Solution Time:		141.441 seconds


***** Solution Summary *****
	Number Successful Steps Taken:		177591
	Number Failed Steps Attempted:		27821
	Number Jacobians Evaluated:		720656
	Number Linear Solves:			720656
	Number Failed Linear Solves:		0
	Number Residual Evaluations:		926069
	Number Nonlinear Convergence Failures:	417
	Total Residual Load Time:		514.251 seconds
	Total Jacobian Load Time:		67.2601 seconds
	Total Linear Solution Time:		141.446 seconds


 ***** Measure Functions ***** 

PERIOD = 3.710665e-05 with targ = 1.061558e-04 and trig = 6.904911e-05

POWER = 3.408135e-04
Measure Start Time= 1.000000e-05	Measure End Time= 7.260000e-02


***** Total Simulation Solvers Run Time: 805.006 seconds
***** Total Elapsed Run Time:            808.116 seconds
*****
***** End of Xyce(TM) Simulation
*****

Timing summary of 1 processor
                 Stats                   Count        CPU Time              Wall Time
---------------------------------------- ------ --------------------- ---------------------
Xyce                                          1     8:50.404 (100.0%)    13:28.116 (100.0%)
  Analysis                                    1     8:48.799 (99.70%)    13:25.006 (99.62%)
    Transient                                 1     8:48.799 (99.70%)    13:25.006 (99.62%)
      Nonlinear Solve                    205412     8:22.397 (94.72%)    12:44.543 (94.61%)
        Residual                         926069     5:39.657 (64.04%)     8:37.884 (64.09%)
        Jacobian                         720656       45.266 ( 8.53%)     1:08.810 ( 8.51%)
        Linear Solve                     720656     1:33.505 (17.63%)     2:23.580 (17.77%)
      Successful DCOP Steps                   1        0.000 (<0.01%)        0.000 (<0.01%)
      Successful Step                    177590       19.625 ( 3.70%)       30.264 ( 3.75%)
      Failed Steps                        27821        0.076 ( 0.01%)        0.110 ( 0.01%)
        Nonlinear Failure                   417        0.000 (<0.01%)        0.000 (<0.01%)
  Netlist Import                              1        1.576 ( 0.30%)        3.058 ( 0.38%)
    Parse Context                             1        0.981 ( 0.19%)        1.858 ( 0.23%)
    Distribute Devices                        1        0.578 ( 0.11%)        1.172 ( 0.15%)
    Verify Devices                            1        0.000 (<0.01%)        0.000 (<0.01%)
    Instantiate                               1        0.007 (<0.01%)        0.007 (<0.01%)
  Late Initialization                         1        0.008 (<0.01%)        0.008 (<0.01%)
    Global Indices                            1        0.002 (<0.01%)        0.002 (<0.01%)
  Setup Matrix Structure                      1        0.002 (<0.01%)        0.002 (<0.01%)

