
*****
***** Welcome to the Xyce(TM) Parallel Electronic Simulator
*****
***** This is version Xyce DEVELOPMENT-202212040732-(Public_Release-7.6.0-16-g7ac86b45)-opensource
***** Date: Sun Dec 25 01:25:35 UTC 2022


***** Executing netlist tempsenseInst_error_sim_0.sp

***** Reading and parsing netlist...
Netlist warning in file tempsenseInst_error_sim_0.sp at or near line 3
 Unrecognized .OPTIONS package or parameter AUTOSTOP will be ignored
Netlist warning: No print specified
Netlist warning in file
 /home/alex/miniconda3/share/pdk/sky130A/libs.tech/ngspice/corners/../../../libs.ref/sky130_fd_pr/spice/sky130_fd_pr__nfet_01v8__tt.pm3.spice
 at or near line 23884
 Device model XI1:X_069_:X0:SKY130_FD_PR__NFET_01V8__MODEL.89: Model card
 specifies BSIM4 version 4.5 which is older than the oldest version supported
 in Xyce (4.6.1).  Using oldest version available.
 
Netlist warning in file
 /home/alex/miniconda3/share/pdk/sky130A/libs.tech/ngspice/corners/../../../libs.ref/sky130_fd_pr/spice/sky130_fd_pr__nfet_01v8__tt.pm3.spice
 at or near line 23884
 Device model XI1:X_069_:X0:SKY130_FD_PR__NFET_01V8__MODEL.89: Given pbswgd is
 less than 0.1. Pbswgd is set to 0.1
Netlist warning in file
 /home/alex/miniconda3/share/pdk/sky130A/libs.tech/ngspice/corners/../../../libs.ref/sky130_fd_pr/spice/sky130_fd_pr__pfet_01v8_hvt__tt.pm3.spice
 at or near line 21474
 Device model XI1:X_069_:X1:SKY130_FD_PR__PFET_01V8_HVT__MODEL.80: Model card
 specifies BSIM4 version 4.5 which is older than the oldest version supported
 in Xyce (4.6.1).  Using oldest version available.
 
Netlist warning in file
 /home/alex/miniconda3/share/pdk/sky130A/libs.tech/ngspice/corners/../../../libs.ref/sky130_fd_pr/spice/sky130_fd_pr__pfet_01v8_hvt__tt.pm3.spice
 at or near line 21474
 Device model XI1:X_069_:X1:SKY130_FD_PR__PFET_01V8_HVT__MODEL.80: Given
 pbswgd is less than 0.1. Pbswgd is set to 0.1
Netlist warning in file
 /home/alex/miniconda3/share/pdk/sky130A/libs.tech/ngspice/corners/../../../libs.ref/sky130_fd_pr/spice/sky130_fd_pr__nfet_01v8__tt.pm3.spice
 at or near line 23884
 Device model XI1:X_070_:X0:SKY130_FD_PR__NFET_01V8__MODEL.89: Model card
 specifies BSIM4 version 4.5 which is older than the oldest version supported
 in Xyce (4.6.1).  Using oldest version available.
 
Netlist warning in file
 /home/alex/miniconda3/share/pdk/sky130A/libs.tech/ngspice/corners/../../../libs.ref/sky130_fd_pr/spice/sky130_fd_pr__nfet_01v8__tt.pm3.spice
 at or near line 23884
 Device model XI1:X_070_:X0:SKY130_FD_PR__NFET_01V8__MODEL.89: Given pbswgd is
 less than 0.1. Pbswgd is set to 0.1
Netlist warning in file
 /home/alex/miniconda3/share/pdk/sky130A/libs.tech/ngspice/corners/../../../libs.ref/sky130_fd_pr/spice/sky130_fd_pr__pfet_01v8_hvt__tt.pm3.spice
 at or near line 21474
 Device model XI1:X_070_:X1:SKY130_FD_PR__PFET_01V8_HVT__MODEL.80: Model card
 specifies BSIM4 version 4.5 which is older than the oldest version supported
 in Xyce (4.6.1).  Using oldest version available.
 
Netlist warning in file
 /home/alex/miniconda3/share/pdk/sky130A/libs.tech/ngspice/corners/../../../libs.ref/sky130_fd_pr/spice/sky130_fd_pr__pfet_01v8_hvt__tt.pm3.spice
 at or near line 21474
 Device model XI1:X_070_:X1:SKY130_FD_PR__PFET_01V8_HVT__MODEL.80: Given
 pbswgd is less than 0.1. Pbswgd is set to 0.1
Netlist warning in file
 /home/alex/miniconda3/share/pdk/sky130A/libs.tech/ngspice/corners/../../../libs.ref/sky130_fd_pr/spice/sky130_fd_pr__nfet_01v8__tt.pm3.spice
 at or near line 23884
 Device model XI1:X_071_:X0:SKY130_FD_PR__NFET_01V8__MODEL.89: Model card
 specifies BSIM4 version 4.5 which is older than the oldest version supported
 in Xyce (4.6.1).  Using oldest version available.
 
Netlist warning in file
 /home/alex/miniconda3/share/pdk/sky130A/libs.tech/ngspice/corners/../../../libs.ref/sky130_fd_pr/spice/sky130_fd_pr__nfet_01v8__tt.pm3.spice
 at or near line 23884
 Device model XI1:X_071_:X0:SKY130_FD_PR__NFET_01V8__MODEL.89: Given pbswgd is
 less than 0.1. Pbswgd is set to 0.1
Netlist warning in file
 /home/alex/miniconda3/share/pdk/sky130A/libs.tech/ngspice/corners/../../../libs.ref/sky130_fd_pr/spice/sky130_fd_pr__pfet_01v8_hvt__tt.pm3.spice
 at or near line 21474
 Device model XI1:X_071_:X1:SKY130_FD_PR__PFET_01V8_HVT__MODEL.80: Model card
 specifies BSIM4 version 4.5 which is older than the oldest version supported
 in Xyce (4.6.1).  Using oldest version available.
 
Netlist warning in file
 /home/alex/miniconda3/share/pdk/sky130A/libs.tech/ngspice/corners/../../../libs.ref/sky130_fd_pr/spice/sky130_fd_pr__pfet_01v8_hvt__tt.pm3.spice
 at or near line 21474
 Device model XI1:X_071_:X1:SKY130_FD_PR__PFET_01V8_HVT__MODEL.80: Given
 pbswgd is less than 0.1. Pbswgd is set to 0.1
Netlist warning in file
 /home/alex/miniconda3/share/pdk/sky130A/libs.tech/ngspice/corners/../../../libs.ref/sky130_fd_pr/spice/sky130_fd_pr__nfet_01v8__tt.pm3.spice
 at or near line 23884
 Device model XI1:X_072_:X0:SKY130_FD_PR__NFET_01V8__MODEL.89: Model card
 specifies BSIM4 version 4.5 which is older than the oldest version supported
 in Xyce (4.6.1).  Using oldest version available.
 
Netlist warning in file
 /home/alex/miniconda3/share/pdk/sky130A/libs.tech/ngspice/corners/../../../libs.ref/sky130_fd_pr/spice/sky130_fd_pr__nfet_01v8__tt.pm3.spice
 at or near line 23884
 Device model XI1:X_072_:X0:SKY130_FD_PR__NFET_01V8__MODEL.89: Given pbswgd is
 less than 0.1. Pbswgd is set to 0.1
Netlist warning in file
 /home/alex/miniconda3/share/pdk/sky130A/libs.tech/ngspice/corners/../../../libs.ref/sky130_fd_pr/spice/sky130_fd_pr__pfet_01v8_hvt__tt.pm3.spice
 at or near line 21474
 Device model XI1:X_072_:X1:SKY130_FD_PR__PFET_01V8_HVT__MODEL.80: Model card
 specifies BSIM4 version 4.5 which is older than the oldest version supported
 in Xyce (4.6.1).  Using oldest version available.
 
Netlist warning in file
 /home/alex/miniconda3/share/pdk/sky130A/libs.tech/ngspice/corners/../../../libs.ref/sky130_fd_pr/spice/sky130_fd_pr__pfet_01v8_hvt__tt.pm3.spice
 at or near line 21474
 Device model XI1:X_072_:X1:SKY130_FD_PR__PFET_01V8_HVT__MODEL.80: Given
 pbswgd is less than 0.1. Pbswgd is set to 0.1
Netlist warning in file
 /home/alex/miniconda3/share/pdk/sky130A/libs.tech/ngspice/corners/../../../libs.ref/sky130_fd_pr/spice/sky130_fd_pr__nfet_01v8__tt.pm3.spice
 at or near line 23884
 Device model XI1:X_073_:X0:SKY130_FD_PR__NFET_01V8__MODEL.89: Model card
 specifies BSIM4 version 4.5 which is older than the oldest version supported
 in Xyce (4.6.1).  Using oldest version available.
 
Netlist warning in file
 /home/alex/miniconda3/share/pdk/sky130A/libs.tech/ngspice/corners/../../../libs.ref/sky130_fd_pr/spice/sky130_fd_pr__nfet_01v8__tt.pm3.spice
 at or near line 23884
 Device model XI1:X_073_:X0:SKY130_FD_PR__NFET_01V8__MODEL.89: Given pbswgd is
 less than 0.1. Pbswgd is set to 0.1
Netlist warning in file
 /home/alex/miniconda3/share/pdk/sky130A/libs.tech/ngspice/corners/../../../libs.ref/sky130_fd_pr/spice/sky130_fd_pr__pfet_01v8_hvt__tt.pm3.spice
 at or near line 21474
 Device model XI1:X_073_:X1:SKY130_FD_PR__PFET_01V8_HVT__MODEL.80: Model card
 specifies BSIM4 version 4.5 which is older than the oldest version supported
 in Xyce (4.6.1).  Using oldest version available.
 
Netlist warning in file
 /home/alex/miniconda3/share/pdk/sky130A/libs.tech/ngspice/corners/../../../libs.ref/sky130_fd_pr/spice/sky130_fd_pr__pfet_01v8_hvt__tt.pm3.spice
 at or near line 21474
 Device model XI1:X_073_:X1:SKY130_FD_PR__PFET_01V8_HVT__MODEL.80: Given
 pbswgd is less than 0.1. Pbswgd is set to 0.1
Netlist warning in file
 /home/alex/miniconda3/share/pdk/sky130A/libs.tech/ngspice/corners/../../../libs.ref/sky130_fd_pr/spice/sky130_fd_pr__nfet_01v8__tt.pm3.spice
 at or near line 23884
 Device model XI1:X_074_:X0:SKY130_FD_PR__NFET_01V8__MODEL.89: Model card
 specifies BSIM4 version 4.5 which is older than the oldest version supported
 in Xyce (4.6.1).  Using oldest version available.
 
Netlist warning in file
 /home/alex/miniconda3/share/pdk/sky130A/libs.tech/ngspice/corners/../../../libs.ref/sky130_fd_pr/spice/sky130_fd_pr__nfet_01v8__tt.pm3.spice
 at or near line 23884
 Device model XI1:X_074_:X0:SKY130_FD_PR__NFET_01V8__MODEL.89: Given pbswgd is
 less than 0.1. Pbswgd is set to 0.1
Netlist warning in file
 /home/alex/miniconda3/share/pdk/sky130A/libs.tech/ngspice/corners/../../../libs.ref/sky130_fd_pr/spice/sky130_fd_pr__pfet_01v8_hvt__tt.pm3.spice
 at or near line 21474
 Device model XI1:X_074_:X1:SKY130_FD_PR__PFET_01V8_HVT__MODEL.80: Model card
 specifies BSIM4 version 4.5 which is older than the oldest version supported
 in Xyce (4.6.1).  Using oldest version available.
 
Netlist warning in file
 /home/alex/miniconda3/share/pdk/sky130A/libs.tech/ngspice/corners/../../../libs.ref/sky130_fd_pr/spice/sky130_fd_pr__pfet_01v8_hvt__tt.pm3.spice
 at or near line 21474
 Device model XI1:X_074_:X1:SKY130_FD_PR__PFET_01V8_HVT__MODEL.80: Given
 pbswgd is less than 0.1. Pbswgd is set to 0.1
Netlist warning in file
 /home/alex/miniconda3/share/pdk/sky130A/libs.tech/ngspice/corners/../../../libs.ref/sky130_fd_pr/spice/sky130_fd_pr__nfet_01v8__tt.pm3.spice
 at or near line 23884
 Device model XI1:X_075_:X0:SKY130_FD_PR__NFET_01V8__MODEL.89: Model card
 specifies BSIM4 version 4.5 which is older than the oldest version supported
 in Xyce (4.6.1).  Using oldest version available.
 
Netlist warning in file
 /home/alex/miniconda3/share/pdk/sky130A/libs.tech/ngspice/corners/../../../libs.ref/sky130_fd_pr/spice/sky130_fd_pr__nfet_01v8__tt.pm3.spice
 at or near line 23884
 Device model XI1:X_075_:X0:SKY130_FD_PR__NFET_01V8__MODEL.89: Given pbswgd is
 less than 0.1. Pbswgd is set to 0.1
Netlist warning in file
 /home/alex/miniconda3/share/pdk/sky130A/libs.tech/ngspice/corners/../../../libs.ref/sky130_fd_pr/spice/sky130_fd_pr__pfet_01v8_hvt__tt.pm3.spice
 at or near line 21474
 Device model XI1:X_075_:X1:SKY130_FD_PR__PFET_01V8_HVT__MODEL.80: Model card
 specifies BSIM4 version 4.5 which is older than the oldest version supported
 in Xyce (4.6.1).  Using oldest version available.
 
Netlist warning in file
 /home/alex/miniconda3/share/pdk/sky130A/libs.tech/ngspice/corners/../../../libs.ref/sky130_fd_pr/spice/sky130_fd_pr__pfet_01v8_hvt__tt.pm3.spice
 at or near line 21474
 Device model XI1:X_075_:X1:SKY130_FD_PR__PFET_01V8_HVT__MODEL.80: Given
 pbswgd is less than 0.1. Pbswgd is set to 0.1
Netlist warning in file
 /home/alex/miniconda3/share/pdk/sky130A/libs.tech/ngspice/corners/../../../libs.ref/sky130_fd_pr/spice/sky130_fd_pr__nfet_01v8__tt.pm3.spice
 at or near line 23884
 Device model XI1:X_076_:X0:SKY130_FD_PR__NFET_01V8__MODEL.89: Model card
 specifies BSIM4 version 4.5 which is older than the oldest version supported
 in Xyce (4.6.1).  Using oldest version available.
 
Netlist warning in file
 /home/alex/miniconda3/share/pdk/sky130A/libs.tech/ngspice/corners/../../../libs.ref/sky130_fd_pr/spice/sky130_fd_pr__nfet_01v8__tt.pm3.spice
 at or near line 23884
 Device model XI1:X_076_:X0:SKY130_FD_PR__NFET_01V8__MODEL.89: Given pbswgd is
 less than 0.1. Pbswgd is set to 0.1
Netlist warning in file
 /home/alex/miniconda3/share/pdk/sky130A/libs.tech/ngspice/corners/../../../libs.ref/sky130_fd_pr/spice/sky130_fd_pr__pfet_01v8_hvt__tt.pm3.spice
 at or near line 21474
 Device model XI1:X_076_:X1:SKY130_FD_PR__PFET_01V8_HVT__MODEL.80: Model card
 specifies BSIM4 version 4.5 which is older than the oldest version supported
 in Xyce (4.6.1).  Using oldest version available.
 
Netlist warning in file
 /home/alex/miniconda3/share/pdk/sky130A/libs.tech/ngspice/corners/../../../libs.ref/sky130_fd_pr/spice/sky130_fd_pr__pfet_01v8_hvt__tt.pm3.spice
 at or near line 21474
 Device model XI1:X_076_:X1:SKY130_FD_PR__PFET_01V8_HVT__MODEL.80: Given
 pbswgd is less than 0.1. Pbswgd is set to 0.1
Netlist warning in file
 /home/alex/miniconda3/share/pdk/sky130A/libs.tech/ngspice/corners/../../../libs.ref/sky130_fd_pr/spice/sky130_fd_pr__nfet_01v8__tt.pm3.spice
 at or near line 23884
 Device model XI1:X_077_:X0:SKY130_FD_PR__NFET_01V8__MODEL.89: Model card
 specifies BSIM4 version 4.5 which is older than the oldest version supported
 in Xyce (4.6.1).  Using oldest version available.
 
Netlist warning in file
 /home/alex/miniconda3/share/pdk/sky130A/libs.tech/ngspice/corners/../../../libs.ref/sky130_fd_pr/spice/sky130_fd_pr__nfet_01v8__tt.pm3.spice
 at or near line 23884
 Device model XI1:X_077_:X0:SKY130_FD_PR__NFET_01V8__MODEL.89: Given pbswgd is
 less than 0.1. Pbswgd is set to 0.1
Netlist warning in file
 /home/alex/miniconda3/share/pdk/sky130A/libs.tech/ngspice/corners/../../../libs.ref/sky130_fd_pr/spice/sky130_fd_pr__pfet_01v8_hvt__tt.pm3.spice
 at or near line 21474
 Device model XI1:X_077_:X1:SKY130_FD_PR__PFET_01V8_HVT__MODEL.80: Model card
 specifies BSIM4 version 4.5 which is older than the oldest version supported
 in Xyce (4.6.1).  Using oldest version available.
 
Netlist warning in file
 /home/alex/miniconda3/share/pdk/sky130A/libs.tech/ngspice/corners/../../../libs.ref/sky130_fd_pr/spice/sky130_fd_pr__pfet_01v8_hvt__tt.pm3.spice
 at or near line 21474
 Device model XI1:X_077_:X1:SKY130_FD_PR__PFET_01V8_HVT__MODEL.80: Given
 pbswgd is less than 0.1. Pbswgd is set to 0.1
Netlist warning in file
 /home/alex/miniconda3/share/pdk/sky130A/libs.tech/ngspice/corners/../../../libs.ref/sky130_fd_pr/spice/sky130_fd_pr__nfet_01v8__tt.pm3.spice
 at or near line 23884
 Device model XI1:X_078_:X0:SKY130_FD_PR__NFET_01V8__MODEL.89: Model card
 specifies BSIM4 version 4.5 which is older than the oldest version supported
 in Xyce (4.6.1).  Using oldest version available.
 
Netlist warning in file
 /home/alex/miniconda3/share/pdk/sky130A/libs.tech/ngspice/corners/../../../libs.ref/sky130_fd_pr/spice/sky130_fd_pr__nfet_01v8__tt.pm3.spice
 at or near line 23884
 Device model XI1:X_078_:X0:SKY130_FD_PR__NFET_01V8__MODEL.89: Given pbswgd is
 less than 0.1. Pbswgd is set to 0.1
Netlist warning in file
 /home/alex/miniconda3/share/pdk/sky130A/libs.tech/ngspice/corners/../../../libs.ref/sky130_fd_pr/spice/sky130_fd_pr__pfet_01v8_hvt__tt.pm3.spice
 at or near line 21474
 Device model XI1:X_078_:X1:SKY130_FD_PR__PFET_01V8_HVT__MODEL.80: Model card
 specifies BSIM4 version 4.5 which is older than the oldest version supported
 in Xyce (4.6.1).  Using oldest version available.
 
Netlist warning in file
 /home/alex/miniconda3/share/pdk/sky130A/libs.tech/ngspice/corners/../../../libs.ref/sky130_fd_pr/spice/sky130_fd_pr__pfet_01v8_hvt__tt.pm3.spice
 at or near line 21474
 Device model XI1:X_078_:X1:SKY130_FD_PR__PFET_01V8_HVT__MODEL.80: Given
 pbswgd is less than 0.1. Pbswgd is set to 0.1
Netlist warning in file
 /home/alex/miniconda3/share/pdk/sky130A/libs.tech/ngspice/corners/../../../libs.ref/sky130_fd_pr/spice/sky130_fd_pr__nfet_01v8__tt.pm3.spice
 at or near line 23884
 Device model XI1:X_079_:X0:SKY130_FD_PR__NFET_01V8__MODEL.89: Model card
 specifies BSIM4 version 4.5 which is older than the oldest version supported
 in Xyce (4.6.1).  Using oldest version available.
 
Netlist warning in file
 /home/alex/miniconda3/share/pdk/sky130A/libs.tech/ngspice/corners/../../../libs.ref/sky130_fd_pr/spice/sky130_fd_pr__nfet_01v8__tt.pm3.spice
 at or near line 23884
 Device model XI1:X_079_:X0:SKY130_FD_PR__NFET_01V8__MODEL.89: Given pbswgd is
 less than 0.1. Pbswgd is set to 0.1
Netlist warning in file
 /home/alex/miniconda3/share/pdk/sky130A/libs.tech/ngspice/corners/../../../libs.ref/sky130_fd_pr/spice/sky130_fd_pr__pfet_01v8_hvt__tt.pm3.spice
 at or near line 21474
 Device model XI1:X_079_:X1:SKY130_FD_PR__PFET_01V8_HVT__MODEL.80: Model card
 specifies BSIM4 version 4.5 which is older than the oldest version supported
 in Xyce (4.6.1).  Using oldest version available.
 
Netlist warning in file
 /home/alex/miniconda3/share/pdk/sky130A/libs.tech/ngspice/corners/../../../libs.ref/sky130_fd_pr/spice/sky130_fd_pr__pfet_01v8_hvt__tt.pm3.spice
 at or near line 21474
 Device model XI1:X_079_:X1:SKY130_FD_PR__PFET_01V8_HVT__MODEL.80: Given
 pbswgd is less than 0.1. Pbswgd is set to 0.1
Netlist warning in file
 /home/alex/miniconda3/share/pdk/sky130A/libs.tech/ngspice/corners/../../../libs.ref/sky130_fd_pr/spice/sky130_fd_pr__nfet_01v8__tt.pm3.spice
 at or near line 23884
 Device model XI1:X_080_:X0:SKY130_FD_PR__NFET_01V8__MODEL.89: Model card
 specifies BSIM4 version 4.5 which is older than the oldest version supported
 in Xyce (4.6.1).  Using oldest version available.
 
Netlist warning in file
 /home/alex/miniconda3/share/pdk/sky130A/libs.tech/ngspice/corners/../../../libs.ref/sky130_fd_pr/spice/sky130_fd_pr__nfet_01v8__tt.pm3.spice
 at or near line 23884
 Device model XI1:X_080_:X0:SKY130_FD_PR__NFET_01V8__MODEL.89: Given pbswgd is
 less than 0.1. Pbswgd is set to 0.1
Netlist warning in file
 /home/alex/miniconda3/share/pdk/sky130A/libs.tech/ngspice/corners/../../../libs.ref/sky130_fd_pr/spice/sky130_fd_pr__pfet_01v8_hvt__tt.pm3.spice
 at or near line 21474
 Device model XI1:X_080_:X1:SKY130_FD_PR__PFET_01V8_HVT__MODEL.80: Model card
 specifies BSIM4 version 4.5 which is older than the oldest version supported
 in Xyce (4.6.1).  Using oldest version available.
 
Netlist warning in file
 /home/alex/miniconda3/share/pdk/sky130A/libs.tech/ngspice/corners/../../../libs.ref/sky130_fd_pr/spice/sky130_fd_pr__pfet_01v8_hvt__tt.pm3.spice
 at or near line 21474
 Device model XI1:X_080_:X1:SKY130_FD_PR__PFET_01V8_HVT__MODEL.80: Given
 pbswgd is less than 0.1. Pbswgd is set to 0.1
Netlist warning in file
 /home/alex/miniconda3/share/pdk/sky130A/libs.tech/ngspice/corners/../../../libs.ref/sky130_fd_pr/spice/sky130_fd_pr__nfet_01v8__tt.pm3.spice
 at or near line 23884
 Device model XI1:X_081_:X0:SKY130_FD_PR__NFET_01V8__MODEL.89: Model card
 specifies BSIM4 version 4.5 which is older than the oldest version supported
 in Xyce (4.6.1).  Using oldest version available.
 
Netlist warning in file
 /home/alex/miniconda3/share/pdk/sky130A/libs.tech/ngspice/corners/../../../libs.ref/sky130_fd_pr/spice/sky130_fd_pr__nfet_01v8__tt.pm3.spice
 at or near line 23884
 Device model XI1:X_081_:X0:SKY130_FD_PR__NFET_01V8__MODEL.89: Given pbswgd is
 less than 0.1. Pbswgd is set to 0.1
Netlist warning in file
 /home/alex/miniconda3/share/pdk/sky130A/libs.tech/ngspice/corners/../../../libs.ref/sky130_fd_pr/spice/sky130_fd_pr__pfet_01v8_hvt__tt.pm3.spice
 at or near line 21474
 Device model XI1:X_081_:X1:SKY130_FD_PR__PFET_01V8_HVT__MODEL.80: Model card
 specifies BSIM4 version 4.5 which is older than the oldest version supported
 in Xyce (4.6.1).  Using oldest version available.
 
Netlist warning in file
 /home/alex/miniconda3/share/pdk/sky130A/libs.tech/ngspice/corners/../../../libs.ref/sky130_fd_pr/spice/sky130_fd_pr__pfet_01v8_hvt__tt.pm3.spice
 at or near line 21474
 Device model XI1:X_081_:X1:SKY130_FD_PR__PFET_01V8_HVT__MODEL.80: Given
 pbswgd is less than 0.1. Pbswgd is set to 0.1
Netlist warning in file
 /home/alex/miniconda3/share/pdk/sky130A/libs.tech/ngspice/corners/../../../libs.ref/sky130_fd_pr/spice/sky130_fd_pr__nfet_01v8__tt.pm3.spice
 at or near line 23884
 Device model XI1:X_082_:X0:SKY130_FD_PR__NFET_01V8__MODEL.89: Model card
 specifies BSIM4 version 4.5 which is older than the oldest version supported
 in Xyce (4.6.1).  Using oldest version available.
 
Netlist warning in file
 /home/alex/miniconda3/share/pdk/sky130A/libs.tech/ngspice/corners/../../../libs.ref/sky130_fd_pr/spice/sky130_fd_pr__nfet_01v8__tt.pm3.spice
 at or near line 23884
 Device model XI1:X_082_:X0:SKY130_FD_PR__NFET_01V8__MODEL.89: Given pbswgd is
 less than 0.1. Pbswgd is set to 0.1
Netlist warning in file
 /home/alex/miniconda3/share/pdk/sky130A/libs.tech/ngspice/corners/../../../libs.ref/sky130_fd_pr/spice/sky130_fd_pr__pfet_01v8_hvt__tt.pm3.spice
 at or near line 21474
 Device model XI1:X_082_:X1:SKY130_FD_PR__PFET_01V8_HVT__MODEL.80: Model card
 specifies BSIM4 version 4.5 which is older than the oldest version supported
 in Xyce (4.6.1).  Using oldest version available.
 
Netlist warning in file
 /home/alex/miniconda3/share/pdk/sky130A/libs.tech/ngspice/corners/../../../libs.ref/sky130_fd_pr/spice/sky130_fd_pr__pfet_01v8_hvt__tt.pm3.spice
 at or near line 21474
 Device model XI1:X_082_:X1:SKY130_FD_PR__PFET_01V8_HVT__MODEL.80: Given
 pbswgd is less than 0.1. Pbswgd is set to 0.1
Netlist warning in file
 /home/alex/miniconda3/share/pdk/sky130A/libs.tech/ngspice/corners/../../../libs.ref/sky130_fd_pr/spice/sky130_fd_pr__nfet_01v8__tt.pm3.spice
 at or near line 23884
 Device model XI1:X_083_:X0:SKY130_FD_PR__NFET_01V8__MODEL.89: Model card
 specifies BSIM4 version 4.5 which is older than the oldest version supported
 in Xyce (4.6.1).  Using oldest version available.
 
Netlist warning in file
 /home/alex/miniconda3/share/pdk/sky130A/libs.tech/ngspice/corners/../../../libs.ref/sky130_fd_pr/spice/sky130_fd_pr__nfet_01v8__tt.pm3.spice
 at or near line 23884
 Device model XI1:X_083_:X0:SKY130_FD_PR__NFET_01V8__MODEL.89: Given pbswgd is
 less than 0.1. Pbswgd is set to 0.1
Netlist warning in file
 /home/alex/miniconda3/share/pdk/sky130A/libs.tech/ngspice/corners/../../../libs.ref/sky130_fd_pr/spice/sky130_fd_pr__pfet_01v8_hvt__tt.pm3.spice
 at or near line 21474
 Device model XI1:X_083_:X1:SKY130_FD_PR__PFET_01V8_HVT__MODEL.80: Model card
 specifies BSIM4 version 4.5 which is older than the oldest version supported
 in Xyce (4.6.1).  Using oldest version available.
 
Netlist warning in file
 /home/alex/miniconda3/share/pdk/sky130A/libs.tech/ngspice/corners/../../../libs.ref/sky130_fd_pr/spice/sky130_fd_pr__pfet_01v8_hvt__tt.pm3.spice
 at or near line 21474
 Device model XI1:X_083_:X1:SKY130_FD_PR__PFET_01V8_HVT__MODEL.80: Given
 pbswgd is less than 0.1. Pbswgd is set to 0.1
Netlist warning in file
 /home/alex/miniconda3/share/pdk/sky130A/libs.tech/ngspice/corners/../../../libs.ref/sky130_fd_pr/spice/sky130_fd_pr__pfet_01v8_hvt__tt.pm3.spice
 at or near line 21474
 Device model XI1:X_093_:X0:SKY130_FD_PR__PFET_01V8_HVT__MODEL.80: Model card
 specifies BSIM4 version 4.5 which is older than the oldest version supported
 in Xyce (4.6.1).  Using oldest version available.
 
Netlist warning in file
 /home/alex/miniconda3/share/pdk/sky130A/libs.tech/ngspice/corners/../../../libs.ref/sky130_fd_pr/spice/sky130_fd_pr__pfet_01v8_hvt__tt.pm3.spice
 at or near line 21474
 Device model XI1:X_093_:X0:SKY130_FD_PR__PFET_01V8_HVT__MODEL.80: Given
 pbswgd is less than 0.1. Pbswgd is set to 0.1
Netlist warning in file
 /home/alex/miniconda3/share/pdk/sky130A/libs.tech/ngspice/corners/../../../libs.ref/sky130_fd_pr/spice/sky130_fd_pr__pfet_01v8_hvt__tt.pm3.spice
 at or near line 21474
 Device model XI1:X_093_:X1:SKY130_FD_PR__PFET_01V8_HVT__MODEL.80: Model card
 specifies BSIM4 version 4.5 which is older than the oldest version supported
 in Xyce (4.6.1).  Using oldest version available.
 
Netlist warning in file
 /home/alex/miniconda3/share/pdk/sky130A/libs.tech/ngspice/corners/../../../libs.ref/sky130_fd_pr/spice/sky130_fd_pr__pfet_01v8_hvt__tt.pm3.spice
 at or near line 21474
 Device model XI1:X_093_:X1:SKY130_FD_PR__PFET_01V8_HVT__MODEL.80: Given
 pbswgd is less than 0.1. Pbswgd is set to 0.1
Netlist warning in file
 /home/alex/miniconda3/share/pdk/sky130A/libs.tech/ngspice/corners/../../../libs.ref/sky130_fd_pr/spice/sky130_fd_pr__nfet_01v8__tt.pm3.spice
 at or near line 23884
 Device model XI1:X_093_:X2:SKY130_FD_PR__NFET_01V8__MODEL.89: Model card
 specifies BSIM4 version 4.5 which is older than the oldest version supported
 in Xyce (4.6.1).  Using oldest version available.
 
Netlist warning in file
 /home/alex/miniconda3/share/pdk/sky130A/libs.tech/ngspice/corners/../../../libs.ref/sky130_fd_pr/spice/sky130_fd_pr__nfet_01v8__tt.pm3.spice
 at or near line 23884
 Device model XI1:X_093_:X2:SKY130_FD_PR__NFET_01V8__MODEL.89: Given pbswgd is
 less than 0.1. Pbswgd is set to 0.1
Netlist warning in file
 /home/alex/miniconda3/share/pdk/sky130A/libs.tech/ngspice/corners/../../../libs.ref/sky130_fd_pr/spice/sky130_fd_pr__nfet_01v8__tt.pm3.spice
 at or near line 23884
 Device model XI1:X_093_:X3:SKY130_FD_PR__NFET_01V8__MODEL.89: Model card
 specifies BSIM4 version 4.5 which is older than the oldest version supported
 in Xyce (4.6.1).  Using oldest version available.
 
Netlist warning in file
 /home/alex/miniconda3/share/pdk/sky130A/libs.tech/ngspice/corners/../../../libs.ref/sky130_fd_pr/spice/sky130_fd_pr__nfet_01v8__tt.pm3.spice
 at or near line 23884
 Device model XI1:X_093_:X3:SKY130_FD_PR__NFET_01V8__MODEL.89: Given pbswgd is
 less than 0.1. Pbswgd is set to 0.1
Netlist warning in file
 /home/alex/miniconda3/share/pdk/sky130A/libs.tech/ngspice/corners/../../../libs.ref/sky130_fd_pr/spice/sky130_fd_pr__nfet_01v8__tt.pm3.spice
 at or near line 23884
 Device model XI1:X_104_:X0:SKY130_FD_PR__NFET_01V8__MODEL.89: Model card
 specifies BSIM4 version 4.5 which is older than the oldest version supported
 in Xyce (4.6.1).  Using oldest version available.
 
Netlist warning in file
 /home/alex/miniconda3/share/pdk/sky130A/libs.tech/ngspice/corners/../../../libs.ref/sky130_fd_pr/spice/sky130_fd_pr__nfet_01v8__tt.pm3.spice
 at or near line 23884
 Device model XI1:X_104_:X0:SKY130_FD_PR__NFET_01V8__MODEL.89: Given pbswgd is
 less than 0.1. Pbswgd is set to 0.1
Netlist warning in file
 /home/alex/miniconda3/share/pdk/sky130A/libs.tech/ngspice/corners/../../../libs.ref/sky130_fd_pr/spice/sky130_fd_pr__pfet_01v8_hvt__tt.pm3.spice
 at or near line 21474
 Device model XI1:X_104_:X1:SKY130_FD_PR__PFET_01V8_HVT__MODEL.80: Model card
 specifies BSIM4 version 4.5 which is older than the oldest version supported
 in Xyce (4.6.1).  Using oldest version available.
 
Netlist warning in file
 /home/alex/miniconda3/share/pdk/sky130A/libs.tech/ngspice/corners/../../../libs.ref/sky130_fd_pr/spice/sky130_fd_pr__pfet_01v8_hvt__tt.pm3.spice
 at or near line 21474
 Device model XI1:X_104_:X1:SKY130_FD_PR__PFET_01V8_HVT__MODEL.80: Given
 pbswgd is less than 0.1. Pbswgd is set to 0.1
Netlist warning in file
 /home/alex/miniconda3/share/pdk/sky130A/libs.tech/ngspice/corners/../../../libs.ref/sky130_fd_pr/spice/sky130_fd_pr__nfet_01v8__tt.pm3.spice
 at or near line 23884
 Device model XI1:X_108_:X0:SKY130_FD_PR__NFET_01V8__MODEL.89: Model card
 specifies BSIM4 version 4.5 which is older than the oldest version supported
 in Xyce (4.6.1).  Using oldest version available.
 
Netlist warning in file
 /home/alex/miniconda3/share/pdk/sky130A/libs.tech/ngspice/corners/../../../libs.ref/sky130_fd_pr/spice/sky130_fd_pr__nfet_01v8__tt.pm3.spice
 at or near line 23884
 Device model XI1:X_108_:X0:SKY130_FD_PR__NFET_01V8__MODEL.89: Given pbswgd is
 less than 0.1. Pbswgd is set to 0.1
Netlist warning in file
 /home/alex/miniconda3/share/pdk/sky130A/libs.tech/ngspice/corners/../../../libs.ref/sky130_fd_pr/spice/sky130_fd_pr__pfet_01v8_hvt__tt.pm3.spice
 at or near line 21474
 Device model XI1:X_108_:X1:SKY130_FD_PR__PFET_01V8_HVT__MODEL.80: Model card
 specifies BSIM4 version 4.5 which is older than the oldest version supported
 in Xyce (4.6.1).  Using oldest version available.
 
Netlist warning in file
 /home/alex/miniconda3/share/pdk/sky130A/libs.tech/ngspice/corners/../../../libs.ref/sky130_fd_pr/spice/sky130_fd_pr__pfet_01v8_hvt__tt.pm3.spice
 at or near line 21474
 Device model XI1:X_108_:X1:SKY130_FD_PR__PFET_01V8_HVT__MODEL.80: Given
 pbswgd is less than 0.1. Pbswgd is set to 0.1
Netlist warning in file
 /home/alex/miniconda3/share/pdk/sky130A/libs.tech/ngspice/corners/../../../libs.ref/sky130_fd_pr/spice/sky130_fd_pr__nfet_01v8__tt.pm3.spice
 at or near line 23884
 Device model XI1:X_110_:X0:SKY130_FD_PR__NFET_01V8__MODEL.89: Model card
 specifies BSIM4 version 4.5 which is older than the oldest version supported
 in Xyce (4.6.1).  Using oldest version available.
 
Netlist warning in file
 /home/alex/miniconda3/share/pdk/sky130A/libs.tech/ngspice/corners/../../../libs.ref/sky130_fd_pr/spice/sky130_fd_pr__nfet_01v8__tt.pm3.spice
 at or near line 23884
 Device model XI1:X_110_:X0:SKY130_FD_PR__NFET_01V8__MODEL.89: Given pbswgd is
 less than 0.1. Pbswgd is set to 0.1
Netlist warning in file
 /home/alex/miniconda3/share/pdk/sky130A/libs.tech/ngspice/corners/../../../libs.ref/sky130_fd_pr/spice/sky130_fd_pr__pfet_01v8_hvt__tt.pm3.spice
 at or near line 21474
 Device model XI1:X_110_:X1:SKY130_FD_PR__PFET_01V8_HVT__MODEL.80: Model card
 specifies BSIM4 version 4.5 which is older than the oldest version supported
 in Xyce (4.6.1).  Using oldest version available.
 
Netlist warning in file
 /home/alex/miniconda3/share/pdk/sky130A/libs.tech/ngspice/corners/../../../libs.ref/sky130_fd_pr/spice/sky130_fd_pr__pfet_01v8_hvt__tt.pm3.spice
 at or near line 21474
 Device model XI1:X_110_:X1:SKY130_FD_PR__PFET_01V8_HVT__MODEL.80: Given
 pbswgd is less than 0.1. Pbswgd is set to 0.1
Netlist warning in file
 /home/alex/miniconda3/share/pdk/sky130A/libs.tech/ngspice/corners/../../../libs.ref/sky130_fd_pr/spice/sky130_fd_pr__nfet_01v8__tt.pm3.spice
 at or near line 23884
 Device model XI1:X_112_:X0:SKY130_FD_PR__NFET_01V8__MODEL.89: Model card
 specifies BSIM4 version 4.5 which is older than the oldest version supported
 in Xyce (4.6.1).  Using oldest version available.
 
Netlist warning in file
 /home/alex/miniconda3/share/pdk/sky130A/libs.tech/ngspice/corners/../../../libs.ref/sky130_fd_pr/spice/sky130_fd_pr__nfet_01v8__tt.pm3.spice
 at or near line 23884
 Device model XI1:X_112_:X0:SKY130_FD_PR__NFET_01V8__MODEL.89: Given pbswgd is
 less than 0.1. Pbswgd is set to 0.1
Netlist warning in file
 /home/alex/miniconda3/share/pdk/sky130A/libs.tech/ngspice/corners/../../../libs.ref/sky130_fd_pr/spice/sky130_fd_pr__pfet_01v8_hvt__tt.pm3.spice
 at or near line 21474
 Device model XI1:X_112_:X1:SKY130_FD_PR__PFET_01V8_HVT__MODEL.80: Model card
 specifies BSIM4 version 4.5 which is older than the oldest version supported
 in Xyce (4.6.1).  Using oldest version available.
 
Netlist warning in file
 /home/alex/miniconda3/share/pdk/sky130A/libs.tech/ngspice/corners/../../../libs.ref/sky130_fd_pr/spice/sky130_fd_pr__pfet_01v8_hvt__tt.pm3.spice
 at or near line 21474
 Device model XI1:X_112_:X1:SKY130_FD_PR__PFET_01V8_HVT__MODEL.80: Given
 pbswgd is less than 0.1. Pbswgd is set to 0.1
Netlist warning in file
 /home/alex/miniconda3/share/pdk/sky130A/libs.tech/ngspice/corners/../../../libs.ref/sky130_fd_pr/spice/sky130_fd_pr__nfet_01v8__tt.pm3.spice
 at or near line 23884
 Device model XI1:X_114_:X0:SKY130_FD_PR__NFET_01V8__MODEL.89: Model card
 specifies BSIM4 version 4.5 which is older than the oldest version supported
 in Xyce (4.6.1).  Using oldest version available.
 
Netlist warning in file
 /home/alex/miniconda3/share/pdk/sky130A/libs.tech/ngspice/corners/../../../libs.ref/sky130_fd_pr/spice/sky130_fd_pr__nfet_01v8__tt.pm3.spice
 at or near line 23884
 Device model XI1:X_114_:X0:SKY130_FD_PR__NFET_01V8__MODEL.89: Given pbswgd is
 less than 0.1. Pbswgd is set to 0.1
Netlist warning in file
 /home/alex/miniconda3/share/pdk/sky130A/libs.tech/ngspice/corners/../../../libs.ref/sky130_fd_pr/spice/sky130_fd_pr__pfet_01v8_hvt__tt.pm3.spice
 at or near line 21474
 Device model XI1:X_114_:X1:SKY130_FD_PR__PFET_01V8_HVT__MODEL.80: Model card
 specifies BSIM4 version 4.5 which is older than the oldest version supported
 in Xyce (4.6.1).  Using oldest version available.
 
Netlist warning in file
 /home/alex/miniconda3/share/pdk/sky130A/libs.tech/ngspice/corners/../../../libs.ref/sky130_fd_pr/spice/sky130_fd_pr__pfet_01v8_hvt__tt.pm3.spice
 at or near line 21474
 Device model XI1:X_114_:X1:SKY130_FD_PR__PFET_01V8_HVT__MODEL.80: Given
 pbswgd is less than 0.1. Pbswgd is set to 0.1
Netlist warning in file
 /home/alex/miniconda3/share/pdk/sky130A/libs.tech/ngspice/corners/../../../libs.ref/sky130_fd_pr/spice/sky130_fd_pr__nfet_01v8__tt.pm3.spice
 at or near line 23884
 Device model XI1:X_116_:X0:SKY130_FD_PR__NFET_01V8__MODEL.89: Model card
 specifies BSIM4 version 4.5 which is older than the oldest version supported
 in Xyce (4.6.1).  Using oldest version available.
 
Netlist warning in file
 /home/alex/miniconda3/share/pdk/sky130A/libs.tech/ngspice/corners/../../../libs.ref/sky130_fd_pr/spice/sky130_fd_pr__nfet_01v8__tt.pm3.spice
 at or near line 23884
 Device model XI1:X_116_:X0:SKY130_FD_PR__NFET_01V8__MODEL.89: Given pbswgd is
 less than 0.1. Pbswgd is set to 0.1
Netlist warning in file
 /home/alex/miniconda3/share/pdk/sky130A/libs.tech/ngspice/corners/../../../libs.ref/sky130_fd_pr/spice/sky130_fd_pr__pfet_01v8_hvt__tt.pm3.spice
 at or near line 21474
 Device model XI1:X_116_:X1:SKY130_FD_PR__PFET_01V8_HVT__MODEL.80: Model card
 specifies BSIM4 version 4.5 which is older than the oldest version supported
 in Xyce (4.6.1).  Using oldest version available.
 
Netlist warning in file
 /home/alex/miniconda3/share/pdk/sky130A/libs.tech/ngspice/corners/../../../libs.ref/sky130_fd_pr/spice/sky130_fd_pr__pfet_01v8_hvt__tt.pm3.spice
 at or near line 21474
 Device model XI1:X_116_:X1:SKY130_FD_PR__PFET_01V8_HVT__MODEL.80: Given
 pbswgd is less than 0.1. Pbswgd is set to 0.1
Netlist warning in file
 /home/alex/miniconda3/share/pdk/sky130A/libs.tech/ngspice/corners/../../../libs.ref/sky130_fd_pr/spice/sky130_fd_pr__nfet_01v8__tt.pm3.spice
 at or near line 23884
 Device model XI1:X_118_:X0:SKY130_FD_PR__NFET_01V8__MODEL.89: Model card
 specifies BSIM4 version 4.5 which is older than the oldest version supported
 in Xyce (4.6.1).  Using oldest version available.
 
Netlist warning in file
 /home/alex/miniconda3/share/pdk/sky130A/libs.tech/ngspice/corners/../../../libs.ref/sky130_fd_pr/spice/sky130_fd_pr__nfet_01v8__tt.pm3.spice
 at or near line 23884
 Device model XI1:X_118_:X0:SKY130_FD_PR__NFET_01V8__MODEL.89: Given pbswgd is
 less than 0.1. Pbswgd is set to 0.1
Netlist warning in file
 /home/alex/miniconda3/share/pdk/sky130A/libs.tech/ngspice/corners/../../../libs.ref/sky130_fd_pr/spice/sky130_fd_pr__pfet_01v8_hvt__tt.pm3.spice
 at or near line 21474
 Device model XI1:X_118_:X1:SKY130_FD_PR__PFET_01V8_HVT__MODEL.80: Model card
 specifies BSIM4 version 4.5 which is older than the oldest version supported
 in Xyce (4.6.1).  Using oldest version available.
 
Netlist warning in file
 /home/alex/miniconda3/share/pdk/sky130A/libs.tech/ngspice/corners/../../../libs.ref/sky130_fd_pr/spice/sky130_fd_pr__pfet_01v8_hvt__tt.pm3.spice
 at or near line 21474
 Device model XI1:X_118_:X1:SKY130_FD_PR__PFET_01V8_HVT__MODEL.80: Given
 pbswgd is less than 0.1. Pbswgd is set to 0.1
Netlist warning in file
 /home/alex/miniconda3/share/pdk/sky130A/libs.tech/ngspice/corners/../../../libs.ref/sky130_fd_pr/spice/sky130_fd_pr__nfet_01v8__tt.pm3.spice
 at or near line 23884
 Device model XI1:X_120_:X0:SKY130_FD_PR__NFET_01V8__MODEL.89: Model card
 specifies BSIM4 version 4.5 which is older than the oldest version supported
 in Xyce (4.6.1).  Using oldest version available.
 
Netlist warning in file
 /home/alex/miniconda3/share/pdk/sky130A/libs.tech/ngspice/corners/../../../libs.ref/sky130_fd_pr/spice/sky130_fd_pr__nfet_01v8__tt.pm3.spice
 at or near line 23884
 Device model XI1:X_120_:X0:SKY130_FD_PR__NFET_01V8__MODEL.89: Given pbswgd is
 less than 0.1. Pbswgd is set to 0.1
Maximum warning count has been exceeded and will no longer be displayed
***** Setting up topology...

***** Device Count Summary ...
       C level 1 (Capacitor)                    1
       M level 14 (BSIM4)                     152
       V level 1 (Independent Voltage Source)   9
       ------------------------------------------
       Total Devices                          162
***** Setting up matrix structure...
***** Number of Unknowns = 590
***** Initializing...

***** Beginning DC Operating Point Calculation...

***** Beginning Transient Calculation...

***** Percent complete: 1.00084 %
***** Current system time: Sun Dec 25 01:25:46 2022
***** Estimated time to completion: 13 min.,  0 sec.

***** Percent complete: 2.00096 %
***** Current system time: Sun Dec 25 01:25:52 2022
***** Estimated time to completion: 11 min., 41 sec.

***** Percent complete: 3.00115 %
***** Current system time: Sun Dec 25 01:25:58 2022
***** Estimated time to completion: 10 min., 59 sec.

***** Percent complete: 4.00154 %
***** Current system time: Sun Dec 25 01:26:04 2022
***** Estimated time to completion: 10 min., 39 sec.

***** Percent complete: 5.00212 %
***** Current system time: Sun Dec 25 01:26:11 2022
***** Estimated time to completion: 10 min., 37 sec.

***** Percent complete: 6.00267 %
***** Current system time: Sun Dec 25 01:26:18 2022
***** Estimated time to completion: 10 min., 28 sec.

***** Percent complete: 7.00365 %
***** Current system time: Sun Dec 25 01:26:24 2022
***** Estimated time to completion: 10 min., 13 sec.

***** Percent complete: 8.00462 %
***** Current system time: Sun Dec 25 01:26:30 2022
***** Estimated time to completion: 10 min.,  4 sec.

***** Percent complete: 9.00474 %
***** Current system time: Sun Dec 25 01:26:37 2022
***** Estimated time to completion:  9 min., 57 sec.

***** Percent complete: 10.0066 %
***** Current system time: Sun Dec 25 01:26:43 2022
***** Estimated time to completion:  9 min., 43 sec.

***** Percent complete: 11.0076 %
***** Current system time: Sun Dec 25 01:26:49 2022
***** Estimated time to completion:  9 min., 39 sec.

***** Percent complete: 12.0085 %
***** Current system time: Sun Dec 25 01:26:56 2022
***** Estimated time to completion:  9 min., 34 sec.

***** Percent complete: 13.0095 %
***** Current system time: Sun Dec 25 01:27:02 2022
***** Estimated time to completion:  9 min., 25 sec.

***** Percent complete: 14.0096 %
***** Current system time: Sun Dec 25 01:27:09 2022
***** Estimated time to completion:  9 min., 19 sec.

***** Percent complete: 15.0106 %
***** Current system time: Sun Dec 25 01:27:15 2022
***** Estimated time to completion:  9 min., 12 sec.

***** Percent complete: 16.0124 %
***** Current system time: Sun Dec 25 01:27:22 2022
***** Estimated time to completion:  9 min.,  6 sec.

***** Percent complete: 17.015 %
***** Current system time: Sun Dec 25 01:27:29 2022
***** Estimated time to completion:  9 min.,  1 sec.

***** Percent complete: 18.0174 %
***** Current system time: Sun Dec 25 01:27:35 2022
***** Estimated time to completion:  8 min., 53 sec.

***** Percent complete: 19.0184 %
***** Current system time: Sun Dec 25 01:27:42 2022
***** Estimated time to completion:  8 min., 48 sec.

***** Percent complete: 20.0194 %
***** Current system time: Sun Dec 25 01:27:48 2022
***** Estimated time to completion:  8 min., 39 sec.

***** Percent complete: 21.0204 %
***** Current system time: Sun Dec 25 01:27:54 2022
***** Estimated time to completion:  8 min., 33 sec.

***** Percent complete: 22.0205 %
***** Current system time: Sun Dec 25 01:28:01 2022
***** Estimated time to completion:  8 min., 27 sec.

***** Percent complete: 23.0223 %
***** Current system time: Sun Dec 25 01:28:08 2022
***** Estimated time to completion:  8 min., 21 sec.

***** Percent complete: 24.0233 %
***** Current system time: Sun Dec 25 01:28:14 2022
***** Estimated time to completion:  8 min., 15 sec.

***** Percent complete: 25.0243 %
***** Current system time: Sun Dec 25 01:28:21 2022
***** Estimated time to completion:  8 min., 10 sec.

***** Percent complete: 26.0244 %
***** Current system time: Sun Dec 25 01:28:28 2022
***** Estimated time to completion:  8 min.,  4 sec.

***** Percent complete: 27.0246 %
***** Current system time: Sun Dec 25 01:28:35 2022
***** Estimated time to completion:  7 min., 58 sec.

***** Percent complete: 28.0248 %
***** Current system time: Sun Dec 25 01:28:42 2022
***** Estimated time to completion:  7 min., 53 sec.

***** Percent complete: 29.0248 %
***** Current system time: Sun Dec 25 01:28:50 2022
***** Estimated time to completion:  7 min., 49 sec.

***** Percent complete: 30.0261 %
***** Current system time: Sun Dec 25 01:28:56 2022
***** Estimated time to completion:  7 min., 42 sec.

***** Percent complete: 31.0271 %
***** Current system time: Sun Dec 25 01:29:03 2022
***** Estimated time to completion:  7 min., 35 sec.

***** Percent complete: 32.0281 %
***** Current system time: Sun Dec 25 01:29:08 2022
***** Estimated time to completion:  7 min., 26 sec.

***** Percent complete: 33.029 %
***** Current system time: Sun Dec 25 01:29:14 2022
***** Estimated time to completion:  7 min., 19 sec.

***** Percent complete: 34.0292 %
***** Current system time: Sun Dec 25 01:29:21 2022
***** Estimated time to completion:  7 min., 12 sec.

***** Percent complete: 35.031 %
***** Current system time: Sun Dec 25 01:29:27 2022
***** Estimated time to completion:  7 min.,  5 sec.

***** Percent complete: 36.032 %
***** Current system time: Sun Dec 25 01:29:34 2022
***** Estimated time to completion:  6 min., 58 sec.

***** Percent complete: 37.0329 %
***** Current system time: Sun Dec 25 01:29:40 2022
***** Estimated time to completion:  6 min., 52 sec.

***** Percent complete: 38.0348 %
***** Current system time: Sun Dec 25 01:29:47 2022
***** Estimated time to completion:  6 min., 46 sec.

***** Percent complete: 39.0357 %
***** Current system time: Sun Dec 25 01:29:54 2022
***** Estimated time to completion:  6 min., 39 sec.

***** Percent complete: 40.0362 %
***** Current system time: Sun Dec 25 01:30:01 2022
***** Estimated time to completion:  6 min., 33 sec.

***** Percent complete: 41.0368 %
***** Current system time: Sun Dec 25 01:30:08 2022
***** Estimated time to completion:  6 min., 28 sec.

***** Percent complete: 42.0378 %
***** Current system time: Sun Dec 25 01:30:15 2022
***** Estimated time to completion:  6 min., 22 sec.

***** Percent complete: 43.0388 %
***** Current system time: Sun Dec 25 01:30:22 2022
***** Estimated time to completion:  6 min., 16 sec.

***** Percent complete: 44.0389 %
***** Current system time: Sun Dec 25 01:30:30 2022
***** Estimated time to completion:  6 min., 10 sec.

***** Percent complete: 45.0408 %
***** Current system time: Sun Dec 25 01:30:36 2022
***** Estimated time to completion:  6 min.,  3 sec.

***** Percent complete: 46.0417 %
***** Current system time: Sun Dec 25 01:30:42 2022
***** Estimated time to completion:  5 min., 57 sec.

***** Percent complete: 47.0427 %
***** Current system time: Sun Dec 25 01:30:49 2022
***** Estimated time to completion:  5 min., 49 sec.

***** Percent complete: 48.0437 %
***** Current system time: Sun Dec 25 01:30:55 2022
***** Estimated time to completion:  5 min., 43 sec.

***** Percent complete: 49.0438 %
***** Current system time: Sun Dec 25 01:31:02 2022
***** Estimated time to completion:  5 min., 36 sec.

***** Percent complete: 50.044 %
***** Current system time: Sun Dec 25 01:31:09 2022
***** Estimated time to completion:  5 min., 30 sec.

***** Percent complete: 51.045 %
***** Current system time: Sun Dec 25 01:31:15 2022
***** Estimated time to completion:  5 min., 23 sec.

***** Percent complete: 52.0455 %
***** Current system time: Sun Dec 25 01:31:22 2022
***** Estimated time to completion:  5 min., 17 sec.

***** Percent complete: 53.0455 %
***** Current system time: Sun Dec 25 01:31:28 2022
***** Estimated time to completion:  5 min.,  9 sec.

***** Percent complete: 54.0465 %
***** Current system time: Sun Dec 25 01:31:34 2022
***** Estimated time to completion:  5 min.,  3 sec.

***** Percent complete: 55.0467 %
***** Current system time: Sun Dec 25 01:31:41 2022
***** Estimated time to completion:  4 min., 57 sec.

***** Percent complete: 56.047 %
***** Current system time: Sun Dec 25 01:31:48 2022
***** Estimated time to completion:  4 min., 50 sec.

***** Percent complete: 57.0494 %
***** Current system time: Sun Dec 25 01:31:54 2022
***** Estimated time to completion:  4 min., 43 sec.

***** Percent complete: 58.0504 %
***** Current system time: Sun Dec 25 01:32:01 2022
***** Estimated time to completion:  4 min., 36 sec.

***** Percent complete: 59.0514 %
***** Current system time: Sun Dec 25 01:32:07 2022
***** Estimated time to completion:  4 min., 30 sec.

***** Percent complete: 60.0524 %
***** Current system time: Sun Dec 25 01:32:14 2022
***** Estimated time to completion:  4 min., 23 sec.

***** Percent complete: 61.0525 %
***** Current system time: Sun Dec 25 01:32:21 2022
***** Estimated time to completion:  4 min., 17 sec.

***** Percent complete: 62.0555 %
***** Current system time: Sun Dec 25 01:32:29 2022
***** Estimated time to completion:  4 min., 11 sec.

***** Percent complete: 63.0575 %
***** Current system time: Sun Dec 25 01:32:36 2022
***** Estimated time to completion:  4 min.,  5 sec.

***** Percent complete: 64.0579 %
***** Current system time: Sun Dec 25 01:32:42 2022
***** Estimated time to completion:  3 min., 58 sec.

***** Percent complete: 65.0603 %
***** Current system time: Sun Dec 25 01:32:49 2022
***** Estimated time to completion:  3 min., 51 sec.

***** Percent complete: 66.0613 %
***** Current system time: Sun Dec 25 01:32:55 2022
***** Estimated time to completion:  3 min., 44 sec.

***** Percent complete: 67.0622 %
***** Current system time: Sun Dec 25 01:33:02 2022
***** Estimated time to completion:  3 min., 38 sec.

***** Percent complete: 68.0632 %
***** Current system time: Sun Dec 25 01:33:08 2022
***** Estimated time to completion:  3 min., 31 sec.

***** Percent complete: 69.0633 %
***** Current system time: Sun Dec 25 01:33:15 2022
***** Estimated time to completion:  3 min., 24 sec.

***** Percent complete: 70.0644 %
***** Current system time: Sun Dec 25 01:33:21 2022
***** Estimated time to completion:  3 min., 17 sec.

***** Percent complete: 71.0661 %
***** Current system time: Sun Dec 25 01:33:27 2022
***** Estimated time to completion:  3 min., 11 sec.

***** Percent complete: 72.0671 %
***** Current system time: Sun Dec 25 01:33:34 2022
***** Estimated time to completion:  3 min.,  4 sec.

***** Percent complete: 73.0681 %
***** Current system time: Sun Dec 25 01:33:42 2022
***** Estimated time to completion:  2 min., 58 sec.

***** Percent complete: 74.0682 %
***** Current system time: Sun Dec 25 01:33:49 2022
***** Estimated time to completion:  2 min., 52 sec.

***** Percent complete: 75.0684 %
***** Current system time: Sun Dec 25 01:33:54 2022
***** Estimated time to completion:  2 min., 44 sec.

***** Percent complete: 76.0688 %
***** Current system time: Sun Dec 25 01:34:00 2022
***** Estimated time to completion:  2 min., 37 sec.

***** Percent complete: 77.069 %
***** Current system time: Sun Dec 25 01:34:06 2022
***** Estimated time to completion:  2 min., 31 sec.

***** Percent complete: 78.0699 %
***** Current system time: Sun Dec 25 01:34:13 2022
***** Estimated time to completion:  2 min., 24 sec.

***** Percent complete: 79.0723 %
***** Current system time: Sun Dec 25 01:34:19 2022
***** Estimated time to completion:  2 min., 18 sec.

***** Percent complete: 80.0749 %
***** Current system time: Sun Dec 25 01:34:26 2022
***** Estimated time to completion:  2 min., 11 sec.

***** Percent complete: 81.0759 %
***** Current system time: Sun Dec 25 01:34:33 2022
***** Estimated time to completion:  2 min.,  5 sec.

***** Percent complete: 82.0769 %
***** Current system time: Sun Dec 25 01:34:40 2022
***** Estimated time to completion:  1 min., 58 sec.

***** Percent complete: 83.077 %
***** Current system time: Sun Dec 25 01:34:45 2022
***** Estimated time to completion:  1 min., 51 sec.

***** Percent complete: 84.0774 %
***** Current system time: Sun Dec 25 01:34:51 2022
***** Estimated time to completion:  1 min., 44 sec.

***** Percent complete: 85.0792 %
***** Current system time: Sun Dec 25 01:34:57 2022
***** Estimated time to completion:  1 min., 38 sec.

***** Percent complete: 86.0808 %
***** Current system time: Sun Dec 25 01:35:03 2022
***** Estimated time to completion:  1 min., 31 sec.

***** Percent complete: 87.082 %
***** Current system time: Sun Dec 25 01:35:09 2022
***** Estimated time to completion:  1 min., 24 sec.

***** Percent complete: 88.0827 %
***** Current system time: Sun Dec 25 01:35:16 2022
***** Estimated time to completion:  1 min., 18 sec.

***** Percent complete: 89.0829 %
***** Current system time: Sun Dec 25 01:35:22 2022
***** Estimated time to completion:  1 min., 11 sec.

***** Percent complete: 90.0847 %
***** Current system time: Sun Dec 25 01:35:29 2022
***** Estimated time to completion:  1 min.,  5 sec.

***** Percent complete: 91.0857 %
***** Current system time: Sun Dec 25 01:35:36 2022
***** Estimated time to completion: 58 sec.

***** Percent complete: 92.0867 %
***** Current system time: Sun Dec 25 01:35:43 2022
***** Estimated time to completion: 52 sec.

***** Percent complete: 93.0868 %
***** Current system time: Sun Dec 25 01:35:51 2022
***** Estimated time to completion: 45 sec.

***** Percent complete: 94.0872 %
***** Current system time: Sun Dec 25 01:35:58 2022
***** Estimated time to completion: 39 sec.

***** Percent complete: 95.0896 %
***** Current system time: Sun Dec 25 01:36:05 2022
***** Estimated time to completion: 32 sec.

***** Percent complete: 96.0906 %
***** Current system time: Sun Dec 25 01:36:12 2022
***** Estimated time to completion: 25 sec.

***** Percent complete: 97.0915 %
***** Current system time: Sun Dec 25 01:36:17 2022
***** Estimated time to completion: 19 sec.

***** Percent complete: 98.0946 %
***** Current system time: Sun Dec 25 01:36:24 2022
***** Estimated time to completion: 12 sec.

***** Percent complete: 99.0965 %
***** Current system time: Sun Dec 25 01:36:31 2022
***** Estimated time to completion:  5 sec.

***** Problem read in and set up time: 2.86126 seconds
 ***** DCOP time: 0.065201 seconds.  Breakdown follows:
	Number Successful Steps Taken:		1
	Number Failed Steps Attempted:		0
	Number Jacobians Evaluated:		30
	Number Linear Solves:			30
	Number Failed Linear Solves:		0
	Number Residual Evaluations:		32
	Number Nonlinear Convergence Failures:	0
	Total Residual Load Time:		0.0295572 seconds
	Total Jacobian Load Time:		0.0021677 seconds
	Total Linear Solution Time:		0.0168138 seconds

 ***** Transient Stepping time: 658.962 seconds.  Breakdown follows:
	Number Successful Steps Taken:		202872
	Number Failed Steps Attempted:		10883
	Number Jacobians Evaluated:		337169
	Number Linear Solves:			337169
	Number Failed Linear Solves:		0
	Number Residual Evaluations:		550924
	Number Nonlinear Convergence Failures:	104
	Total Residual Load Time:		430.091 seconds
	Total Jacobian Load Time:		47.165 seconds
	Total Linear Solution Time:		92.3748 seconds


***** Solution Summary *****
	Number Successful Steps Taken:		202873
	Number Failed Steps Attempted:		10883
	Number Jacobians Evaluated:		337199
	Number Linear Solves:			337199
	Number Failed Linear Solves:		0
	Number Residual Evaluations:		550956
	Number Nonlinear Convergence Failures:	104
	Total Residual Load Time:		430.121 seconds
	Total Jacobian Load Time:		47.1672 seconds
	Total Linear Solution Time:		92.3917 seconds


 ***** Measure Functions ***** 

PERIOD = 1.981219e-03 with targ = 5.323818e-03 and trig = 3.342599e-03

POWER = 6.984050e-05
Measure Start Time= 1.000000e-05	Measure End Time= 8.000000e-01


***** Total Simulation Solvers Run Time: 659.028 seconds
***** Total Elapsed Run Time:            661.889 seconds
*****
***** End of Xyce(TM) Simulation
*****

Timing summary of 1 processor
                 Stats                   Count        CPU Time              Wall Time
---------------------------------------- ------ --------------------- ---------------------
Xyce                                          1     6:18.792 (100.0%)    11:01.890 (100.0%)
  Analysis                                    1     6:17.210 (99.58%)    10:59.028 (99.57%)
    Transient                                 1     6:17.210 (99.58%)    10:59.028 (99.57%)
      Nonlinear Solve                    213756     5:42.245 (90.35%)     9:58.552 (90.43%)
        Residual                         550956     4:07.620 (65.37%)     7:12.980 (65.42%)
        Jacobian                         337199       27.780 ( 7.33%)       48.201 ( 7.28%)
        Linear Solve                     337199       52.584 (13.88%)     1:33.675 (14.15%)
      Successful DCOP Steps                   1        0.000 (<0.01%)        0.000 (<0.01%)
      Successful Step                    202872       27.339 ( 7.22%)       47.587 ( 7.19%)
      Failed Steps                        10883        0.030 (<0.01%)        0.066 (<0.01%)
        Nonlinear Failure                   104        0.000 (<0.01%)        0.000 (<0.01%)
  Netlist Import                              1        1.553 ( 0.41%)        2.809 ( 0.42%)
    Parse Context                             1        0.969 ( 0.26%)        1.760 ( 0.27%)
    Distribute Devices                        1        0.567 ( 0.15%)        1.020 ( 0.15%)
    Verify Devices                            1        0.000 (<0.01%)        0.000 (<0.01%)
    Instantiate                               1        0.008 (<0.01%)        0.020 (<0.01%)
  Late Initialization                         1        0.008 (<0.01%)        0.008 (<0.01%)
    Global Indices                            1        0.003 (<0.01%)        0.003 (<0.01%)
  Setup Matrix Structure                      1        0.002 (<0.01%)        0.002 (<0.01%)

