
*****
***** Welcome to the Xyce(TM) Parallel Electronic Simulator
*****
***** This is version Xyce DEVELOPMENT-202212040732-(Public_Release-7.6.0-16-g7ac86b45)-opensource
***** Date: Sun Dec 25 06:30:11 UTC 2022


***** Executing netlist tempsenseInst_error_sim_60.sp

***** Reading and parsing netlist...
Netlist warning in file tempsenseInst_error_sim_60.sp at or near line 3
 Unrecognized .OPTIONS package or parameter AUTOSTOP will be ignored
Netlist warning: No print specified
Netlist warning in file
 /home/alex/miniconda3/share/pdk/sky130A/libs.tech/ngspice/corners/../../../libs.ref/sky130_fd_pr/spice/sky130_fd_pr__nfet_01v8__tt.pm3.spice
 at or near line 23884
 Device model XI1:X_069_:X0:SKY130_FD_PR__NFET_01V8__MODEL.89: Model card
 specifies BSIM4 version 4.5 which is older than the oldest version supported
 in Xyce (4.6.1).  Using oldest version available.
 
Netlist warning in file
 /home/alex/miniconda3/share/pdk/sky130A/libs.tech/ngspice/corners/../../../libs.ref/sky130_fd_pr/spice/sky130_fd_pr__nfet_01v8__tt.pm3.spice
 at or near line 23884
 Device model XI1:X_069_:X0:SKY130_FD_PR__NFET_01V8__MODEL.89: Given pbswgd is
 less than 0.1. Pbswgd is set to 0.1
Netlist warning in file
 /home/alex/miniconda3/share/pdk/sky130A/libs.tech/ngspice/corners/../../../libs.ref/sky130_fd_pr/spice/sky130_fd_pr__pfet_01v8_hvt__tt.pm3.spice
 at or near line 21474
 Device model XI1:X_069_:X1:SKY130_FD_PR__PFET_01V8_HVT__MODEL.80: Model card
 specifies BSIM4 version 4.5 which is older than the oldest version supported
 in Xyce (4.6.1).  Using oldest version available.
 
Netlist warning in file
 /home/alex/miniconda3/share/pdk/sky130A/libs.tech/ngspice/corners/../../../libs.ref/sky130_fd_pr/spice/sky130_fd_pr__pfet_01v8_hvt__tt.pm3.spice
 at or near line 21474
 Device model XI1:X_069_:X1:SKY130_FD_PR__PFET_01V8_HVT__MODEL.80: Given
 pbswgd is less than 0.1. Pbswgd is set to 0.1
Netlist warning in file
 /home/alex/miniconda3/share/pdk/sky130A/libs.tech/ngspice/corners/../../../libs.ref/sky130_fd_pr/spice/sky130_fd_pr__nfet_01v8__tt.pm3.spice
 at or near line 23884
 Device model XI1:X_070_:X0:SKY130_FD_PR__NFET_01V8__MODEL.89: Model card
 specifies BSIM4 version 4.5 which is older than the oldest version supported
 in Xyce (4.6.1).  Using oldest version available.
 
Netlist warning in file
 /home/alex/miniconda3/share/pdk/sky130A/libs.tech/ngspice/corners/../../../libs.ref/sky130_fd_pr/spice/sky130_fd_pr__nfet_01v8__tt.pm3.spice
 at or near line 23884
 Device model XI1:X_070_:X0:SKY130_FD_PR__NFET_01V8__MODEL.89: Given pbswgd is
 less than 0.1. Pbswgd is set to 0.1
Netlist warning in file
 /home/alex/miniconda3/share/pdk/sky130A/libs.tech/ngspice/corners/../../../libs.ref/sky130_fd_pr/spice/sky130_fd_pr__pfet_01v8_hvt__tt.pm3.spice
 at or near line 21474
 Device model XI1:X_070_:X1:SKY130_FD_PR__PFET_01V8_HVT__MODEL.80: Model card
 specifies BSIM4 version 4.5 which is older than the oldest version supported
 in Xyce (4.6.1).  Using oldest version available.
 
Netlist warning in file
 /home/alex/miniconda3/share/pdk/sky130A/libs.tech/ngspice/corners/../../../libs.ref/sky130_fd_pr/spice/sky130_fd_pr__pfet_01v8_hvt__tt.pm3.spice
 at or near line 21474
 Device model XI1:X_070_:X1:SKY130_FD_PR__PFET_01V8_HVT__MODEL.80: Given
 pbswgd is less than 0.1. Pbswgd is set to 0.1
Netlist warning in file
 /home/alex/miniconda3/share/pdk/sky130A/libs.tech/ngspice/corners/../../../libs.ref/sky130_fd_pr/spice/sky130_fd_pr__nfet_01v8__tt.pm3.spice
 at or near line 23884
 Device model XI1:X_071_:X0:SKY130_FD_PR__NFET_01V8__MODEL.89: Model card
 specifies BSIM4 version 4.5 which is older than the oldest version supported
 in Xyce (4.6.1).  Using oldest version available.
 
Netlist warning in file
 /home/alex/miniconda3/share/pdk/sky130A/libs.tech/ngspice/corners/../../../libs.ref/sky130_fd_pr/spice/sky130_fd_pr__nfet_01v8__tt.pm3.spice
 at or near line 23884
 Device model XI1:X_071_:X0:SKY130_FD_PR__NFET_01V8__MODEL.89: Given pbswgd is
 less than 0.1. Pbswgd is set to 0.1
Netlist warning in file
 /home/alex/miniconda3/share/pdk/sky130A/libs.tech/ngspice/corners/../../../libs.ref/sky130_fd_pr/spice/sky130_fd_pr__pfet_01v8_hvt__tt.pm3.spice
 at or near line 21474
 Device model XI1:X_071_:X1:SKY130_FD_PR__PFET_01V8_HVT__MODEL.80: Model card
 specifies BSIM4 version 4.5 which is older than the oldest version supported
 in Xyce (4.6.1).  Using oldest version available.
 
Netlist warning in file
 /home/alex/miniconda3/share/pdk/sky130A/libs.tech/ngspice/corners/../../../libs.ref/sky130_fd_pr/spice/sky130_fd_pr__pfet_01v8_hvt__tt.pm3.spice
 at or near line 21474
 Device model XI1:X_071_:X1:SKY130_FD_PR__PFET_01V8_HVT__MODEL.80: Given
 pbswgd is less than 0.1. Pbswgd is set to 0.1
Netlist warning in file
 /home/alex/miniconda3/share/pdk/sky130A/libs.tech/ngspice/corners/../../../libs.ref/sky130_fd_pr/spice/sky130_fd_pr__nfet_01v8__tt.pm3.spice
 at or near line 23884
 Device model XI1:X_072_:X0:SKY130_FD_PR__NFET_01V8__MODEL.89: Model card
 specifies BSIM4 version 4.5 which is older than the oldest version supported
 in Xyce (4.6.1).  Using oldest version available.
 
Netlist warning in file
 /home/alex/miniconda3/share/pdk/sky130A/libs.tech/ngspice/corners/../../../libs.ref/sky130_fd_pr/spice/sky130_fd_pr__nfet_01v8__tt.pm3.spice
 at or near line 23884
 Device model XI1:X_072_:X0:SKY130_FD_PR__NFET_01V8__MODEL.89: Given pbswgd is
 less than 0.1. Pbswgd is set to 0.1
Netlist warning in file
 /home/alex/miniconda3/share/pdk/sky130A/libs.tech/ngspice/corners/../../../libs.ref/sky130_fd_pr/spice/sky130_fd_pr__pfet_01v8_hvt__tt.pm3.spice
 at or near line 21474
 Device model XI1:X_072_:X1:SKY130_FD_PR__PFET_01V8_HVT__MODEL.80: Model card
 specifies BSIM4 version 4.5 which is older than the oldest version supported
 in Xyce (4.6.1).  Using oldest version available.
 
Netlist warning in file
 /home/alex/miniconda3/share/pdk/sky130A/libs.tech/ngspice/corners/../../../libs.ref/sky130_fd_pr/spice/sky130_fd_pr__pfet_01v8_hvt__tt.pm3.spice
 at or near line 21474
 Device model XI1:X_072_:X1:SKY130_FD_PR__PFET_01V8_HVT__MODEL.80: Given
 pbswgd is less than 0.1. Pbswgd is set to 0.1
Netlist warning in file
 /home/alex/miniconda3/share/pdk/sky130A/libs.tech/ngspice/corners/../../../libs.ref/sky130_fd_pr/spice/sky130_fd_pr__nfet_01v8__tt.pm3.spice
 at or near line 23884
 Device model XI1:X_073_:X0:SKY130_FD_PR__NFET_01V8__MODEL.89: Model card
 specifies BSIM4 version 4.5 which is older than the oldest version supported
 in Xyce (4.6.1).  Using oldest version available.
 
Netlist warning in file
 /home/alex/miniconda3/share/pdk/sky130A/libs.tech/ngspice/corners/../../../libs.ref/sky130_fd_pr/spice/sky130_fd_pr__nfet_01v8__tt.pm3.spice
 at or near line 23884
 Device model XI1:X_073_:X0:SKY130_FD_PR__NFET_01V8__MODEL.89: Given pbswgd is
 less than 0.1. Pbswgd is set to 0.1
Netlist warning in file
 /home/alex/miniconda3/share/pdk/sky130A/libs.tech/ngspice/corners/../../../libs.ref/sky130_fd_pr/spice/sky130_fd_pr__pfet_01v8_hvt__tt.pm3.spice
 at or near line 21474
 Device model XI1:X_073_:X1:SKY130_FD_PR__PFET_01V8_HVT__MODEL.80: Model card
 specifies BSIM4 version 4.5 which is older than the oldest version supported
 in Xyce (4.6.1).  Using oldest version available.
 
Netlist warning in file
 /home/alex/miniconda3/share/pdk/sky130A/libs.tech/ngspice/corners/../../../libs.ref/sky130_fd_pr/spice/sky130_fd_pr__pfet_01v8_hvt__tt.pm3.spice
 at or near line 21474
 Device model XI1:X_073_:X1:SKY130_FD_PR__PFET_01V8_HVT__MODEL.80: Given
 pbswgd is less than 0.1. Pbswgd is set to 0.1
Netlist warning in file
 /home/alex/miniconda3/share/pdk/sky130A/libs.tech/ngspice/corners/../../../libs.ref/sky130_fd_pr/spice/sky130_fd_pr__nfet_01v8__tt.pm3.spice
 at or near line 23884
 Device model XI1:X_074_:X0:SKY130_FD_PR__NFET_01V8__MODEL.89: Model card
 specifies BSIM4 version 4.5 which is older than the oldest version supported
 in Xyce (4.6.1).  Using oldest version available.
 
Netlist warning in file
 /home/alex/miniconda3/share/pdk/sky130A/libs.tech/ngspice/corners/../../../libs.ref/sky130_fd_pr/spice/sky130_fd_pr__nfet_01v8__tt.pm3.spice
 at or near line 23884
 Device model XI1:X_074_:X0:SKY130_FD_PR__NFET_01V8__MODEL.89: Given pbswgd is
 less than 0.1. Pbswgd is set to 0.1
Netlist warning in file
 /home/alex/miniconda3/share/pdk/sky130A/libs.tech/ngspice/corners/../../../libs.ref/sky130_fd_pr/spice/sky130_fd_pr__pfet_01v8_hvt__tt.pm3.spice
 at or near line 21474
 Device model XI1:X_074_:X1:SKY130_FD_PR__PFET_01V8_HVT__MODEL.80: Model card
 specifies BSIM4 version 4.5 which is older than the oldest version supported
 in Xyce (4.6.1).  Using oldest version available.
 
Netlist warning in file
 /home/alex/miniconda3/share/pdk/sky130A/libs.tech/ngspice/corners/../../../libs.ref/sky130_fd_pr/spice/sky130_fd_pr__pfet_01v8_hvt__tt.pm3.spice
 at or near line 21474
 Device model XI1:X_074_:X1:SKY130_FD_PR__PFET_01V8_HVT__MODEL.80: Given
 pbswgd is less than 0.1. Pbswgd is set to 0.1
Netlist warning in file
 /home/alex/miniconda3/share/pdk/sky130A/libs.tech/ngspice/corners/../../../libs.ref/sky130_fd_pr/spice/sky130_fd_pr__nfet_01v8__tt.pm3.spice
 at or near line 23884
 Device model XI1:X_075_:X0:SKY130_FD_PR__NFET_01V8__MODEL.89: Model card
 specifies BSIM4 version 4.5 which is older than the oldest version supported
 in Xyce (4.6.1).  Using oldest version available.
 
Netlist warning in file
 /home/alex/miniconda3/share/pdk/sky130A/libs.tech/ngspice/corners/../../../libs.ref/sky130_fd_pr/spice/sky130_fd_pr__nfet_01v8__tt.pm3.spice
 at or near line 23884
 Device model XI1:X_075_:X0:SKY130_FD_PR__NFET_01V8__MODEL.89: Given pbswgd is
 less than 0.1. Pbswgd is set to 0.1
Netlist warning in file
 /home/alex/miniconda3/share/pdk/sky130A/libs.tech/ngspice/corners/../../../libs.ref/sky130_fd_pr/spice/sky130_fd_pr__pfet_01v8_hvt__tt.pm3.spice
 at or near line 21474
 Device model XI1:X_075_:X1:SKY130_FD_PR__PFET_01V8_HVT__MODEL.80: Model card
 specifies BSIM4 version 4.5 which is older than the oldest version supported
 in Xyce (4.6.1).  Using oldest version available.
 
Netlist warning in file
 /home/alex/miniconda3/share/pdk/sky130A/libs.tech/ngspice/corners/../../../libs.ref/sky130_fd_pr/spice/sky130_fd_pr__pfet_01v8_hvt__tt.pm3.spice
 at or near line 21474
 Device model XI1:X_075_:X1:SKY130_FD_PR__PFET_01V8_HVT__MODEL.80: Given
 pbswgd is less than 0.1. Pbswgd is set to 0.1
Netlist warning in file
 /home/alex/miniconda3/share/pdk/sky130A/libs.tech/ngspice/corners/../../../libs.ref/sky130_fd_pr/spice/sky130_fd_pr__nfet_01v8__tt.pm3.spice
 at or near line 23884
 Device model XI1:X_076_:X0:SKY130_FD_PR__NFET_01V8__MODEL.89: Model card
 specifies BSIM4 version 4.5 which is older than the oldest version supported
 in Xyce (4.6.1).  Using oldest version available.
 
Netlist warning in file
 /home/alex/miniconda3/share/pdk/sky130A/libs.tech/ngspice/corners/../../../libs.ref/sky130_fd_pr/spice/sky130_fd_pr__nfet_01v8__tt.pm3.spice
 at or near line 23884
 Device model XI1:X_076_:X0:SKY130_FD_PR__NFET_01V8__MODEL.89: Given pbswgd is
 less than 0.1. Pbswgd is set to 0.1
Netlist warning in file
 /home/alex/miniconda3/share/pdk/sky130A/libs.tech/ngspice/corners/../../../libs.ref/sky130_fd_pr/spice/sky130_fd_pr__pfet_01v8_hvt__tt.pm3.spice
 at or near line 21474
 Device model XI1:X_076_:X1:SKY130_FD_PR__PFET_01V8_HVT__MODEL.80: Model card
 specifies BSIM4 version 4.5 which is older than the oldest version supported
 in Xyce (4.6.1).  Using oldest version available.
 
Netlist warning in file
 /home/alex/miniconda3/share/pdk/sky130A/libs.tech/ngspice/corners/../../../libs.ref/sky130_fd_pr/spice/sky130_fd_pr__pfet_01v8_hvt__tt.pm3.spice
 at or near line 21474
 Device model XI1:X_076_:X1:SKY130_FD_PR__PFET_01V8_HVT__MODEL.80: Given
 pbswgd is less than 0.1. Pbswgd is set to 0.1
Netlist warning in file
 /home/alex/miniconda3/share/pdk/sky130A/libs.tech/ngspice/corners/../../../libs.ref/sky130_fd_pr/spice/sky130_fd_pr__nfet_01v8__tt.pm3.spice
 at or near line 23884
 Device model XI1:X_077_:X0:SKY130_FD_PR__NFET_01V8__MODEL.89: Model card
 specifies BSIM4 version 4.5 which is older than the oldest version supported
 in Xyce (4.6.1).  Using oldest version available.
 
Netlist warning in file
 /home/alex/miniconda3/share/pdk/sky130A/libs.tech/ngspice/corners/../../../libs.ref/sky130_fd_pr/spice/sky130_fd_pr__nfet_01v8__tt.pm3.spice
 at or near line 23884
 Device model XI1:X_077_:X0:SKY130_FD_PR__NFET_01V8__MODEL.89: Given pbswgd is
 less than 0.1. Pbswgd is set to 0.1
Netlist warning in file
 /home/alex/miniconda3/share/pdk/sky130A/libs.tech/ngspice/corners/../../../libs.ref/sky130_fd_pr/spice/sky130_fd_pr__pfet_01v8_hvt__tt.pm3.spice
 at or near line 21474
 Device model XI1:X_077_:X1:SKY130_FD_PR__PFET_01V8_HVT__MODEL.80: Model card
 specifies BSIM4 version 4.5 which is older than the oldest version supported
 in Xyce (4.6.1).  Using oldest version available.
 
Netlist warning in file
 /home/alex/miniconda3/share/pdk/sky130A/libs.tech/ngspice/corners/../../../libs.ref/sky130_fd_pr/spice/sky130_fd_pr__pfet_01v8_hvt__tt.pm3.spice
 at or near line 21474
 Device model XI1:X_077_:X1:SKY130_FD_PR__PFET_01V8_HVT__MODEL.80: Given
 pbswgd is less than 0.1. Pbswgd is set to 0.1
Netlist warning in file
 /home/alex/miniconda3/share/pdk/sky130A/libs.tech/ngspice/corners/../../../libs.ref/sky130_fd_pr/spice/sky130_fd_pr__nfet_01v8__tt.pm3.spice
 at or near line 23884
 Device model XI1:X_078_:X0:SKY130_FD_PR__NFET_01V8__MODEL.89: Model card
 specifies BSIM4 version 4.5 which is older than the oldest version supported
 in Xyce (4.6.1).  Using oldest version available.
 
Netlist warning in file
 /home/alex/miniconda3/share/pdk/sky130A/libs.tech/ngspice/corners/../../../libs.ref/sky130_fd_pr/spice/sky130_fd_pr__nfet_01v8__tt.pm3.spice
 at or near line 23884
 Device model XI1:X_078_:X0:SKY130_FD_PR__NFET_01V8__MODEL.89: Given pbswgd is
 less than 0.1. Pbswgd is set to 0.1
Netlist warning in file
 /home/alex/miniconda3/share/pdk/sky130A/libs.tech/ngspice/corners/../../../libs.ref/sky130_fd_pr/spice/sky130_fd_pr__pfet_01v8_hvt__tt.pm3.spice
 at or near line 21474
 Device model XI1:X_078_:X1:SKY130_FD_PR__PFET_01V8_HVT__MODEL.80: Model card
 specifies BSIM4 version 4.5 which is older than the oldest version supported
 in Xyce (4.6.1).  Using oldest version available.
 
Netlist warning in file
 /home/alex/miniconda3/share/pdk/sky130A/libs.tech/ngspice/corners/../../../libs.ref/sky130_fd_pr/spice/sky130_fd_pr__pfet_01v8_hvt__tt.pm3.spice
 at or near line 21474
 Device model XI1:X_078_:X1:SKY130_FD_PR__PFET_01V8_HVT__MODEL.80: Given
 pbswgd is less than 0.1. Pbswgd is set to 0.1
Netlist warning in file
 /home/alex/miniconda3/share/pdk/sky130A/libs.tech/ngspice/corners/../../../libs.ref/sky130_fd_pr/spice/sky130_fd_pr__nfet_01v8__tt.pm3.spice
 at or near line 23884
 Device model XI1:X_079_:X0:SKY130_FD_PR__NFET_01V8__MODEL.89: Model card
 specifies BSIM4 version 4.5 which is older than the oldest version supported
 in Xyce (4.6.1).  Using oldest version available.
 
Netlist warning in file
 /home/alex/miniconda3/share/pdk/sky130A/libs.tech/ngspice/corners/../../../libs.ref/sky130_fd_pr/spice/sky130_fd_pr__nfet_01v8__tt.pm3.spice
 at or near line 23884
 Device model XI1:X_079_:X0:SKY130_FD_PR__NFET_01V8__MODEL.89: Given pbswgd is
 less than 0.1. Pbswgd is set to 0.1
Netlist warning in file
 /home/alex/miniconda3/share/pdk/sky130A/libs.tech/ngspice/corners/../../../libs.ref/sky130_fd_pr/spice/sky130_fd_pr__pfet_01v8_hvt__tt.pm3.spice
 at or near line 21474
 Device model XI1:X_079_:X1:SKY130_FD_PR__PFET_01V8_HVT__MODEL.80: Model card
 specifies BSIM4 version 4.5 which is older than the oldest version supported
 in Xyce (4.6.1).  Using oldest version available.
 
Netlist warning in file
 /home/alex/miniconda3/share/pdk/sky130A/libs.tech/ngspice/corners/../../../libs.ref/sky130_fd_pr/spice/sky130_fd_pr__pfet_01v8_hvt__tt.pm3.spice
 at or near line 21474
 Device model XI1:X_079_:X1:SKY130_FD_PR__PFET_01V8_HVT__MODEL.80: Given
 pbswgd is less than 0.1. Pbswgd is set to 0.1
Netlist warning in file
 /home/alex/miniconda3/share/pdk/sky130A/libs.tech/ngspice/corners/../../../libs.ref/sky130_fd_pr/spice/sky130_fd_pr__nfet_01v8__tt.pm3.spice
 at or near line 23884
 Device model XI1:X_080_:X0:SKY130_FD_PR__NFET_01V8__MODEL.89: Model card
 specifies BSIM4 version 4.5 which is older than the oldest version supported
 in Xyce (4.6.1).  Using oldest version available.
 
Netlist warning in file
 /home/alex/miniconda3/share/pdk/sky130A/libs.tech/ngspice/corners/../../../libs.ref/sky130_fd_pr/spice/sky130_fd_pr__nfet_01v8__tt.pm3.spice
 at or near line 23884
 Device model XI1:X_080_:X0:SKY130_FD_PR__NFET_01V8__MODEL.89: Given pbswgd is
 less than 0.1. Pbswgd is set to 0.1
Netlist warning in file
 /home/alex/miniconda3/share/pdk/sky130A/libs.tech/ngspice/corners/../../../libs.ref/sky130_fd_pr/spice/sky130_fd_pr__pfet_01v8_hvt__tt.pm3.spice
 at or near line 21474
 Device model XI1:X_080_:X1:SKY130_FD_PR__PFET_01V8_HVT__MODEL.80: Model card
 specifies BSIM4 version 4.5 which is older than the oldest version supported
 in Xyce (4.6.1).  Using oldest version available.
 
Netlist warning in file
 /home/alex/miniconda3/share/pdk/sky130A/libs.tech/ngspice/corners/../../../libs.ref/sky130_fd_pr/spice/sky130_fd_pr__pfet_01v8_hvt__tt.pm3.spice
 at or near line 21474
 Device model XI1:X_080_:X1:SKY130_FD_PR__PFET_01V8_HVT__MODEL.80: Given
 pbswgd is less than 0.1. Pbswgd is set to 0.1
Netlist warning in file
 /home/alex/miniconda3/share/pdk/sky130A/libs.tech/ngspice/corners/../../../libs.ref/sky130_fd_pr/spice/sky130_fd_pr__nfet_01v8__tt.pm3.spice
 at or near line 23884
 Device model XI1:X_081_:X0:SKY130_FD_PR__NFET_01V8__MODEL.89: Model card
 specifies BSIM4 version 4.5 which is older than the oldest version supported
 in Xyce (4.6.1).  Using oldest version available.
 
Netlist warning in file
 /home/alex/miniconda3/share/pdk/sky130A/libs.tech/ngspice/corners/../../../libs.ref/sky130_fd_pr/spice/sky130_fd_pr__nfet_01v8__tt.pm3.spice
 at or near line 23884
 Device model XI1:X_081_:X0:SKY130_FD_PR__NFET_01V8__MODEL.89: Given pbswgd is
 less than 0.1. Pbswgd is set to 0.1
Netlist warning in file
 /home/alex/miniconda3/share/pdk/sky130A/libs.tech/ngspice/corners/../../../libs.ref/sky130_fd_pr/spice/sky130_fd_pr__pfet_01v8_hvt__tt.pm3.spice
 at or near line 21474
 Device model XI1:X_081_:X1:SKY130_FD_PR__PFET_01V8_HVT__MODEL.80: Model card
 specifies BSIM4 version 4.5 which is older than the oldest version supported
 in Xyce (4.6.1).  Using oldest version available.
 
Netlist warning in file
 /home/alex/miniconda3/share/pdk/sky130A/libs.tech/ngspice/corners/../../../libs.ref/sky130_fd_pr/spice/sky130_fd_pr__pfet_01v8_hvt__tt.pm3.spice
 at or near line 21474
 Device model XI1:X_081_:X1:SKY130_FD_PR__PFET_01V8_HVT__MODEL.80: Given
 pbswgd is less than 0.1. Pbswgd is set to 0.1
Netlist warning in file
 /home/alex/miniconda3/share/pdk/sky130A/libs.tech/ngspice/corners/../../../libs.ref/sky130_fd_pr/spice/sky130_fd_pr__nfet_01v8__tt.pm3.spice
 at or near line 23884
 Device model XI1:X_082_:X0:SKY130_FD_PR__NFET_01V8__MODEL.89: Model card
 specifies BSIM4 version 4.5 which is older than the oldest version supported
 in Xyce (4.6.1).  Using oldest version available.
 
Netlist warning in file
 /home/alex/miniconda3/share/pdk/sky130A/libs.tech/ngspice/corners/../../../libs.ref/sky130_fd_pr/spice/sky130_fd_pr__nfet_01v8__tt.pm3.spice
 at or near line 23884
 Device model XI1:X_082_:X0:SKY130_FD_PR__NFET_01V8__MODEL.89: Given pbswgd is
 less than 0.1. Pbswgd is set to 0.1
Netlist warning in file
 /home/alex/miniconda3/share/pdk/sky130A/libs.tech/ngspice/corners/../../../libs.ref/sky130_fd_pr/spice/sky130_fd_pr__pfet_01v8_hvt__tt.pm3.spice
 at or near line 21474
 Device model XI1:X_082_:X1:SKY130_FD_PR__PFET_01V8_HVT__MODEL.80: Model card
 specifies BSIM4 version 4.5 which is older than the oldest version supported
 in Xyce (4.6.1).  Using oldest version available.
 
Netlist warning in file
 /home/alex/miniconda3/share/pdk/sky130A/libs.tech/ngspice/corners/../../../libs.ref/sky130_fd_pr/spice/sky130_fd_pr__pfet_01v8_hvt__tt.pm3.spice
 at or near line 21474
 Device model XI1:X_082_:X1:SKY130_FD_PR__PFET_01V8_HVT__MODEL.80: Given
 pbswgd is less than 0.1. Pbswgd is set to 0.1
Netlist warning in file
 /home/alex/miniconda3/share/pdk/sky130A/libs.tech/ngspice/corners/../../../libs.ref/sky130_fd_pr/spice/sky130_fd_pr__nfet_01v8__tt.pm3.spice
 at or near line 23884
 Device model XI1:X_083_:X0:SKY130_FD_PR__NFET_01V8__MODEL.89: Model card
 specifies BSIM4 version 4.5 which is older than the oldest version supported
 in Xyce (4.6.1).  Using oldest version available.
 
Netlist warning in file
 /home/alex/miniconda3/share/pdk/sky130A/libs.tech/ngspice/corners/../../../libs.ref/sky130_fd_pr/spice/sky130_fd_pr__nfet_01v8__tt.pm3.spice
 at or near line 23884
 Device model XI1:X_083_:X0:SKY130_FD_PR__NFET_01V8__MODEL.89: Given pbswgd is
 less than 0.1. Pbswgd is set to 0.1
Netlist warning in file
 /home/alex/miniconda3/share/pdk/sky130A/libs.tech/ngspice/corners/../../../libs.ref/sky130_fd_pr/spice/sky130_fd_pr__pfet_01v8_hvt__tt.pm3.spice
 at or near line 21474
 Device model XI1:X_083_:X1:SKY130_FD_PR__PFET_01V8_HVT__MODEL.80: Model card
 specifies BSIM4 version 4.5 which is older than the oldest version supported
 in Xyce (4.6.1).  Using oldest version available.
 
Netlist warning in file
 /home/alex/miniconda3/share/pdk/sky130A/libs.tech/ngspice/corners/../../../libs.ref/sky130_fd_pr/spice/sky130_fd_pr__pfet_01v8_hvt__tt.pm3.spice
 at or near line 21474
 Device model XI1:X_083_:X1:SKY130_FD_PR__PFET_01V8_HVT__MODEL.80: Given
 pbswgd is less than 0.1. Pbswgd is set to 0.1
Netlist warning in file
 /home/alex/miniconda3/share/pdk/sky130A/libs.tech/ngspice/corners/../../../libs.ref/sky130_fd_pr/spice/sky130_fd_pr__pfet_01v8_hvt__tt.pm3.spice
 at or near line 21474
 Device model XI1:X_093_:X0:SKY130_FD_PR__PFET_01V8_HVT__MODEL.80: Model card
 specifies BSIM4 version 4.5 which is older than the oldest version supported
 in Xyce (4.6.1).  Using oldest version available.
 
Netlist warning in file
 /home/alex/miniconda3/share/pdk/sky130A/libs.tech/ngspice/corners/../../../libs.ref/sky130_fd_pr/spice/sky130_fd_pr__pfet_01v8_hvt__tt.pm3.spice
 at or near line 21474
 Device model XI1:X_093_:X0:SKY130_FD_PR__PFET_01V8_HVT__MODEL.80: Given
 pbswgd is less than 0.1. Pbswgd is set to 0.1
Netlist warning in file
 /home/alex/miniconda3/share/pdk/sky130A/libs.tech/ngspice/corners/../../../libs.ref/sky130_fd_pr/spice/sky130_fd_pr__pfet_01v8_hvt__tt.pm3.spice
 at or near line 21474
 Device model XI1:X_093_:X1:SKY130_FD_PR__PFET_01V8_HVT__MODEL.80: Model card
 specifies BSIM4 version 4.5 which is older than the oldest version supported
 in Xyce (4.6.1).  Using oldest version available.
 
Netlist warning in file
 /home/alex/miniconda3/share/pdk/sky130A/libs.tech/ngspice/corners/../../../libs.ref/sky130_fd_pr/spice/sky130_fd_pr__pfet_01v8_hvt__tt.pm3.spice
 at or near line 21474
 Device model XI1:X_093_:X1:SKY130_FD_PR__PFET_01V8_HVT__MODEL.80: Given
 pbswgd is less than 0.1. Pbswgd is set to 0.1
Netlist warning in file
 /home/alex/miniconda3/share/pdk/sky130A/libs.tech/ngspice/corners/../../../libs.ref/sky130_fd_pr/spice/sky130_fd_pr__nfet_01v8__tt.pm3.spice
 at or near line 23884
 Device model XI1:X_093_:X2:SKY130_FD_PR__NFET_01V8__MODEL.89: Model card
 specifies BSIM4 version 4.5 which is older than the oldest version supported
 in Xyce (4.6.1).  Using oldest version available.
 
Netlist warning in file
 /home/alex/miniconda3/share/pdk/sky130A/libs.tech/ngspice/corners/../../../libs.ref/sky130_fd_pr/spice/sky130_fd_pr__nfet_01v8__tt.pm3.spice
 at or near line 23884
 Device model XI1:X_093_:X2:SKY130_FD_PR__NFET_01V8__MODEL.89: Given pbswgd is
 less than 0.1. Pbswgd is set to 0.1
Netlist warning in file
 /home/alex/miniconda3/share/pdk/sky130A/libs.tech/ngspice/corners/../../../libs.ref/sky130_fd_pr/spice/sky130_fd_pr__nfet_01v8__tt.pm3.spice
 at or near line 23884
 Device model XI1:X_093_:X3:SKY130_FD_PR__NFET_01V8__MODEL.89: Model card
 specifies BSIM4 version 4.5 which is older than the oldest version supported
 in Xyce (4.6.1).  Using oldest version available.
 
Netlist warning in file
 /home/alex/miniconda3/share/pdk/sky130A/libs.tech/ngspice/corners/../../../libs.ref/sky130_fd_pr/spice/sky130_fd_pr__nfet_01v8__tt.pm3.spice
 at or near line 23884
 Device model XI1:X_093_:X3:SKY130_FD_PR__NFET_01V8__MODEL.89: Given pbswgd is
 less than 0.1. Pbswgd is set to 0.1
Netlist warning in file
 /home/alex/miniconda3/share/pdk/sky130A/libs.tech/ngspice/corners/../../../libs.ref/sky130_fd_pr/spice/sky130_fd_pr__nfet_01v8__tt.pm3.spice
 at or near line 23884
 Device model XI1:X_104_:X0:SKY130_FD_PR__NFET_01V8__MODEL.89: Model card
 specifies BSIM4 version 4.5 which is older than the oldest version supported
 in Xyce (4.6.1).  Using oldest version available.
 
Netlist warning in file
 /home/alex/miniconda3/share/pdk/sky130A/libs.tech/ngspice/corners/../../../libs.ref/sky130_fd_pr/spice/sky130_fd_pr__nfet_01v8__tt.pm3.spice
 at or near line 23884
 Device model XI1:X_104_:X0:SKY130_FD_PR__NFET_01V8__MODEL.89: Given pbswgd is
 less than 0.1. Pbswgd is set to 0.1
Netlist warning in file
 /home/alex/miniconda3/share/pdk/sky130A/libs.tech/ngspice/corners/../../../libs.ref/sky130_fd_pr/spice/sky130_fd_pr__pfet_01v8_hvt__tt.pm3.spice
 at or near line 21474
 Device model XI1:X_104_:X1:SKY130_FD_PR__PFET_01V8_HVT__MODEL.80: Model card
 specifies BSIM4 version 4.5 which is older than the oldest version supported
 in Xyce (4.6.1).  Using oldest version available.
 
Netlist warning in file
 /home/alex/miniconda3/share/pdk/sky130A/libs.tech/ngspice/corners/../../../libs.ref/sky130_fd_pr/spice/sky130_fd_pr__pfet_01v8_hvt__tt.pm3.spice
 at or near line 21474
 Device model XI1:X_104_:X1:SKY130_FD_PR__PFET_01V8_HVT__MODEL.80: Given
 pbswgd is less than 0.1. Pbswgd is set to 0.1
Netlist warning in file
 /home/alex/miniconda3/share/pdk/sky130A/libs.tech/ngspice/corners/../../../libs.ref/sky130_fd_pr/spice/sky130_fd_pr__nfet_01v8__tt.pm3.spice
 at or near line 23884
 Device model XI1:X_108_:X0:SKY130_FD_PR__NFET_01V8__MODEL.89: Model card
 specifies BSIM4 version 4.5 which is older than the oldest version supported
 in Xyce (4.6.1).  Using oldest version available.
 
Netlist warning in file
 /home/alex/miniconda3/share/pdk/sky130A/libs.tech/ngspice/corners/../../../libs.ref/sky130_fd_pr/spice/sky130_fd_pr__nfet_01v8__tt.pm3.spice
 at or near line 23884
 Device model XI1:X_108_:X0:SKY130_FD_PR__NFET_01V8__MODEL.89: Given pbswgd is
 less than 0.1. Pbswgd is set to 0.1
Netlist warning in file
 /home/alex/miniconda3/share/pdk/sky130A/libs.tech/ngspice/corners/../../../libs.ref/sky130_fd_pr/spice/sky130_fd_pr__pfet_01v8_hvt__tt.pm3.spice
 at or near line 21474
 Device model XI1:X_108_:X1:SKY130_FD_PR__PFET_01V8_HVT__MODEL.80: Model card
 specifies BSIM4 version 4.5 which is older than the oldest version supported
 in Xyce (4.6.1).  Using oldest version available.
 
Netlist warning in file
 /home/alex/miniconda3/share/pdk/sky130A/libs.tech/ngspice/corners/../../../libs.ref/sky130_fd_pr/spice/sky130_fd_pr__pfet_01v8_hvt__tt.pm3.spice
 at or near line 21474
 Device model XI1:X_108_:X1:SKY130_FD_PR__PFET_01V8_HVT__MODEL.80: Given
 pbswgd is less than 0.1. Pbswgd is set to 0.1
Netlist warning in file
 /home/alex/miniconda3/share/pdk/sky130A/libs.tech/ngspice/corners/../../../libs.ref/sky130_fd_pr/spice/sky130_fd_pr__nfet_01v8__tt.pm3.spice
 at or near line 23884
 Device model XI1:X_110_:X0:SKY130_FD_PR__NFET_01V8__MODEL.89: Model card
 specifies BSIM4 version 4.5 which is older than the oldest version supported
 in Xyce (4.6.1).  Using oldest version available.
 
Netlist warning in file
 /home/alex/miniconda3/share/pdk/sky130A/libs.tech/ngspice/corners/../../../libs.ref/sky130_fd_pr/spice/sky130_fd_pr__nfet_01v8__tt.pm3.spice
 at or near line 23884
 Device model XI1:X_110_:X0:SKY130_FD_PR__NFET_01V8__MODEL.89: Given pbswgd is
 less than 0.1. Pbswgd is set to 0.1
Netlist warning in file
 /home/alex/miniconda3/share/pdk/sky130A/libs.tech/ngspice/corners/../../../libs.ref/sky130_fd_pr/spice/sky130_fd_pr__pfet_01v8_hvt__tt.pm3.spice
 at or near line 21474
 Device model XI1:X_110_:X1:SKY130_FD_PR__PFET_01V8_HVT__MODEL.80: Model card
 specifies BSIM4 version 4.5 which is older than the oldest version supported
 in Xyce (4.6.1).  Using oldest version available.
 
Netlist warning in file
 /home/alex/miniconda3/share/pdk/sky130A/libs.tech/ngspice/corners/../../../libs.ref/sky130_fd_pr/spice/sky130_fd_pr__pfet_01v8_hvt__tt.pm3.spice
 at or near line 21474
 Device model XI1:X_110_:X1:SKY130_FD_PR__PFET_01V8_HVT__MODEL.80: Given
 pbswgd is less than 0.1. Pbswgd is set to 0.1
Netlist warning in file
 /home/alex/miniconda3/share/pdk/sky130A/libs.tech/ngspice/corners/../../../libs.ref/sky130_fd_pr/spice/sky130_fd_pr__nfet_01v8__tt.pm3.spice
 at or near line 23884
 Device model XI1:X_112_:X0:SKY130_FD_PR__NFET_01V8__MODEL.89: Model card
 specifies BSIM4 version 4.5 which is older than the oldest version supported
 in Xyce (4.6.1).  Using oldest version available.
 
Netlist warning in file
 /home/alex/miniconda3/share/pdk/sky130A/libs.tech/ngspice/corners/../../../libs.ref/sky130_fd_pr/spice/sky130_fd_pr__nfet_01v8__tt.pm3.spice
 at or near line 23884
 Device model XI1:X_112_:X0:SKY130_FD_PR__NFET_01V8__MODEL.89: Given pbswgd is
 less than 0.1. Pbswgd is set to 0.1
Netlist warning in file
 /home/alex/miniconda3/share/pdk/sky130A/libs.tech/ngspice/corners/../../../libs.ref/sky130_fd_pr/spice/sky130_fd_pr__pfet_01v8_hvt__tt.pm3.spice
 at or near line 21474
 Device model XI1:X_112_:X1:SKY130_FD_PR__PFET_01V8_HVT__MODEL.80: Model card
 specifies BSIM4 version 4.5 which is older than the oldest version supported
 in Xyce (4.6.1).  Using oldest version available.
 
Netlist warning in file
 /home/alex/miniconda3/share/pdk/sky130A/libs.tech/ngspice/corners/../../../libs.ref/sky130_fd_pr/spice/sky130_fd_pr__pfet_01v8_hvt__tt.pm3.spice
 at or near line 21474
 Device model XI1:X_112_:X1:SKY130_FD_PR__PFET_01V8_HVT__MODEL.80: Given
 pbswgd is less than 0.1. Pbswgd is set to 0.1
Netlist warning in file
 /home/alex/miniconda3/share/pdk/sky130A/libs.tech/ngspice/corners/../../../libs.ref/sky130_fd_pr/spice/sky130_fd_pr__nfet_01v8__tt.pm3.spice
 at or near line 23884
 Device model XI1:X_114_:X0:SKY130_FD_PR__NFET_01V8__MODEL.89: Model card
 specifies BSIM4 version 4.5 which is older than the oldest version supported
 in Xyce (4.6.1).  Using oldest version available.
 
Netlist warning in file
 /home/alex/miniconda3/share/pdk/sky130A/libs.tech/ngspice/corners/../../../libs.ref/sky130_fd_pr/spice/sky130_fd_pr__nfet_01v8__tt.pm3.spice
 at or near line 23884
 Device model XI1:X_114_:X0:SKY130_FD_PR__NFET_01V8__MODEL.89: Given pbswgd is
 less than 0.1. Pbswgd is set to 0.1
Netlist warning in file
 /home/alex/miniconda3/share/pdk/sky130A/libs.tech/ngspice/corners/../../../libs.ref/sky130_fd_pr/spice/sky130_fd_pr__pfet_01v8_hvt__tt.pm3.spice
 at or near line 21474
 Device model XI1:X_114_:X1:SKY130_FD_PR__PFET_01V8_HVT__MODEL.80: Model card
 specifies BSIM4 version 4.5 which is older than the oldest version supported
 in Xyce (4.6.1).  Using oldest version available.
 
Netlist warning in file
 /home/alex/miniconda3/share/pdk/sky130A/libs.tech/ngspice/corners/../../../libs.ref/sky130_fd_pr/spice/sky130_fd_pr__pfet_01v8_hvt__tt.pm3.spice
 at or near line 21474
 Device model XI1:X_114_:X1:SKY130_FD_PR__PFET_01V8_HVT__MODEL.80: Given
 pbswgd is less than 0.1. Pbswgd is set to 0.1
Netlist warning in file
 /home/alex/miniconda3/share/pdk/sky130A/libs.tech/ngspice/corners/../../../libs.ref/sky130_fd_pr/spice/sky130_fd_pr__nfet_01v8__tt.pm3.spice
 at or near line 23884
 Device model XI1:X_116_:X0:SKY130_FD_PR__NFET_01V8__MODEL.89: Model card
 specifies BSIM4 version 4.5 which is older than the oldest version supported
 in Xyce (4.6.1).  Using oldest version available.
 
Netlist warning in file
 /home/alex/miniconda3/share/pdk/sky130A/libs.tech/ngspice/corners/../../../libs.ref/sky130_fd_pr/spice/sky130_fd_pr__nfet_01v8__tt.pm3.spice
 at or near line 23884
 Device model XI1:X_116_:X0:SKY130_FD_PR__NFET_01V8__MODEL.89: Given pbswgd is
 less than 0.1. Pbswgd is set to 0.1
Netlist warning in file
 /home/alex/miniconda3/share/pdk/sky130A/libs.tech/ngspice/corners/../../../libs.ref/sky130_fd_pr/spice/sky130_fd_pr__pfet_01v8_hvt__tt.pm3.spice
 at or near line 21474
 Device model XI1:X_116_:X1:SKY130_FD_PR__PFET_01V8_HVT__MODEL.80: Model card
 specifies BSIM4 version 4.5 which is older than the oldest version supported
 in Xyce (4.6.1).  Using oldest version available.
 
Netlist warning in file
 /home/alex/miniconda3/share/pdk/sky130A/libs.tech/ngspice/corners/../../../libs.ref/sky130_fd_pr/spice/sky130_fd_pr__pfet_01v8_hvt__tt.pm3.spice
 at or near line 21474
 Device model XI1:X_116_:X1:SKY130_FD_PR__PFET_01V8_HVT__MODEL.80: Given
 pbswgd is less than 0.1. Pbswgd is set to 0.1
Netlist warning in file
 /home/alex/miniconda3/share/pdk/sky130A/libs.tech/ngspice/corners/../../../libs.ref/sky130_fd_pr/spice/sky130_fd_pr__nfet_01v8__tt.pm3.spice
 at or near line 23884
 Device model XI1:X_118_:X0:SKY130_FD_PR__NFET_01V8__MODEL.89: Model card
 specifies BSIM4 version 4.5 which is older than the oldest version supported
 in Xyce (4.6.1).  Using oldest version available.
 
Netlist warning in file
 /home/alex/miniconda3/share/pdk/sky130A/libs.tech/ngspice/corners/../../../libs.ref/sky130_fd_pr/spice/sky130_fd_pr__nfet_01v8__tt.pm3.spice
 at or near line 23884
 Device model XI1:X_118_:X0:SKY130_FD_PR__NFET_01V8__MODEL.89: Given pbswgd is
 less than 0.1. Pbswgd is set to 0.1
Netlist warning in file
 /home/alex/miniconda3/share/pdk/sky130A/libs.tech/ngspice/corners/../../../libs.ref/sky130_fd_pr/spice/sky130_fd_pr__pfet_01v8_hvt__tt.pm3.spice
 at or near line 21474
 Device model XI1:X_118_:X1:SKY130_FD_PR__PFET_01V8_HVT__MODEL.80: Model card
 specifies BSIM4 version 4.5 which is older than the oldest version supported
 in Xyce (4.6.1).  Using oldest version available.
 
Netlist warning in file
 /home/alex/miniconda3/share/pdk/sky130A/libs.tech/ngspice/corners/../../../libs.ref/sky130_fd_pr/spice/sky130_fd_pr__pfet_01v8_hvt__tt.pm3.spice
 at or near line 21474
 Device model XI1:X_118_:X1:SKY130_FD_PR__PFET_01V8_HVT__MODEL.80: Given
 pbswgd is less than 0.1. Pbswgd is set to 0.1
Netlist warning in file
 /home/alex/miniconda3/share/pdk/sky130A/libs.tech/ngspice/corners/../../../libs.ref/sky130_fd_pr/spice/sky130_fd_pr__nfet_01v8__tt.pm3.spice
 at or near line 23884
 Device model XI1:X_120_:X0:SKY130_FD_PR__NFET_01V8__MODEL.89: Model card
 specifies BSIM4 version 4.5 which is older than the oldest version supported
 in Xyce (4.6.1).  Using oldest version available.
 
Netlist warning in file
 /home/alex/miniconda3/share/pdk/sky130A/libs.tech/ngspice/corners/../../../libs.ref/sky130_fd_pr/spice/sky130_fd_pr__nfet_01v8__tt.pm3.spice
 at or near line 23884
 Device model XI1:X_120_:X0:SKY130_FD_PR__NFET_01V8__MODEL.89: Given pbswgd is
 less than 0.1. Pbswgd is set to 0.1
Maximum warning count has been exceeded and will no longer be displayed
***** Setting up topology...

***** Device Count Summary ...
       C level 1 (Capacitor)                    1
       M level 14 (BSIM4)                     168
       V level 1 (Independent Voltage Source)   9
       ------------------------------------------
       Total Devices                          178
***** Setting up matrix structure...
***** Number of Unknowns = 640
***** Initializing...

***** Beginning DC Operating Point Calculation...

***** Beginning Transient Calculation...

***** Percent complete: 1.00002 %
***** Current system time: Sun Dec 25 06:30:38 2022
***** Estimated time to completion: 40 min., 23 sec.

***** Percent complete: 2.00009 %
***** Current system time: Sun Dec 25 06:31:00 2022
***** Estimated time to completion: 37 min., 51 sec.

***** Percent complete: 3.00033 %
***** Current system time: Sun Dec 25 06:31:23 2022
***** Estimated time to completion: 37 min., 20 sec.

***** Percent complete: 4.00049 %
***** Current system time: Sun Dec 25 06:31:48 2022
***** Estimated time to completion: 37 min., 46 sec.

***** Percent complete: 5.00101 %
***** Current system time: Sun Dec 25 06:32:11 2022
***** Estimated time to completion: 37 min.,  5 sec.

***** Percent complete: 6.0013 %
***** Current system time: Sun Dec 25 06:32:33 2022
***** Estimated time to completion: 36 min., 24 sec.

***** Percent complete: 7.00142 %
***** Current system time: Sun Dec 25 06:32:55 2022
***** Estimated time to completion: 35 min., 37 sec.

***** Percent complete: 8.00191 %
***** Current system time: Sun Dec 25 06:33:17 2022
***** Estimated time to completion: 35 min.,  8 sec.

***** Percent complete: 9.00222 %
***** Current system time: Sun Dec 25 06:33:40 2022
***** Estimated time to completion: 34 min., 43 sec.

***** Percent complete: 10.0028 %
***** Current system time: Sun Dec 25 06:34:02 2022
***** Estimated time to completion: 34 min., 18 sec.

***** Percent complete: 11.0032 %
***** Current system time: Sun Dec 25 06:34:26 2022
***** Estimated time to completion: 33 min., 57 sec.

***** Percent complete: 12.0033 %
***** Current system time: Sun Dec 25 06:34:47 2022
***** Estimated time to completion: 33 min., 27 sec.

***** Percent complete: 13.0034 %
***** Current system time: Sun Dec 25 06:35:09 2022
***** Estimated time to completion: 32 min., 57 sec.

***** Percent complete: 14.0041 %
***** Current system time: Sun Dec 25 06:35:32 2022
***** Estimated time to completion: 32 min., 37 sec.

***** Percent complete: 15.0044 %
***** Current system time: Sun Dec 25 06:35:54 2022
***** Estimated time to completion: 32 min.,  9 sec.

***** Percent complete: 16.0044 %
***** Current system time: Sun Dec 25 06:36:16 2022
***** Estimated time to completion: 31 min., 42 sec.

***** Percent complete: 17.0044 %
***** Current system time: Sun Dec 25 06:36:38 2022
***** Estimated time to completion: 31 min., 14 sec.

***** Percent complete: 18.0045 %
***** Current system time: Sun Dec 25 06:37:00 2022
***** Estimated time to completion: 30 min., 51 sec.

***** Percent complete: 19.0051 %
***** Current system time: Sun Dec 25 06:37:22 2022
***** Estimated time to completion: 30 min., 28 sec.

***** Percent complete: 20.0055 %
***** Current system time: Sun Dec 25 06:37:45 2022
***** Estimated time to completion: 30 min.,  4 sec.

***** Percent complete: 21.0059 %
***** Current system time: Sun Dec 25 06:38:07 2022
***** Estimated time to completion: 29 min., 39 sec.

***** Percent complete: 22.0064 %
***** Current system time: Sun Dec 25 06:38:29 2022
***** Estimated time to completion: 29 min., 16 sec.

***** Percent complete: 23.0065 %
***** Current system time: Sun Dec 25 06:38:52 2022
***** Estimated time to completion: 28 min., 56 sec.

***** Percent complete: 24.0071 %
***** Current system time: Sun Dec 25 06:39:14 2022
***** Estimated time to completion: 28 min., 29 sec.

***** Percent complete: 25.0073 %
***** Current system time: Sun Dec 25 06:39:36 2022
***** Estimated time to completion: 28 min.,  5 sec.

***** Percent complete: 26.0074 %
***** Current system time: Sun Dec 25 06:39:57 2022
***** Estimated time to completion: 27 min., 40 sec.

***** Percent complete: 27.0081 %
***** Current system time: Sun Dec 25 06:40:19 2022
***** Estimated time to completion: 27 min., 17 sec.

***** Percent complete: 28.0087 %
***** Current system time: Sun Dec 25 06:40:42 2022
***** Estimated time to completion: 26 min., 54 sec.

***** Percent complete: 29.0088 %
***** Current system time: Sun Dec 25 06:41:05 2022
***** Estimated time to completion: 26 min., 33 sec.

***** Percent complete: 30.0092 %
***** Current system time: Sun Dec 25 06:41:27 2022
***** Estimated time to completion: 26 min., 11 sec.

***** Percent complete: 31.0094 %
***** Current system time: Sun Dec 25 06:41:50 2022
***** Estimated time to completion: 25 min., 48 sec.

***** Percent complete: 32.0097 %
***** Current system time: Sun Dec 25 06:42:12 2022
***** Estimated time to completion: 25 min., 27 sec.

***** Percent complete: 33.0102 %
***** Current system time: Sun Dec 25 06:42:34 2022
***** Estimated time to completion: 25 min.,  2 sec.

***** Percent complete: 34.0102 %
***** Current system time: Sun Dec 25 06:42:56 2022
***** Estimated time to completion: 24 min., 39 sec.

***** Percent complete: 35.0107 %
***** Current system time: Sun Dec 25 06:43:18 2022
***** Estimated time to completion: 24 min., 16 sec.

***** Percent complete: 36.0107 %
***** Current system time: Sun Dec 25 06:43:41 2022
***** Estimated time to completion: 23 min., 53 sec.

***** Percent complete: 37.0108 %
***** Current system time: Sun Dec 25 06:44:01 2022
***** Estimated time to completion: 23 min., 27 sec.

***** Percent complete: 38.0109 %
***** Current system time: Sun Dec 25 06:44:21 2022
***** Estimated time to completion: 23 min.,  1 sec.

***** Percent complete: 39.011 %
***** Current system time: Sun Dec 25 06:44:41 2022
***** Estimated time to completion: 22 min., 36 sec.

***** Percent complete: 40.0111 %
***** Current system time: Sun Dec 25 06:45:00 2022
***** Estimated time to completion: 22 min.,  8 sec.

***** Percent complete: 41.0112 %
***** Current system time: Sun Dec 25 06:45:18 2022
***** Estimated time to completion: 21 min., 40 sec.

***** Percent complete: 42.0115 %
***** Current system time: Sun Dec 25 06:45:36 2022
***** Estimated time to completion: 21 min., 12 sec.

***** Percent complete: 43.0118 %
***** Current system time: Sun Dec 25 06:45:55 2022
***** Estimated time to completion: 20 min., 47 sec.

***** Percent complete: 44.0123 %
***** Current system time: Sun Dec 25 06:46:16 2022
***** Estimated time to completion: 20 min., 24 sec.

***** Percent complete: 45.0124 %
***** Current system time: Sun Dec 25 06:46:34 2022
***** Estimated time to completion: 19 min., 57 sec.

***** Percent complete: 46.0127 %
***** Current system time: Sun Dec 25 06:46:53 2022
***** Estimated time to completion: 19 min., 32 sec.

***** Percent complete: 47.0133 %
***** Current system time: Sun Dec 25 06:47:12 2022
***** Estimated time to completion: 19 min.,  7 sec.

***** Percent complete: 48.0137 %
***** Current system time: Sun Dec 25 06:47:31 2022
***** Estimated time to completion: 18 min., 43 sec.

***** Percent complete: 49.0142 %
***** Current system time: Sun Dec 25 06:47:50 2022
***** Estimated time to completion: 18 min., 19 sec.

***** Percent complete: 50.0143 %
***** Current system time: Sun Dec 25 06:48:09 2022
***** Estimated time to completion: 17 min., 54 sec.

***** Percent complete: 51.0145 %
***** Current system time: Sun Dec 25 06:48:28 2022
***** Estimated time to completion: 17 min., 30 sec.

***** Percent complete: 52.0152 %
***** Current system time: Sun Dec 25 06:48:46 2022
***** Estimated time to completion: 17 min.,  6 sec.

***** Percent complete: 53.0154 %
***** Current system time: Sun Dec 25 06:49:06 2022
***** Estimated time to completion: 16 min., 43 sec.

***** Percent complete: 54.0159 %
***** Current system time: Sun Dec 25 06:49:21 2022
***** Estimated time to completion: 16 min., 17 sec.

***** Percent complete: 55.0159 %
***** Current system time: Sun Dec 25 06:49:33 2022
***** Estimated time to completion: 15 min., 48 sec.

***** Percent complete: 56.0159 %
***** Current system time: Sun Dec 25 06:49:45 2022
***** Estimated time to completion: 15 min., 19 sec.

***** Percent complete: 57.0161 %
***** Current system time: Sun Dec 25 06:49:57 2022
***** Estimated time to completion: 14 min., 52 sec.

***** Percent complete: 58.0164 %
***** Current system time: Sun Dec 25 06:50:10 2022
***** Estimated time to completion: 14 min., 25 sec.

***** Percent complete: 59.0165 %
***** Current system time: Sun Dec 25 06:50:22 2022
***** Estimated time to completion: 13 min., 59 sec.

***** Percent complete: 60.0167 %
***** Current system time: Sun Dec 25 06:50:35 2022
***** Estimated time to completion: 13 min., 33 sec.

***** Percent complete: 61.0168 %
***** Current system time: Sun Dec 25 06:50:47 2022
***** Estimated time to completion: 13 min.,  7 sec.

***** Percent complete: 62.017 %
***** Current system time: Sun Dec 25 06:50:59 2022
***** Estimated time to completion: 12 min., 42 sec.

***** Percent complete: 63.017 %
***** Current system time: Sun Dec 25 06:51:12 2022
***** Estimated time to completion: 12 min., 18 sec.

***** Percent complete: 64.017 %
***** Current system time: Sun Dec 25 06:51:24 2022
***** Estimated time to completion: 11 min., 54 sec.

***** Percent complete: 65.0174 %
***** Current system time: Sun Dec 25 06:51:37 2022
***** Estimated time to completion: 11 min., 30 sec.

***** Percent complete: 66.0176 %
***** Current system time: Sun Dec 25 06:51:49 2022
***** Estimated time to completion: 11 min.,  6 sec.

***** Percent complete: 67.0176 %
***** Current system time: Sun Dec 25 06:52:01 2022
***** Estimated time to completion: 10 min., 43 sec.

***** Percent complete: 68.0179 %
***** Current system time: Sun Dec 25 06:52:14 2022
***** Estimated time to completion: 10 min., 20 sec.

***** Percent complete: 69.0183 %
***** Current system time: Sun Dec 25 06:52:26 2022
***** Estimated time to completion:  9 min., 58 sec.

***** Percent complete: 70.0184 %
***** Current system time: Sun Dec 25 06:52:38 2022
***** Estimated time to completion:  9 min., 35 sec.

***** Percent complete: 71.0186 %
***** Current system time: Sun Dec 25 06:52:50 2022
***** Estimated time to completion:  9 min., 13 sec.

***** Percent complete: 72.0187 %
***** Current system time: Sun Dec 25 06:53:02 2022
***** Estimated time to completion:  8 min., 51 sec.

***** Percent complete: 73.0193 %
***** Current system time: Sun Dec 25 06:53:14 2022
***** Estimated time to completion:  8 min., 30 sec.

***** Percent complete: 74.0196 %
***** Current system time: Sun Dec 25 06:53:26 2022
***** Estimated time to completion:  8 min.,  8 sec.

***** Percent complete: 75.0202 %
***** Current system time: Sun Dec 25 06:53:37 2022
***** Estimated time to completion:  7 min., 47 sec.

***** Percent complete: 76.0207 %
***** Current system time: Sun Dec 25 06:53:50 2022
***** Estimated time to completion:  7 min., 26 sec.

***** Percent complete: 77.021 %
***** Current system time: Sun Dec 25 06:54:01 2022
***** Estimated time to completion:  7 min.,  6 sec.

***** Percent complete: 78.0211 %
***** Current system time: Sun Dec 25 06:54:13 2022
***** Estimated time to completion:  6 min., 45 sec.

***** Percent complete: 79.0212 %
***** Current system time: Sun Dec 25 06:54:25 2022
***** Estimated time to completion:  6 min., 25 sec.

***** Percent complete: 80.0214 %
***** Current system time: Sun Dec 25 06:54:34 2022
***** Estimated time to completion:  6 min.,  4 sec.

***** Percent complete: 81.0214 %
***** Current system time: Sun Dec 25 06:54:41 2022
***** Estimated time to completion:  5 min., 43 sec.

***** Percent complete: 82.0221 %
***** Current system time: Sun Dec 25 06:54:48 2022
***** Estimated time to completion:  5 min., 23 sec.

***** Percent complete: 83.0221 %
***** Current system time: Sun Dec 25 06:54:55 2022
***** Estimated time to completion:  5 min.,  2 sec.

***** Percent complete: 84.0222 %
***** Current system time: Sun Dec 25 06:55:02 2022
***** Estimated time to completion:  4 min., 43 sec.

***** Percent complete: 85.0227 %
***** Current system time: Sun Dec 25 06:55:09 2022
***** Estimated time to completion:  4 min., 23 sec.

***** Percent complete: 86.0228 %
***** Current system time: Sun Dec 25 06:55:16 2022
***** Estimated time to completion:  4 min.,  4 sec.

***** Percent complete: 87.0229 %
***** Current system time: Sun Dec 25 06:55:24 2022
***** Estimated time to completion:  3 min., 45 sec.

***** Percent complete: 88.0231 %
***** Current system time: Sun Dec 25 06:55:31 2022
***** Estimated time to completion:  3 min., 26 sec.

***** Percent complete: 89.0236 %
***** Current system time: Sun Dec 25 06:55:38 2022
***** Estimated time to completion:  3 min.,  7 sec.

***** Percent complete: 90.0238 %
***** Current system time: Sun Dec 25 06:55:45 2022
***** Estimated time to completion:  2 min., 49 sec.

***** Percent complete: 91.0238 %
***** Current system time: Sun Dec 25 06:55:52 2022
***** Estimated time to completion:  2 min., 31 sec.

***** Percent complete: 92.0244 %
***** Current system time: Sun Dec 25 06:56:00 2022
***** Estimated time to completion:  2 min., 13 sec.

***** Percent complete: 93.0244 %
***** Current system time: Sun Dec 25 06:56:07 2022
***** Estimated time to completion:  1 min., 56 sec.

***** Percent complete: 94.0245 %
***** Current system time: Sun Dec 25 06:56:14 2022
***** Estimated time to completion:  1 min., 39 sec.

***** Percent complete: 95.0247 %
***** Current system time: Sun Dec 25 06:56:23 2022
***** Estimated time to completion:  1 min., 22 sec.

***** Percent complete: 96.0248 %
***** Current system time: Sun Dec 25 06:56:35 2022
***** Estimated time to completion:  1 min.,  5 sec.

***** Percent complete: 97.0252 %
***** Current system time: Sun Dec 25 06:56:46 2022
***** Estimated time to completion: 48 sec.

***** Percent complete: 98.0255 %
***** Current system time: Sun Dec 25 06:56:57 2022
***** Estimated time to completion: 32 sec.

***** Percent complete: 99.0256 %
***** Current system time: Sun Dec 25 06:57:07 2022
***** Estimated time to completion: 15 sec.

***** Problem read in and set up time: 2.9935 seconds
 ***** DCOP time: 0.0728509 seconds.  Breakdown follows:
	Number Successful Steps Taken:		1
	Number Failed Steps Attempted:		0
	Number Jacobians Evaluated:		36
	Number Linear Solves:			36
	Number Failed Linear Solves:		0
	Number Residual Evaluations:		38
	Number Nonlinear Convergence Failures:	0
	Total Residual Load Time:		0.0354762 seconds
	Total Jacobian Load Time:		0.00298738 seconds
	Total Linear Solution Time:		0.0302265 seconds

 ***** Transient Stepping time: 1625.26 seconds.  Breakdown follows:
	Number Successful Steps Taken:		291961
	Number Failed Steps Attempted:		39101
	Number Jacobians Evaluated:		1235287
	Number Linear Solves:			1235287
	Number Failed Linear Solves:		0
	Number Residual Evaluations:		1566349
	Number Nonlinear Convergence Failures:	777
	Total Residual Load Time:		1074.93 seconds
	Total Jacobian Load Time:		144.998 seconds
	Total Linear Solution Time:		262.506 seconds


***** Solution Summary *****
	Number Successful Steps Taken:		291962
	Number Failed Steps Attempted:		39101
	Number Jacobians Evaluated:		1235323
	Number Linear Solves:			1235323
	Number Failed Linear Solves:		0
	Number Residual Evaluations:		1566387
	Number Nonlinear Convergence Failures:	777
	Total Residual Load Time:		1074.96 seconds
	Total Jacobian Load Time:		145.001 seconds
	Total Linear Solution Time:		262.536 seconds


 ***** Measure Functions ***** 

PERIOD = 2.388233e-05 with targ = 7.003535e-05 and trig = 4.615302e-05

POWER = 3.408115e-04
Measure Start Time= 1.000000e-05	Measure End Time= 7.260000e-02


***** Total Simulation Solvers Run Time: 1625.33 seconds
***** Total Elapsed Run Time:            1628.33 seconds
*****
***** End of Xyce(TM) Simulation
*****

Timing summary of 1 processor
                 Stats                    Count        CPU Time              Wall Time
---------------------------------------- ------- --------------------- ---------------------
Xyce                                           1    19:04.846 (100.0%)    27:08.328 (100.0%)
  Analysis                                     1    19:03.170 (99.85%)    27:05.333 (99.82%)
    Transient                                  1    19:03.170 (99.85%)    27:05.333 (99.82%)
      Nonlinear Solve                     331063    18:08.786 (95.10%)    25:48.195 (95.08%)
        Residual                         1566387    12:40.296 (66.41%)    18:01.351 (66.41%)
        Jacobian                         1235323     1:43.225 ( 9.02%)     2:27.719 ( 9.07%)
        Linear Solve                     1235323     3:05.703 (16.22%)     4:26.145 (16.34%)
      Successful DCOP Steps                    1        0.000 (<0.01%)        0.000 (<0.01%)
      Successful Step                     291961       41.889 ( 3.66%)       59.780 ( 3.67%)
      Failed Steps                         39101        0.102 (<0.01%)        0.149 (<0.01%)
        Nonlinear Failure                    777        0.001 (<0.01%)        0.001 (<0.01%)
  Netlist Import                               1        1.647 ( 0.14%)        2.928 ( 0.18%)
    Parse Context                              1        0.997 ( 0.09%)        1.758 ( 0.11%)
    Distribute Devices                         1        0.632 ( 0.06%)        1.140 ( 0.07%)
    Verify Devices                             1        0.000 (<0.01%)        0.000 (<0.01%)
    Instantiate                                1        0.009 (<0.01%)        0.009 (<0.01%)
  Late Initialization                          1        0.010 (<0.01%)        0.022 (<0.01%)
    Global Indices                             1        0.003 (<0.01%)        0.003 (<0.01%)
  Setup Matrix Structure                       1        0.003 (<0.01%)        0.015 (<0.01%)

