
*****
***** Welcome to the Xyce(TM) Parallel Electronic Simulator
*****
***** This is version Xyce DEVELOPMENT-202212040732-(Public_Release-7.6.0-16-g7ac86b45)-opensource
***** Date: Sun Dec 25 05:58:24 UTC 2022


***** Executing netlist tempsenseInst_error_sim_40.sp

***** Reading and parsing netlist...
Netlist warning in file tempsenseInst_error_sim_40.sp at or near line 3
 Unrecognized .OPTIONS package or parameter AUTOSTOP will be ignored
Netlist warning: No print specified
Netlist warning in file
 /home/alex/miniconda3/share/pdk/sky130A/libs.tech/ngspice/corners/../../../libs.ref/sky130_fd_pr/spice/sky130_fd_pr__nfet_01v8__tt.pm3.spice
 at or near line 23884
 Device model XI1:X_069_:X0:SKY130_FD_PR__NFET_01V8__MODEL.89: Model card
 specifies BSIM4 version 4.5 which is older than the oldest version supported
 in Xyce (4.6.1).  Using oldest version available.
 
Netlist warning in file
 /home/alex/miniconda3/share/pdk/sky130A/libs.tech/ngspice/corners/../../../libs.ref/sky130_fd_pr/spice/sky130_fd_pr__nfet_01v8__tt.pm3.spice
 at or near line 23884
 Device model XI1:X_069_:X0:SKY130_FD_PR__NFET_01V8__MODEL.89: Given pbswgd is
 less than 0.1. Pbswgd is set to 0.1
Netlist warning in file
 /home/alex/miniconda3/share/pdk/sky130A/libs.tech/ngspice/corners/../../../libs.ref/sky130_fd_pr/spice/sky130_fd_pr__pfet_01v8_hvt__tt.pm3.spice
 at or near line 21474
 Device model XI1:X_069_:X1:SKY130_FD_PR__PFET_01V8_HVT__MODEL.80: Model card
 specifies BSIM4 version 4.5 which is older than the oldest version supported
 in Xyce (4.6.1).  Using oldest version available.
 
Netlist warning in file
 /home/alex/miniconda3/share/pdk/sky130A/libs.tech/ngspice/corners/../../../libs.ref/sky130_fd_pr/spice/sky130_fd_pr__pfet_01v8_hvt__tt.pm3.spice
 at or near line 21474
 Device model XI1:X_069_:X1:SKY130_FD_PR__PFET_01V8_HVT__MODEL.80: Given
 pbswgd is less than 0.1. Pbswgd is set to 0.1
Netlist warning in file
 /home/alex/miniconda3/share/pdk/sky130A/libs.tech/ngspice/corners/../../../libs.ref/sky130_fd_pr/spice/sky130_fd_pr__nfet_01v8__tt.pm3.spice
 at or near line 23884
 Device model XI1:X_070_:X0:SKY130_FD_PR__NFET_01V8__MODEL.89: Model card
 specifies BSIM4 version 4.5 which is older than the oldest version supported
 in Xyce (4.6.1).  Using oldest version available.
 
Netlist warning in file
 /home/alex/miniconda3/share/pdk/sky130A/libs.tech/ngspice/corners/../../../libs.ref/sky130_fd_pr/spice/sky130_fd_pr__nfet_01v8__tt.pm3.spice
 at or near line 23884
 Device model XI1:X_070_:X0:SKY130_FD_PR__NFET_01V8__MODEL.89: Given pbswgd is
 less than 0.1. Pbswgd is set to 0.1
Netlist warning in file
 /home/alex/miniconda3/share/pdk/sky130A/libs.tech/ngspice/corners/../../../libs.ref/sky130_fd_pr/spice/sky130_fd_pr__pfet_01v8_hvt__tt.pm3.spice
 at or near line 21474
 Device model XI1:X_070_:X1:SKY130_FD_PR__PFET_01V8_HVT__MODEL.80: Model card
 specifies BSIM4 version 4.5 which is older than the oldest version supported
 in Xyce (4.6.1).  Using oldest version available.
 
Netlist warning in file
 /home/alex/miniconda3/share/pdk/sky130A/libs.tech/ngspice/corners/../../../libs.ref/sky130_fd_pr/spice/sky130_fd_pr__pfet_01v8_hvt__tt.pm3.spice
 at or near line 21474
 Device model XI1:X_070_:X1:SKY130_FD_PR__PFET_01V8_HVT__MODEL.80: Given
 pbswgd is less than 0.1. Pbswgd is set to 0.1
Netlist warning in file
 /home/alex/miniconda3/share/pdk/sky130A/libs.tech/ngspice/corners/../../../libs.ref/sky130_fd_pr/spice/sky130_fd_pr__nfet_01v8__tt.pm3.spice
 at or near line 23884
 Device model XI1:X_071_:X0:SKY130_FD_PR__NFET_01V8__MODEL.89: Model card
 specifies BSIM4 version 4.5 which is older than the oldest version supported
 in Xyce (4.6.1).  Using oldest version available.
 
Netlist warning in file
 /home/alex/miniconda3/share/pdk/sky130A/libs.tech/ngspice/corners/../../../libs.ref/sky130_fd_pr/spice/sky130_fd_pr__nfet_01v8__tt.pm3.spice
 at or near line 23884
 Device model XI1:X_071_:X0:SKY130_FD_PR__NFET_01V8__MODEL.89: Given pbswgd is
 less than 0.1. Pbswgd is set to 0.1
Netlist warning in file
 /home/alex/miniconda3/share/pdk/sky130A/libs.tech/ngspice/corners/../../../libs.ref/sky130_fd_pr/spice/sky130_fd_pr__pfet_01v8_hvt__tt.pm3.spice
 at or near line 21474
 Device model XI1:X_071_:X1:SKY130_FD_PR__PFET_01V8_HVT__MODEL.80: Model card
 specifies BSIM4 version 4.5 which is older than the oldest version supported
 in Xyce (4.6.1).  Using oldest version available.
 
Netlist warning in file
 /home/alex/miniconda3/share/pdk/sky130A/libs.tech/ngspice/corners/../../../libs.ref/sky130_fd_pr/spice/sky130_fd_pr__pfet_01v8_hvt__tt.pm3.spice
 at or near line 21474
 Device model XI1:X_071_:X1:SKY130_FD_PR__PFET_01V8_HVT__MODEL.80: Given
 pbswgd is less than 0.1. Pbswgd is set to 0.1
Netlist warning in file
 /home/alex/miniconda3/share/pdk/sky130A/libs.tech/ngspice/corners/../../../libs.ref/sky130_fd_pr/spice/sky130_fd_pr__nfet_01v8__tt.pm3.spice
 at or near line 23884
 Device model XI1:X_072_:X0:SKY130_FD_PR__NFET_01V8__MODEL.89: Model card
 specifies BSIM4 version 4.5 which is older than the oldest version supported
 in Xyce (4.6.1).  Using oldest version available.
 
Netlist warning in file
 /home/alex/miniconda3/share/pdk/sky130A/libs.tech/ngspice/corners/../../../libs.ref/sky130_fd_pr/spice/sky130_fd_pr__nfet_01v8__tt.pm3.spice
 at or near line 23884
 Device model XI1:X_072_:X0:SKY130_FD_PR__NFET_01V8__MODEL.89: Given pbswgd is
 less than 0.1. Pbswgd is set to 0.1
Netlist warning in file
 /home/alex/miniconda3/share/pdk/sky130A/libs.tech/ngspice/corners/../../../libs.ref/sky130_fd_pr/spice/sky130_fd_pr__pfet_01v8_hvt__tt.pm3.spice
 at or near line 21474
 Device model XI1:X_072_:X1:SKY130_FD_PR__PFET_01V8_HVT__MODEL.80: Model card
 specifies BSIM4 version 4.5 which is older than the oldest version supported
 in Xyce (4.6.1).  Using oldest version available.
 
Netlist warning in file
 /home/alex/miniconda3/share/pdk/sky130A/libs.tech/ngspice/corners/../../../libs.ref/sky130_fd_pr/spice/sky130_fd_pr__pfet_01v8_hvt__tt.pm3.spice
 at or near line 21474
 Device model XI1:X_072_:X1:SKY130_FD_PR__PFET_01V8_HVT__MODEL.80: Given
 pbswgd is less than 0.1. Pbswgd is set to 0.1
Netlist warning in file
 /home/alex/miniconda3/share/pdk/sky130A/libs.tech/ngspice/corners/../../../libs.ref/sky130_fd_pr/spice/sky130_fd_pr__nfet_01v8__tt.pm3.spice
 at or near line 23884
 Device model XI1:X_073_:X0:SKY130_FD_PR__NFET_01V8__MODEL.89: Model card
 specifies BSIM4 version 4.5 which is older than the oldest version supported
 in Xyce (4.6.1).  Using oldest version available.
 
Netlist warning in file
 /home/alex/miniconda3/share/pdk/sky130A/libs.tech/ngspice/corners/../../../libs.ref/sky130_fd_pr/spice/sky130_fd_pr__nfet_01v8__tt.pm3.spice
 at or near line 23884
 Device model XI1:X_073_:X0:SKY130_FD_PR__NFET_01V8__MODEL.89: Given pbswgd is
 less than 0.1. Pbswgd is set to 0.1
Netlist warning in file
 /home/alex/miniconda3/share/pdk/sky130A/libs.tech/ngspice/corners/../../../libs.ref/sky130_fd_pr/spice/sky130_fd_pr__pfet_01v8_hvt__tt.pm3.spice
 at or near line 21474
 Device model XI1:X_073_:X1:SKY130_FD_PR__PFET_01V8_HVT__MODEL.80: Model card
 specifies BSIM4 version 4.5 which is older than the oldest version supported
 in Xyce (4.6.1).  Using oldest version available.
 
Netlist warning in file
 /home/alex/miniconda3/share/pdk/sky130A/libs.tech/ngspice/corners/../../../libs.ref/sky130_fd_pr/spice/sky130_fd_pr__pfet_01v8_hvt__tt.pm3.spice
 at or near line 21474
 Device model XI1:X_073_:X1:SKY130_FD_PR__PFET_01V8_HVT__MODEL.80: Given
 pbswgd is less than 0.1. Pbswgd is set to 0.1
Netlist warning in file
 /home/alex/miniconda3/share/pdk/sky130A/libs.tech/ngspice/corners/../../../libs.ref/sky130_fd_pr/spice/sky130_fd_pr__nfet_01v8__tt.pm3.spice
 at or near line 23884
 Device model XI1:X_074_:X0:SKY130_FD_PR__NFET_01V8__MODEL.89: Model card
 specifies BSIM4 version 4.5 which is older than the oldest version supported
 in Xyce (4.6.1).  Using oldest version available.
 
Netlist warning in file
 /home/alex/miniconda3/share/pdk/sky130A/libs.tech/ngspice/corners/../../../libs.ref/sky130_fd_pr/spice/sky130_fd_pr__nfet_01v8__tt.pm3.spice
 at or near line 23884
 Device model XI1:X_074_:X0:SKY130_FD_PR__NFET_01V8__MODEL.89: Given pbswgd is
 less than 0.1. Pbswgd is set to 0.1
Netlist warning in file
 /home/alex/miniconda3/share/pdk/sky130A/libs.tech/ngspice/corners/../../../libs.ref/sky130_fd_pr/spice/sky130_fd_pr__pfet_01v8_hvt__tt.pm3.spice
 at or near line 21474
 Device model XI1:X_074_:X1:SKY130_FD_PR__PFET_01V8_HVT__MODEL.80: Model card
 specifies BSIM4 version 4.5 which is older than the oldest version supported
 in Xyce (4.6.1).  Using oldest version available.
 
Netlist warning in file
 /home/alex/miniconda3/share/pdk/sky130A/libs.tech/ngspice/corners/../../../libs.ref/sky130_fd_pr/spice/sky130_fd_pr__pfet_01v8_hvt__tt.pm3.spice
 at or near line 21474
 Device model XI1:X_074_:X1:SKY130_FD_PR__PFET_01V8_HVT__MODEL.80: Given
 pbswgd is less than 0.1. Pbswgd is set to 0.1
Netlist warning in file
 /home/alex/miniconda3/share/pdk/sky130A/libs.tech/ngspice/corners/../../../libs.ref/sky130_fd_pr/spice/sky130_fd_pr__nfet_01v8__tt.pm3.spice
 at or near line 23884
 Device model XI1:X_075_:X0:SKY130_FD_PR__NFET_01V8__MODEL.89: Model card
 specifies BSIM4 version 4.5 which is older than the oldest version supported
 in Xyce (4.6.1).  Using oldest version available.
 
Netlist warning in file
 /home/alex/miniconda3/share/pdk/sky130A/libs.tech/ngspice/corners/../../../libs.ref/sky130_fd_pr/spice/sky130_fd_pr__nfet_01v8__tt.pm3.spice
 at or near line 23884
 Device model XI1:X_075_:X0:SKY130_FD_PR__NFET_01V8__MODEL.89: Given pbswgd is
 less than 0.1. Pbswgd is set to 0.1
Netlist warning in file
 /home/alex/miniconda3/share/pdk/sky130A/libs.tech/ngspice/corners/../../../libs.ref/sky130_fd_pr/spice/sky130_fd_pr__pfet_01v8_hvt__tt.pm3.spice
 at or near line 21474
 Device model XI1:X_075_:X1:SKY130_FD_PR__PFET_01V8_HVT__MODEL.80: Model card
 specifies BSIM4 version 4.5 which is older than the oldest version supported
 in Xyce (4.6.1).  Using oldest version available.
 
Netlist warning in file
 /home/alex/miniconda3/share/pdk/sky130A/libs.tech/ngspice/corners/../../../libs.ref/sky130_fd_pr/spice/sky130_fd_pr__pfet_01v8_hvt__tt.pm3.spice
 at or near line 21474
 Device model XI1:X_075_:X1:SKY130_FD_PR__PFET_01V8_HVT__MODEL.80: Given
 pbswgd is less than 0.1. Pbswgd is set to 0.1
Netlist warning in file
 /home/alex/miniconda3/share/pdk/sky130A/libs.tech/ngspice/corners/../../../libs.ref/sky130_fd_pr/spice/sky130_fd_pr__nfet_01v8__tt.pm3.spice
 at or near line 23884
 Device model XI1:X_076_:X0:SKY130_FD_PR__NFET_01V8__MODEL.89: Model card
 specifies BSIM4 version 4.5 which is older than the oldest version supported
 in Xyce (4.6.1).  Using oldest version available.
 
Netlist warning in file
 /home/alex/miniconda3/share/pdk/sky130A/libs.tech/ngspice/corners/../../../libs.ref/sky130_fd_pr/spice/sky130_fd_pr__nfet_01v8__tt.pm3.spice
 at or near line 23884
 Device model XI1:X_076_:X0:SKY130_FD_PR__NFET_01V8__MODEL.89: Given pbswgd is
 less than 0.1. Pbswgd is set to 0.1
Netlist warning in file
 /home/alex/miniconda3/share/pdk/sky130A/libs.tech/ngspice/corners/../../../libs.ref/sky130_fd_pr/spice/sky130_fd_pr__pfet_01v8_hvt__tt.pm3.spice
 at or near line 21474
 Device model XI1:X_076_:X1:SKY130_FD_PR__PFET_01V8_HVT__MODEL.80: Model card
 specifies BSIM4 version 4.5 which is older than the oldest version supported
 in Xyce (4.6.1).  Using oldest version available.
 
Netlist warning in file
 /home/alex/miniconda3/share/pdk/sky130A/libs.tech/ngspice/corners/../../../libs.ref/sky130_fd_pr/spice/sky130_fd_pr__pfet_01v8_hvt__tt.pm3.spice
 at or near line 21474
 Device model XI1:X_076_:X1:SKY130_FD_PR__PFET_01V8_HVT__MODEL.80: Given
 pbswgd is less than 0.1. Pbswgd is set to 0.1
Netlist warning in file
 /home/alex/miniconda3/share/pdk/sky130A/libs.tech/ngspice/corners/../../../libs.ref/sky130_fd_pr/spice/sky130_fd_pr__nfet_01v8__tt.pm3.spice
 at or near line 23884
 Device model XI1:X_077_:X0:SKY130_FD_PR__NFET_01V8__MODEL.89: Model card
 specifies BSIM4 version 4.5 which is older than the oldest version supported
 in Xyce (4.6.1).  Using oldest version available.
 
Netlist warning in file
 /home/alex/miniconda3/share/pdk/sky130A/libs.tech/ngspice/corners/../../../libs.ref/sky130_fd_pr/spice/sky130_fd_pr__nfet_01v8__tt.pm3.spice
 at or near line 23884
 Device model XI1:X_077_:X0:SKY130_FD_PR__NFET_01V8__MODEL.89: Given pbswgd is
 less than 0.1. Pbswgd is set to 0.1
Netlist warning in file
 /home/alex/miniconda3/share/pdk/sky130A/libs.tech/ngspice/corners/../../../libs.ref/sky130_fd_pr/spice/sky130_fd_pr__pfet_01v8_hvt__tt.pm3.spice
 at or near line 21474
 Device model XI1:X_077_:X1:SKY130_FD_PR__PFET_01V8_HVT__MODEL.80: Model card
 specifies BSIM4 version 4.5 which is older than the oldest version supported
 in Xyce (4.6.1).  Using oldest version available.
 
Netlist warning in file
 /home/alex/miniconda3/share/pdk/sky130A/libs.tech/ngspice/corners/../../../libs.ref/sky130_fd_pr/spice/sky130_fd_pr__pfet_01v8_hvt__tt.pm3.spice
 at or near line 21474
 Device model XI1:X_077_:X1:SKY130_FD_PR__PFET_01V8_HVT__MODEL.80: Given
 pbswgd is less than 0.1. Pbswgd is set to 0.1
Netlist warning in file
 /home/alex/miniconda3/share/pdk/sky130A/libs.tech/ngspice/corners/../../../libs.ref/sky130_fd_pr/spice/sky130_fd_pr__nfet_01v8__tt.pm3.spice
 at or near line 23884
 Device model XI1:X_078_:X0:SKY130_FD_PR__NFET_01V8__MODEL.89: Model card
 specifies BSIM4 version 4.5 which is older than the oldest version supported
 in Xyce (4.6.1).  Using oldest version available.
 
Netlist warning in file
 /home/alex/miniconda3/share/pdk/sky130A/libs.tech/ngspice/corners/../../../libs.ref/sky130_fd_pr/spice/sky130_fd_pr__nfet_01v8__tt.pm3.spice
 at or near line 23884
 Device model XI1:X_078_:X0:SKY130_FD_PR__NFET_01V8__MODEL.89: Given pbswgd is
 less than 0.1. Pbswgd is set to 0.1
Netlist warning in file
 /home/alex/miniconda3/share/pdk/sky130A/libs.tech/ngspice/corners/../../../libs.ref/sky130_fd_pr/spice/sky130_fd_pr__pfet_01v8_hvt__tt.pm3.spice
 at or near line 21474
 Device model XI1:X_078_:X1:SKY130_FD_PR__PFET_01V8_HVT__MODEL.80: Model card
 specifies BSIM4 version 4.5 which is older than the oldest version supported
 in Xyce (4.6.1).  Using oldest version available.
 
Netlist warning in file
 /home/alex/miniconda3/share/pdk/sky130A/libs.tech/ngspice/corners/../../../libs.ref/sky130_fd_pr/spice/sky130_fd_pr__pfet_01v8_hvt__tt.pm3.spice
 at or near line 21474
 Device model XI1:X_078_:X1:SKY130_FD_PR__PFET_01V8_HVT__MODEL.80: Given
 pbswgd is less than 0.1. Pbswgd is set to 0.1
Netlist warning in file
 /home/alex/miniconda3/share/pdk/sky130A/libs.tech/ngspice/corners/../../../libs.ref/sky130_fd_pr/spice/sky130_fd_pr__nfet_01v8__tt.pm3.spice
 at or near line 23884
 Device model XI1:X_079_:X0:SKY130_FD_PR__NFET_01V8__MODEL.89: Model card
 specifies BSIM4 version 4.5 which is older than the oldest version supported
 in Xyce (4.6.1).  Using oldest version available.
 
Netlist warning in file
 /home/alex/miniconda3/share/pdk/sky130A/libs.tech/ngspice/corners/../../../libs.ref/sky130_fd_pr/spice/sky130_fd_pr__nfet_01v8__tt.pm3.spice
 at or near line 23884
 Device model XI1:X_079_:X0:SKY130_FD_PR__NFET_01V8__MODEL.89: Given pbswgd is
 less than 0.1. Pbswgd is set to 0.1
Netlist warning in file
 /home/alex/miniconda3/share/pdk/sky130A/libs.tech/ngspice/corners/../../../libs.ref/sky130_fd_pr/spice/sky130_fd_pr__pfet_01v8_hvt__tt.pm3.spice
 at or near line 21474
 Device model XI1:X_079_:X1:SKY130_FD_PR__PFET_01V8_HVT__MODEL.80: Model card
 specifies BSIM4 version 4.5 which is older than the oldest version supported
 in Xyce (4.6.1).  Using oldest version available.
 
Netlist warning in file
 /home/alex/miniconda3/share/pdk/sky130A/libs.tech/ngspice/corners/../../../libs.ref/sky130_fd_pr/spice/sky130_fd_pr__pfet_01v8_hvt__tt.pm3.spice
 at or near line 21474
 Device model XI1:X_079_:X1:SKY130_FD_PR__PFET_01V8_HVT__MODEL.80: Given
 pbswgd is less than 0.1. Pbswgd is set to 0.1
Netlist warning in file
 /home/alex/miniconda3/share/pdk/sky130A/libs.tech/ngspice/corners/../../../libs.ref/sky130_fd_pr/spice/sky130_fd_pr__nfet_01v8__tt.pm3.spice
 at or near line 23884
 Device model XI1:X_080_:X0:SKY130_FD_PR__NFET_01V8__MODEL.89: Model card
 specifies BSIM4 version 4.5 which is older than the oldest version supported
 in Xyce (4.6.1).  Using oldest version available.
 
Netlist warning in file
 /home/alex/miniconda3/share/pdk/sky130A/libs.tech/ngspice/corners/../../../libs.ref/sky130_fd_pr/spice/sky130_fd_pr__nfet_01v8__tt.pm3.spice
 at or near line 23884
 Device model XI1:X_080_:X0:SKY130_FD_PR__NFET_01V8__MODEL.89: Given pbswgd is
 less than 0.1. Pbswgd is set to 0.1
Netlist warning in file
 /home/alex/miniconda3/share/pdk/sky130A/libs.tech/ngspice/corners/../../../libs.ref/sky130_fd_pr/spice/sky130_fd_pr__pfet_01v8_hvt__tt.pm3.spice
 at or near line 21474
 Device model XI1:X_080_:X1:SKY130_FD_PR__PFET_01V8_HVT__MODEL.80: Model card
 specifies BSIM4 version 4.5 which is older than the oldest version supported
 in Xyce (4.6.1).  Using oldest version available.
 
Netlist warning in file
 /home/alex/miniconda3/share/pdk/sky130A/libs.tech/ngspice/corners/../../../libs.ref/sky130_fd_pr/spice/sky130_fd_pr__pfet_01v8_hvt__tt.pm3.spice
 at or near line 21474
 Device model XI1:X_080_:X1:SKY130_FD_PR__PFET_01V8_HVT__MODEL.80: Given
 pbswgd is less than 0.1. Pbswgd is set to 0.1
Netlist warning in file
 /home/alex/miniconda3/share/pdk/sky130A/libs.tech/ngspice/corners/../../../libs.ref/sky130_fd_pr/spice/sky130_fd_pr__nfet_01v8__tt.pm3.spice
 at or near line 23884
 Device model XI1:X_081_:X0:SKY130_FD_PR__NFET_01V8__MODEL.89: Model card
 specifies BSIM4 version 4.5 which is older than the oldest version supported
 in Xyce (4.6.1).  Using oldest version available.
 
Netlist warning in file
 /home/alex/miniconda3/share/pdk/sky130A/libs.tech/ngspice/corners/../../../libs.ref/sky130_fd_pr/spice/sky130_fd_pr__nfet_01v8__tt.pm3.spice
 at or near line 23884
 Device model XI1:X_081_:X0:SKY130_FD_PR__NFET_01V8__MODEL.89: Given pbswgd is
 less than 0.1. Pbswgd is set to 0.1
Netlist warning in file
 /home/alex/miniconda3/share/pdk/sky130A/libs.tech/ngspice/corners/../../../libs.ref/sky130_fd_pr/spice/sky130_fd_pr__pfet_01v8_hvt__tt.pm3.spice
 at or near line 21474
 Device model XI1:X_081_:X1:SKY130_FD_PR__PFET_01V8_HVT__MODEL.80: Model card
 specifies BSIM4 version 4.5 which is older than the oldest version supported
 in Xyce (4.6.1).  Using oldest version available.
 
Netlist warning in file
 /home/alex/miniconda3/share/pdk/sky130A/libs.tech/ngspice/corners/../../../libs.ref/sky130_fd_pr/spice/sky130_fd_pr__pfet_01v8_hvt__tt.pm3.spice
 at or near line 21474
 Device model XI1:X_081_:X1:SKY130_FD_PR__PFET_01V8_HVT__MODEL.80: Given
 pbswgd is less than 0.1. Pbswgd is set to 0.1
Netlist warning in file
 /home/alex/miniconda3/share/pdk/sky130A/libs.tech/ngspice/corners/../../../libs.ref/sky130_fd_pr/spice/sky130_fd_pr__nfet_01v8__tt.pm3.spice
 at or near line 23884
 Device model XI1:X_082_:X0:SKY130_FD_PR__NFET_01V8__MODEL.89: Model card
 specifies BSIM4 version 4.5 which is older than the oldest version supported
 in Xyce (4.6.1).  Using oldest version available.
 
Netlist warning in file
 /home/alex/miniconda3/share/pdk/sky130A/libs.tech/ngspice/corners/../../../libs.ref/sky130_fd_pr/spice/sky130_fd_pr__nfet_01v8__tt.pm3.spice
 at or near line 23884
 Device model XI1:X_082_:X0:SKY130_FD_PR__NFET_01V8__MODEL.89: Given pbswgd is
 less than 0.1. Pbswgd is set to 0.1
Netlist warning in file
 /home/alex/miniconda3/share/pdk/sky130A/libs.tech/ngspice/corners/../../../libs.ref/sky130_fd_pr/spice/sky130_fd_pr__pfet_01v8_hvt__tt.pm3.spice
 at or near line 21474
 Device model XI1:X_082_:X1:SKY130_FD_PR__PFET_01V8_HVT__MODEL.80: Model card
 specifies BSIM4 version 4.5 which is older than the oldest version supported
 in Xyce (4.6.1).  Using oldest version available.
 
Netlist warning in file
 /home/alex/miniconda3/share/pdk/sky130A/libs.tech/ngspice/corners/../../../libs.ref/sky130_fd_pr/spice/sky130_fd_pr__pfet_01v8_hvt__tt.pm3.spice
 at or near line 21474
 Device model XI1:X_082_:X1:SKY130_FD_PR__PFET_01V8_HVT__MODEL.80: Given
 pbswgd is less than 0.1. Pbswgd is set to 0.1
Netlist warning in file
 /home/alex/miniconda3/share/pdk/sky130A/libs.tech/ngspice/corners/../../../libs.ref/sky130_fd_pr/spice/sky130_fd_pr__nfet_01v8__tt.pm3.spice
 at or near line 23884
 Device model XI1:X_083_:X0:SKY130_FD_PR__NFET_01V8__MODEL.89: Model card
 specifies BSIM4 version 4.5 which is older than the oldest version supported
 in Xyce (4.6.1).  Using oldest version available.
 
Netlist warning in file
 /home/alex/miniconda3/share/pdk/sky130A/libs.tech/ngspice/corners/../../../libs.ref/sky130_fd_pr/spice/sky130_fd_pr__nfet_01v8__tt.pm3.spice
 at or near line 23884
 Device model XI1:X_083_:X0:SKY130_FD_PR__NFET_01V8__MODEL.89: Given pbswgd is
 less than 0.1. Pbswgd is set to 0.1
Netlist warning in file
 /home/alex/miniconda3/share/pdk/sky130A/libs.tech/ngspice/corners/../../../libs.ref/sky130_fd_pr/spice/sky130_fd_pr__pfet_01v8_hvt__tt.pm3.spice
 at or near line 21474
 Device model XI1:X_083_:X1:SKY130_FD_PR__PFET_01V8_HVT__MODEL.80: Model card
 specifies BSIM4 version 4.5 which is older than the oldest version supported
 in Xyce (4.6.1).  Using oldest version available.
 
Netlist warning in file
 /home/alex/miniconda3/share/pdk/sky130A/libs.tech/ngspice/corners/../../../libs.ref/sky130_fd_pr/spice/sky130_fd_pr__pfet_01v8_hvt__tt.pm3.spice
 at or near line 21474
 Device model XI1:X_083_:X1:SKY130_FD_PR__PFET_01V8_HVT__MODEL.80: Given
 pbswgd is less than 0.1. Pbswgd is set to 0.1
Netlist warning in file
 /home/alex/miniconda3/share/pdk/sky130A/libs.tech/ngspice/corners/../../../libs.ref/sky130_fd_pr/spice/sky130_fd_pr__pfet_01v8_hvt__tt.pm3.spice
 at or near line 21474
 Device model XI1:X_093_:X0:SKY130_FD_PR__PFET_01V8_HVT__MODEL.80: Model card
 specifies BSIM4 version 4.5 which is older than the oldest version supported
 in Xyce (4.6.1).  Using oldest version available.
 
Netlist warning in file
 /home/alex/miniconda3/share/pdk/sky130A/libs.tech/ngspice/corners/../../../libs.ref/sky130_fd_pr/spice/sky130_fd_pr__pfet_01v8_hvt__tt.pm3.spice
 at or near line 21474
 Device model XI1:X_093_:X0:SKY130_FD_PR__PFET_01V8_HVT__MODEL.80: Given
 pbswgd is less than 0.1. Pbswgd is set to 0.1
Netlist warning in file
 /home/alex/miniconda3/share/pdk/sky130A/libs.tech/ngspice/corners/../../../libs.ref/sky130_fd_pr/spice/sky130_fd_pr__pfet_01v8_hvt__tt.pm3.spice
 at or near line 21474
 Device model XI1:X_093_:X1:SKY130_FD_PR__PFET_01V8_HVT__MODEL.80: Model card
 specifies BSIM4 version 4.5 which is older than the oldest version supported
 in Xyce (4.6.1).  Using oldest version available.
 
Netlist warning in file
 /home/alex/miniconda3/share/pdk/sky130A/libs.tech/ngspice/corners/../../../libs.ref/sky130_fd_pr/spice/sky130_fd_pr__pfet_01v8_hvt__tt.pm3.spice
 at or near line 21474
 Device model XI1:X_093_:X1:SKY130_FD_PR__PFET_01V8_HVT__MODEL.80: Given
 pbswgd is less than 0.1. Pbswgd is set to 0.1
Netlist warning in file
 /home/alex/miniconda3/share/pdk/sky130A/libs.tech/ngspice/corners/../../../libs.ref/sky130_fd_pr/spice/sky130_fd_pr__nfet_01v8__tt.pm3.spice
 at or near line 23884
 Device model XI1:X_093_:X2:SKY130_FD_PR__NFET_01V8__MODEL.89: Model card
 specifies BSIM4 version 4.5 which is older than the oldest version supported
 in Xyce (4.6.1).  Using oldest version available.
 
Netlist warning in file
 /home/alex/miniconda3/share/pdk/sky130A/libs.tech/ngspice/corners/../../../libs.ref/sky130_fd_pr/spice/sky130_fd_pr__nfet_01v8__tt.pm3.spice
 at or near line 23884
 Device model XI1:X_093_:X2:SKY130_FD_PR__NFET_01V8__MODEL.89: Given pbswgd is
 less than 0.1. Pbswgd is set to 0.1
Netlist warning in file
 /home/alex/miniconda3/share/pdk/sky130A/libs.tech/ngspice/corners/../../../libs.ref/sky130_fd_pr/spice/sky130_fd_pr__nfet_01v8__tt.pm3.spice
 at or near line 23884
 Device model XI1:X_093_:X3:SKY130_FD_PR__NFET_01V8__MODEL.89: Model card
 specifies BSIM4 version 4.5 which is older than the oldest version supported
 in Xyce (4.6.1).  Using oldest version available.
 
Netlist warning in file
 /home/alex/miniconda3/share/pdk/sky130A/libs.tech/ngspice/corners/../../../libs.ref/sky130_fd_pr/spice/sky130_fd_pr__nfet_01v8__tt.pm3.spice
 at or near line 23884
 Device model XI1:X_093_:X3:SKY130_FD_PR__NFET_01V8__MODEL.89: Given pbswgd is
 less than 0.1. Pbswgd is set to 0.1
Netlist warning in file
 /home/alex/miniconda3/share/pdk/sky130A/libs.tech/ngspice/corners/../../../libs.ref/sky130_fd_pr/spice/sky130_fd_pr__nfet_01v8__tt.pm3.spice
 at or near line 23884
 Device model XI1:X_104_:X0:SKY130_FD_PR__NFET_01V8__MODEL.89: Model card
 specifies BSIM4 version 4.5 which is older than the oldest version supported
 in Xyce (4.6.1).  Using oldest version available.
 
Netlist warning in file
 /home/alex/miniconda3/share/pdk/sky130A/libs.tech/ngspice/corners/../../../libs.ref/sky130_fd_pr/spice/sky130_fd_pr__nfet_01v8__tt.pm3.spice
 at or near line 23884
 Device model XI1:X_104_:X0:SKY130_FD_PR__NFET_01V8__MODEL.89: Given pbswgd is
 less than 0.1. Pbswgd is set to 0.1
Netlist warning in file
 /home/alex/miniconda3/share/pdk/sky130A/libs.tech/ngspice/corners/../../../libs.ref/sky130_fd_pr/spice/sky130_fd_pr__pfet_01v8_hvt__tt.pm3.spice
 at or near line 21474
 Device model XI1:X_104_:X1:SKY130_FD_PR__PFET_01V8_HVT__MODEL.80: Model card
 specifies BSIM4 version 4.5 which is older than the oldest version supported
 in Xyce (4.6.1).  Using oldest version available.
 
Netlist warning in file
 /home/alex/miniconda3/share/pdk/sky130A/libs.tech/ngspice/corners/../../../libs.ref/sky130_fd_pr/spice/sky130_fd_pr__pfet_01v8_hvt__tt.pm3.spice
 at or near line 21474
 Device model XI1:X_104_:X1:SKY130_FD_PR__PFET_01V8_HVT__MODEL.80: Given
 pbswgd is less than 0.1. Pbswgd is set to 0.1
Netlist warning in file
 /home/alex/miniconda3/share/pdk/sky130A/libs.tech/ngspice/corners/../../../libs.ref/sky130_fd_pr/spice/sky130_fd_pr__nfet_01v8__tt.pm3.spice
 at or near line 23884
 Device model XI1:X_108_:X0:SKY130_FD_PR__NFET_01V8__MODEL.89: Model card
 specifies BSIM4 version 4.5 which is older than the oldest version supported
 in Xyce (4.6.1).  Using oldest version available.
 
Netlist warning in file
 /home/alex/miniconda3/share/pdk/sky130A/libs.tech/ngspice/corners/../../../libs.ref/sky130_fd_pr/spice/sky130_fd_pr__nfet_01v8__tt.pm3.spice
 at or near line 23884
 Device model XI1:X_108_:X0:SKY130_FD_PR__NFET_01V8__MODEL.89: Given pbswgd is
 less than 0.1. Pbswgd is set to 0.1
Netlist warning in file
 /home/alex/miniconda3/share/pdk/sky130A/libs.tech/ngspice/corners/../../../libs.ref/sky130_fd_pr/spice/sky130_fd_pr__pfet_01v8_hvt__tt.pm3.spice
 at or near line 21474
 Device model XI1:X_108_:X1:SKY130_FD_PR__PFET_01V8_HVT__MODEL.80: Model card
 specifies BSIM4 version 4.5 which is older than the oldest version supported
 in Xyce (4.6.1).  Using oldest version available.
 
Netlist warning in file
 /home/alex/miniconda3/share/pdk/sky130A/libs.tech/ngspice/corners/../../../libs.ref/sky130_fd_pr/spice/sky130_fd_pr__pfet_01v8_hvt__tt.pm3.spice
 at or near line 21474
 Device model XI1:X_108_:X1:SKY130_FD_PR__PFET_01V8_HVT__MODEL.80: Given
 pbswgd is less than 0.1. Pbswgd is set to 0.1
Netlist warning in file
 /home/alex/miniconda3/share/pdk/sky130A/libs.tech/ngspice/corners/../../../libs.ref/sky130_fd_pr/spice/sky130_fd_pr__nfet_01v8__tt.pm3.spice
 at or near line 23884
 Device model XI1:X_110_:X0:SKY130_FD_PR__NFET_01V8__MODEL.89: Model card
 specifies BSIM4 version 4.5 which is older than the oldest version supported
 in Xyce (4.6.1).  Using oldest version available.
 
Netlist warning in file
 /home/alex/miniconda3/share/pdk/sky130A/libs.tech/ngspice/corners/../../../libs.ref/sky130_fd_pr/spice/sky130_fd_pr__nfet_01v8__tt.pm3.spice
 at or near line 23884
 Device model XI1:X_110_:X0:SKY130_FD_PR__NFET_01V8__MODEL.89: Given pbswgd is
 less than 0.1. Pbswgd is set to 0.1
Netlist warning in file
 /home/alex/miniconda3/share/pdk/sky130A/libs.tech/ngspice/corners/../../../libs.ref/sky130_fd_pr/spice/sky130_fd_pr__pfet_01v8_hvt__tt.pm3.spice
 at or near line 21474
 Device model XI1:X_110_:X1:SKY130_FD_PR__PFET_01V8_HVT__MODEL.80: Model card
 specifies BSIM4 version 4.5 which is older than the oldest version supported
 in Xyce (4.6.1).  Using oldest version available.
 
Netlist warning in file
 /home/alex/miniconda3/share/pdk/sky130A/libs.tech/ngspice/corners/../../../libs.ref/sky130_fd_pr/spice/sky130_fd_pr__pfet_01v8_hvt__tt.pm3.spice
 at or near line 21474
 Device model XI1:X_110_:X1:SKY130_FD_PR__PFET_01V8_HVT__MODEL.80: Given
 pbswgd is less than 0.1. Pbswgd is set to 0.1
Netlist warning in file
 /home/alex/miniconda3/share/pdk/sky130A/libs.tech/ngspice/corners/../../../libs.ref/sky130_fd_pr/spice/sky130_fd_pr__nfet_01v8__tt.pm3.spice
 at or near line 23884
 Device model XI1:X_112_:X0:SKY130_FD_PR__NFET_01V8__MODEL.89: Model card
 specifies BSIM4 version 4.5 which is older than the oldest version supported
 in Xyce (4.6.1).  Using oldest version available.
 
Netlist warning in file
 /home/alex/miniconda3/share/pdk/sky130A/libs.tech/ngspice/corners/../../../libs.ref/sky130_fd_pr/spice/sky130_fd_pr__nfet_01v8__tt.pm3.spice
 at or near line 23884
 Device model XI1:X_112_:X0:SKY130_FD_PR__NFET_01V8__MODEL.89: Given pbswgd is
 less than 0.1. Pbswgd is set to 0.1
Netlist warning in file
 /home/alex/miniconda3/share/pdk/sky130A/libs.tech/ngspice/corners/../../../libs.ref/sky130_fd_pr/spice/sky130_fd_pr__pfet_01v8_hvt__tt.pm3.spice
 at or near line 21474
 Device model XI1:X_112_:X1:SKY130_FD_PR__PFET_01V8_HVT__MODEL.80: Model card
 specifies BSIM4 version 4.5 which is older than the oldest version supported
 in Xyce (4.6.1).  Using oldest version available.
 
Netlist warning in file
 /home/alex/miniconda3/share/pdk/sky130A/libs.tech/ngspice/corners/../../../libs.ref/sky130_fd_pr/spice/sky130_fd_pr__pfet_01v8_hvt__tt.pm3.spice
 at or near line 21474
 Device model XI1:X_112_:X1:SKY130_FD_PR__PFET_01V8_HVT__MODEL.80: Given
 pbswgd is less than 0.1. Pbswgd is set to 0.1
Netlist warning in file
 /home/alex/miniconda3/share/pdk/sky130A/libs.tech/ngspice/corners/../../../libs.ref/sky130_fd_pr/spice/sky130_fd_pr__nfet_01v8__tt.pm3.spice
 at or near line 23884
 Device model XI1:X_114_:X0:SKY130_FD_PR__NFET_01V8__MODEL.89: Model card
 specifies BSIM4 version 4.5 which is older than the oldest version supported
 in Xyce (4.6.1).  Using oldest version available.
 
Netlist warning in file
 /home/alex/miniconda3/share/pdk/sky130A/libs.tech/ngspice/corners/../../../libs.ref/sky130_fd_pr/spice/sky130_fd_pr__nfet_01v8__tt.pm3.spice
 at or near line 23884
 Device model XI1:X_114_:X0:SKY130_FD_PR__NFET_01V8__MODEL.89: Given pbswgd is
 less than 0.1. Pbswgd is set to 0.1
Netlist warning in file
 /home/alex/miniconda3/share/pdk/sky130A/libs.tech/ngspice/corners/../../../libs.ref/sky130_fd_pr/spice/sky130_fd_pr__pfet_01v8_hvt__tt.pm3.spice
 at or near line 21474
 Device model XI1:X_114_:X1:SKY130_FD_PR__PFET_01V8_HVT__MODEL.80: Model card
 specifies BSIM4 version 4.5 which is older than the oldest version supported
 in Xyce (4.6.1).  Using oldest version available.
 
Netlist warning in file
 /home/alex/miniconda3/share/pdk/sky130A/libs.tech/ngspice/corners/../../../libs.ref/sky130_fd_pr/spice/sky130_fd_pr__pfet_01v8_hvt__tt.pm3.spice
 at or near line 21474
 Device model XI1:X_114_:X1:SKY130_FD_PR__PFET_01V8_HVT__MODEL.80: Given
 pbswgd is less than 0.1. Pbswgd is set to 0.1
Netlist warning in file
 /home/alex/miniconda3/share/pdk/sky130A/libs.tech/ngspice/corners/../../../libs.ref/sky130_fd_pr/spice/sky130_fd_pr__nfet_01v8__tt.pm3.spice
 at or near line 23884
 Device model XI1:X_116_:X0:SKY130_FD_PR__NFET_01V8__MODEL.89: Model card
 specifies BSIM4 version 4.5 which is older than the oldest version supported
 in Xyce (4.6.1).  Using oldest version available.
 
Netlist warning in file
 /home/alex/miniconda3/share/pdk/sky130A/libs.tech/ngspice/corners/../../../libs.ref/sky130_fd_pr/spice/sky130_fd_pr__nfet_01v8__tt.pm3.spice
 at or near line 23884
 Device model XI1:X_116_:X0:SKY130_FD_PR__NFET_01V8__MODEL.89: Given pbswgd is
 less than 0.1. Pbswgd is set to 0.1
Netlist warning in file
 /home/alex/miniconda3/share/pdk/sky130A/libs.tech/ngspice/corners/../../../libs.ref/sky130_fd_pr/spice/sky130_fd_pr__pfet_01v8_hvt__tt.pm3.spice
 at or near line 21474
 Device model XI1:X_116_:X1:SKY130_FD_PR__PFET_01V8_HVT__MODEL.80: Model card
 specifies BSIM4 version 4.5 which is older than the oldest version supported
 in Xyce (4.6.1).  Using oldest version available.
 
Netlist warning in file
 /home/alex/miniconda3/share/pdk/sky130A/libs.tech/ngspice/corners/../../../libs.ref/sky130_fd_pr/spice/sky130_fd_pr__pfet_01v8_hvt__tt.pm3.spice
 at or near line 21474
 Device model XI1:X_116_:X1:SKY130_FD_PR__PFET_01V8_HVT__MODEL.80: Given
 pbswgd is less than 0.1. Pbswgd is set to 0.1
Netlist warning in file
 /home/alex/miniconda3/share/pdk/sky130A/libs.tech/ngspice/corners/../../../libs.ref/sky130_fd_pr/spice/sky130_fd_pr__nfet_01v8__tt.pm3.spice
 at or near line 23884
 Device model XI1:X_118_:X0:SKY130_FD_PR__NFET_01V8__MODEL.89: Model card
 specifies BSIM4 version 4.5 which is older than the oldest version supported
 in Xyce (4.6.1).  Using oldest version available.
 
Netlist warning in file
 /home/alex/miniconda3/share/pdk/sky130A/libs.tech/ngspice/corners/../../../libs.ref/sky130_fd_pr/spice/sky130_fd_pr__nfet_01v8__tt.pm3.spice
 at or near line 23884
 Device model XI1:X_118_:X0:SKY130_FD_PR__NFET_01V8__MODEL.89: Given pbswgd is
 less than 0.1. Pbswgd is set to 0.1
Netlist warning in file
 /home/alex/miniconda3/share/pdk/sky130A/libs.tech/ngspice/corners/../../../libs.ref/sky130_fd_pr/spice/sky130_fd_pr__pfet_01v8_hvt__tt.pm3.spice
 at or near line 21474
 Device model XI1:X_118_:X1:SKY130_FD_PR__PFET_01V8_HVT__MODEL.80: Model card
 specifies BSIM4 version 4.5 which is older than the oldest version supported
 in Xyce (4.6.1).  Using oldest version available.
 
Netlist warning in file
 /home/alex/miniconda3/share/pdk/sky130A/libs.tech/ngspice/corners/../../../libs.ref/sky130_fd_pr/spice/sky130_fd_pr__pfet_01v8_hvt__tt.pm3.spice
 at or near line 21474
 Device model XI1:X_118_:X1:SKY130_FD_PR__PFET_01V8_HVT__MODEL.80: Given
 pbswgd is less than 0.1. Pbswgd is set to 0.1
Netlist warning in file
 /home/alex/miniconda3/share/pdk/sky130A/libs.tech/ngspice/corners/../../../libs.ref/sky130_fd_pr/spice/sky130_fd_pr__nfet_01v8__tt.pm3.spice
 at or near line 23884
 Device model XI1:X_120_:X0:SKY130_FD_PR__NFET_01V8__MODEL.89: Model card
 specifies BSIM4 version 4.5 which is older than the oldest version supported
 in Xyce (4.6.1).  Using oldest version available.
 
Netlist warning in file
 /home/alex/miniconda3/share/pdk/sky130A/libs.tech/ngspice/corners/../../../libs.ref/sky130_fd_pr/spice/sky130_fd_pr__nfet_01v8__tt.pm3.spice
 at or near line 23884
 Device model XI1:X_120_:X0:SKY130_FD_PR__NFET_01V8__MODEL.89: Given pbswgd is
 less than 0.1. Pbswgd is set to 0.1
Maximum warning count has been exceeded and will no longer be displayed
***** Setting up topology...

***** Device Count Summary ...
       C level 1 (Capacitor)                    1
       M level 14 (BSIM4)                     164
       V level 1 (Independent Voltage Source)   9
       ------------------------------------------
       Total Devices                          174
***** Setting up matrix structure...
***** Number of Unknowns = 626
***** Initializing...

***** Beginning DC Operating Point Calculation...

***** Beginning Transient Calculation...

***** Percent complete: 1.00026 %
***** Current system time: Sun Dec 25 05:58:45 2022
***** Estimated time to completion: 29 min., 31 sec.

***** Percent complete: 2.00094 %
***** Current system time: Sun Dec 25 05:59:02 2022
***** Estimated time to completion: 29 min.,  5 sec.

***** Percent complete: 3.00117 %
***** Current system time: Sun Dec 25 05:59:19 2022
***** Estimated time to completion: 28 min.,  3 sec.

***** Percent complete: 4.00162 %
***** Current system time: Sun Dec 25 05:59:37 2022
***** Estimated time to completion: 28 min.,  9 sec.

***** Percent complete: 5.00169 %
***** Current system time: Sun Dec 25 05:59:55 2022
***** Estimated time to completion: 28 min.,  5 sec.

***** Percent complete: 6.00205 %
***** Current system time: Sun Dec 25 06:00:14 2022
***** Estimated time to completion: 28 min.,  4 sec.

***** Percent complete: 7.00211 %
***** Current system time: Sun Dec 25 06:00:31 2022
***** Estimated time to completion: 27 min., 28 sec.

***** Percent complete: 8.00285 %
***** Current system time: Sun Dec 25 06:00:48 2022
***** Estimated time to completion: 27 min.,  0 sec.

***** Percent complete: 9.00349 %
***** Current system time: Sun Dec 25 06:01:05 2022
***** Estimated time to completion: 26 min., 37 sec.

***** Percent complete: 10.004 %
***** Current system time: Sun Dec 25 06:01:23 2022
***** Estimated time to completion: 26 min., 22 sec.

***** Percent complete: 11.0042 %
***** Current system time: Sun Dec 25 06:01:40 2022
***** Estimated time to completion: 26 min.,  7 sec.

***** Percent complete: 12.0043 %
***** Current system time: Sun Dec 25 06:01:57 2022
***** Estimated time to completion: 25 min., 45 sec.

***** Percent complete: 13.005 %
***** Current system time: Sun Dec 25 06:02:16 2022
***** Estimated time to completion: 25 min., 32 sec.

***** Percent complete: 14.0056 %
***** Current system time: Sun Dec 25 06:02:35 2022
***** Estimated time to completion: 25 min., 25 sec.

***** Percent complete: 15.0065 %
***** Current system time: Sun Dec 25 06:02:54 2022
***** Estimated time to completion: 25 min., 11 sec.

***** Percent complete: 16.0066 %
***** Current system time: Sun Dec 25 06:03:10 2022
***** Estimated time to completion: 24 min., 46 sec.

***** Percent complete: 17.0068 %
***** Current system time: Sun Dec 25 06:03:27 2022
***** Estimated time to completion: 24 min., 27 sec.

***** Percent complete: 18.0074 %
***** Current system time: Sun Dec 25 06:03:47 2022
***** Estimated time to completion: 24 min., 17 sec.

***** Percent complete: 19.0077 %
***** Current system time: Sun Dec 25 06:04:04 2022
***** Estimated time to completion: 23 min., 55 sec.

***** Percent complete: 20.0079 %
***** Current system time: Sun Dec 25 06:04:21 2022
***** Estimated time to completion: 23 min., 36 sec.

***** Percent complete: 21.008 %
***** Current system time: Sun Dec 25 06:04:38 2022
***** Estimated time to completion: 23 min., 17 sec.

***** Percent complete: 22.008 %
***** Current system time: Sun Dec 25 06:04:55 2022
***** Estimated time to completion: 22 min., 57 sec.

***** Percent complete: 23.0087 %
***** Current system time: Sun Dec 25 06:05:13 2022
***** Estimated time to completion: 22 min., 39 sec.

***** Percent complete: 24.0088 %
***** Current system time: Sun Dec 25 06:05:30 2022
***** Estimated time to completion: 22 min., 21 sec.

***** Percent complete: 25.0091 %
***** Current system time: Sun Dec 25 06:05:47 2022
***** Estimated time to completion: 22 min.,  1 sec.

***** Percent complete: 26.0095 %
***** Current system time: Sun Dec 25 06:06:05 2022
***** Estimated time to completion: 21 min., 44 sec.

***** Percent complete: 27.0101 %
***** Current system time: Sun Dec 25 06:06:22 2022
***** Estimated time to completion: 21 min., 24 sec.

***** Percent complete: 28.0105 %
***** Current system time: Sun Dec 25 06:06:40 2022
***** Estimated time to completion: 21 min.,  6 sec.

***** Percent complete: 29.0112 %
***** Current system time: Sun Dec 25 06:06:57 2022
***** Estimated time to completion: 20 min., 49 sec.

***** Percent complete: 30.012 %
***** Current system time: Sun Dec 25 06:07:16 2022
***** Estimated time to completion: 20 min., 33 sec.

***** Percent complete: 31.0123 %
***** Current system time: Sun Dec 25 06:07:34 2022
***** Estimated time to completion: 20 min., 17 sec.

***** Percent complete: 32.0123 %
***** Current system time: Sun Dec 25 06:07:50 2022
***** Estimated time to completion: 19 min., 56 sec.

***** Percent complete: 33.0127 %
***** Current system time: Sun Dec 25 06:08:08 2022
***** Estimated time to completion: 19 min., 39 sec.

***** Percent complete: 34.0136 %
***** Current system time: Sun Dec 25 06:08:26 2022
***** Estimated time to completion: 19 min., 21 sec.

***** Percent complete: 35.0145 %
***** Current system time: Sun Dec 25 06:08:42 2022
***** Estimated time to completion: 19 min.,  2 sec.

***** Percent complete: 36.015 %
***** Current system time: Sun Dec 25 06:08:59 2022
***** Estimated time to completion: 18 min., 44 sec.

***** Percent complete: 37.015 %
***** Current system time: Sun Dec 25 06:09:17 2022
***** Estimated time to completion: 18 min., 26 sec.

***** Percent complete: 38.0155 %
***** Current system time: Sun Dec 25 06:09:36 2022
***** Estimated time to completion: 18 min., 11 sec.

***** Percent complete: 39.0164 %
***** Current system time: Sun Dec 25 06:09:53 2022
***** Estimated time to completion: 17 min., 53 sec.

***** Percent complete: 40.0178 %
***** Current system time: Sun Dec 25 06:10:09 2022
***** Estimated time to completion: 17 min., 32 sec.

***** Percent complete: 41.0179 %
***** Current system time: Sun Dec 25 06:10:26 2022
***** Estimated time to completion: 17 min., 14 sec.

***** Percent complete: 42.0191 %
***** Current system time: Sun Dec 25 06:10:46 2022
***** Estimated time to completion: 16 min., 59 sec.

***** Percent complete: 43.0197 %
***** Current system time: Sun Dec 25 06:11:03 2022
***** Estimated time to completion: 16 min., 42 sec.

***** Percent complete: 44.0202 %
***** Current system time: Sun Dec 25 06:11:21 2022
***** Estimated time to completion: 16 min., 24 sec.

***** Percent complete: 45.0205 %
***** Current system time: Sun Dec 25 06:11:40 2022
***** Estimated time to completion: 16 min.,  9 sec.

***** Percent complete: 46.0211 %
***** Current system time: Sun Dec 25 06:11:57 2022
***** Estimated time to completion: 15 min., 50 sec.

***** Percent complete: 47.0215 %
***** Current system time: Sun Dec 25 06:12:15 2022
***** Estimated time to completion: 15 min., 33 sec.

***** Percent complete: 48.0217 %
***** Current system time: Sun Dec 25 06:12:31 2022
***** Estimated time to completion: 15 min., 14 sec.

***** Percent complete: 49.0217 %
***** Current system time: Sun Dec 25 06:12:46 2022
***** Estimated time to completion: 14 min., 53 sec.

***** Percent complete: 50.0221 %
***** Current system time: Sun Dec 25 06:13:02 2022
***** Estimated time to completion: 14 min., 34 sec.

***** Percent complete: 51.0223 %
***** Current system time: Sun Dec 25 06:13:19 2022
***** Estimated time to completion: 14 min., 16 sec.

***** Percent complete: 52.0231 %
***** Current system time: Sun Dec 25 06:13:34 2022
***** Estimated time to completion: 13 min., 56 sec.

***** Percent complete: 53.0234 %
***** Current system time: Sun Dec 25 06:13:47 2022
***** Estimated time to completion: 13 min., 35 sec.

***** Percent complete: 54.0239 %
***** Current system time: Sun Dec 25 06:14:01 2022
***** Estimated time to completion: 13 min., 15 sec.

***** Percent complete: 55.024 %
***** Current system time: Sun Dec 25 06:14:16 2022
***** Estimated time to completion: 12 min., 55 sec.

***** Percent complete: 56.0244 %
***** Current system time: Sun Dec 25 06:14:30 2022
***** Estimated time to completion: 12 min., 36 sec.

***** Percent complete: 57.0249 %
***** Current system time: Sun Dec 25 06:14:45 2022
***** Estimated time to completion: 12 min., 17 sec.

***** Percent complete: 58.0253 %
***** Current system time: Sun Dec 25 06:15:02 2022
***** Estimated time to completion: 11 min., 59 sec.

***** Percent complete: 59.0254 %
***** Current system time: Sun Dec 25 06:15:19 2022
***** Estimated time to completion: 11 min., 42 sec.

***** Percent complete: 60.0257 %
***** Current system time: Sun Dec 25 06:15:37 2022
***** Estimated time to completion: 11 min., 26 sec.

***** Percent complete: 61.0259 %
***** Current system time: Sun Dec 25 06:15:54 2022
***** Estimated time to completion: 11 min.,  8 sec.

***** Percent complete: 62.0265 %
***** Current system time: Sun Dec 25 06:16:11 2022
***** Estimated time to completion: 10 min., 51 sec.

***** Percent complete: 63.0276 %
***** Current system time: Sun Dec 25 06:16:29 2022
***** Estimated time to completion: 10 min., 34 sec.

***** Percent complete: 64.0282 %
***** Current system time: Sun Dec 25 06:16:46 2022
***** Estimated time to completion: 10 min., 17 sec.

***** Percent complete: 65.0284 %
***** Current system time: Sun Dec 25 06:17:04 2022
***** Estimated time to completion: 10 min.,  0 sec.

***** Percent complete: 66.0285 %
***** Current system time: Sun Dec 25 06:17:17 2022
***** Estimated time to completion:  9 min., 41 sec.

***** Percent complete: 67.0295 %
***** Current system time: Sun Dec 25 06:17:30 2022
***** Estimated time to completion:  9 min., 22 sec.

***** Percent complete: 68.0301 %
***** Current system time: Sun Dec 25 06:17:40 2022
***** Estimated time to completion:  9 min.,  1 sec.

***** Percent complete: 69.0305 %
***** Current system time: Sun Dec 25 06:17:49 2022
***** Estimated time to completion:  8 min., 41 sec.

***** Percent complete: 70.031 %
***** Current system time: Sun Dec 25 06:17:59 2022
***** Estimated time to completion:  8 min., 21 sec.

***** Percent complete: 71.0318 %
***** Current system time: Sun Dec 25 06:18:09 2022
***** Estimated time to completion:  8 min.,  1 sec.

***** Percent complete: 72.0324 %
***** Current system time: Sun Dec 25 06:18:18 2022
***** Estimated time to completion:  7 min., 42 sec.

***** Percent complete: 73.0327 %
***** Current system time: Sun Dec 25 06:18:28 2022
***** Estimated time to completion:  7 min., 23 sec.

***** Percent complete: 74.0334 %
***** Current system time: Sun Dec 25 06:18:37 2022
***** Estimated time to completion:  7 min.,  4 sec.

***** Percent complete: 75.0342 %
***** Current system time: Sun Dec 25 06:18:47 2022
***** Estimated time to completion:  6 min., 46 sec.

***** Percent complete: 76.035 %
***** Current system time: Sun Dec 25 06:18:57 2022
***** Estimated time to completion:  6 min., 27 sec.

***** Percent complete: 77.0362 %
***** Current system time: Sun Dec 25 06:19:07 2022
***** Estimated time to completion:  6 min.,  9 sec.

***** Percent complete: 78.0366 %
***** Current system time: Sun Dec 25 06:19:16 2022
***** Estimated time to completion:  5 min., 51 sec.

***** Percent complete: 79.037 %
***** Current system time: Sun Dec 25 06:19:26 2022
***** Estimated time to completion:  5 min., 33 sec.

***** Percent complete: 80.0373 %
***** Current system time: Sun Dec 25 06:19:36 2022
***** Estimated time to completion:  5 min., 16 sec.

***** Percent complete: 81.0377 %
***** Current system time: Sun Dec 25 06:19:45 2022
***** Estimated time to completion:  4 min., 59 sec.

***** Percent complete: 82.0378 %
***** Current system time: Sun Dec 25 06:19:55 2022
***** Estimated time to completion:  4 min., 42 sec.

***** Percent complete: 83.0384 %
***** Current system time: Sun Dec 25 06:20:05 2022
***** Estimated time to completion:  4 min., 25 sec.

***** Percent complete: 84.0385 %
***** Current system time: Sun Dec 25 06:20:14 2022
***** Estimated time to completion:  4 min.,  8 sec.

***** Percent complete: 85.0387 %
***** Current system time: Sun Dec 25 06:20:24 2022
***** Estimated time to completion:  3 min., 51 sec.

***** Percent complete: 86.0389 %
***** Current system time: Sun Dec 25 06:20:34 2022
***** Estimated time to completion:  3 min., 35 sec.

***** Percent complete: 87.0396 %
***** Current system time: Sun Dec 25 06:20:43 2022
***** Estimated time to completion:  3 min., 19 sec.

***** Percent complete: 88.0397 %
***** Current system time: Sun Dec 25 06:20:53 2022
***** Estimated time to completion:  3 min.,  2 sec.

***** Percent complete: 89.0403 %
***** Current system time: Sun Dec 25 06:21:03 2022
***** Estimated time to completion:  2 min., 46 sec.

***** Percent complete: 90.0406 %
***** Current system time: Sun Dec 25 06:21:13 2022
***** Estimated time to completion:  2 min., 31 sec.

***** Percent complete: 91.0411 %
***** Current system time: Sun Dec 25 06:21:22 2022
***** Estimated time to completion:  2 min., 15 sec.

***** Percent complete: 92.042 %
***** Current system time: Sun Dec 25 06:21:31 2022
***** Estimated time to completion:  1 min., 59 sec.

***** Percent complete: 93.0421 %
***** Current system time: Sun Dec 25 06:21:41 2022
***** Estimated time to completion:  1 min., 44 sec.

***** Percent complete: 94.0426 %
***** Current system time: Sun Dec 25 06:21:51 2022
***** Estimated time to completion:  1 min., 28 sec.

***** Percent complete: 95.0429 %
***** Current system time: Sun Dec 25 06:22:00 2022
***** Estimated time to completion:  1 min., 13 sec.

***** Percent complete: 96.0431 %
***** Current system time: Sun Dec 25 06:22:10 2022
***** Estimated time to completion: 58 sec.

***** Percent complete: 97.0439 %
***** Current system time: Sun Dec 25 06:22:19 2022
***** Estimated time to completion: 43 sec.

***** Percent complete: 98.0451 %
***** Current system time: Sun Dec 25 06:22:29 2022
***** Estimated time to completion: 28 sec.

***** Percent complete: 99.0463 %
***** Current system time: Sun Dec 25 06:22:38 2022
***** Estimated time to completion: 13 sec.

***** Problem read in and set up time: 3.02527 seconds
 ***** DCOP time: 0.0842869 seconds.  Breakdown follows:
	Number Successful Steps Taken:		1
	Number Failed Steps Attempted:		0
	Number Jacobians Evaluated:		35
	Number Linear Solves:			35
	Number Failed Linear Solves:		0
	Number Residual Evaluations:		37
	Number Nonlinear Convergence Failures:	0
	Total Residual Load Time:		0.0601666 seconds
	Total Jacobian Load Time:		0.00289798 seconds
	Total Linear Solution Time:		0.00599241 seconds

 ***** Transient Stepping time: 1460.88 seconds.  Breakdown follows:
	Number Successful Steps Taken:		250064
	Number Failed Steps Attempted:		40505
	Number Jacobians Evaluated:		1023130
	Number Linear Solves:			1023130
	Number Failed Linear Solves:		0
	Number Residual Evaluations:		1313699
	Number Nonlinear Convergence Failures:	568
	Total Residual Load Time:		959.687 seconds
	Total Jacobian Load Time:		126.345 seconds
	Total Linear Solution Time:		241.067 seconds


***** Solution Summary *****
	Number Successful Steps Taken:		250065
	Number Failed Steps Attempted:		40505
	Number Jacobians Evaluated:		1023165
	Number Linear Solves:			1023165
	Number Failed Linear Solves:		0
	Number Residual Evaluations:		1313736
	Number Nonlinear Convergence Failures:	568
	Total Residual Load Time:		959.747 seconds
	Total Jacobian Load Time:		126.348 seconds
	Total Linear Solution Time:		241.073 seconds


 ***** Measure Functions ***** 

PERIOD = 6.157822e-05 with targ = 1.708405e-04 and trig = 1.092623e-04

POWER = 2.261757e-04
Measure Start Time= 1.000000e-05	Measure End Time= 1.615000e-01


***** Total Simulation Solvers Run Time: 1460.96 seconds
***** Total Elapsed Run Time:            1463.99 seconds
*****
***** End of Xyce(TM) Simulation
*****

Timing summary of 1 processor
                 Stats                    Count        CPU Time              Wall Time
---------------------------------------- ------- --------------------- ---------------------
Xyce                                           1    16:35.099 (100.0%)    24:23.988 (100.0%)
  Analysis                                     1    16:33.485 (99.84%)    24:20.962 (99.79%)
    Transient                                  1    16:33.485 (99.84%)    24:20.962 (99.79%)
      Nonlinear Solve                     290570    15:44.602 (94.93%)    23:09.399 (94.91%)
        Residual                         1313736    10:55.641 (65.89%)    16:05.163 (65.93%)
        Jacobian                         1023165     1:27.696 ( 8.81%)     2:09.157 ( 8.82%)
        Linear Solve                     1023165     2:44.778 (16.56%)     4:04.395 (16.69%)
      Successful DCOP Steps                    1        0.001 (<0.01%)        0.001 (<0.01%)
      Successful Step                     250064       37.279 ( 3.75%)       54.509 ( 3.72%)
      Failed Steps                         40505        0.123 ( 0.01%)        0.205 ( 0.01%)
        Nonlinear Failure                    568        0.000 (<0.01%)        0.000 (<0.01%)
  Netlist Import                               1        1.583 ( 0.16%)        2.966 ( 0.20%)
    Parse Context                              1        0.964 ( 0.10%)        1.802 ( 0.12%)
    Distribute Devices                         1        0.599 ( 0.06%)        1.120 ( 0.08%)
    Verify Devices                             1        0.000 (<0.01%)        0.000 (<0.01%)
    Instantiate                                1        0.009 (<0.01%)        0.021 (<0.01%)
  Late Initialization                          1        0.010 (<0.01%)        0.022 (<0.01%)
    Global Indices                             1        0.003 (<0.01%)        0.003 (<0.01%)
  Setup Matrix Structure                       1        0.002 (<0.01%)        0.015 (<0.01%)

