
*****
***** Welcome to the Xyce(TM) Parallel Electronic Simulator
*****
***** This is version Xyce DEVELOPMENT-202212040732-(Public_Release-7.6.0-16-g7ac86b45)-opensource
***** Date: Sun Dec 25 14:11:24 UTC 2022


***** Executing netlist tempsenseInst_error_sim_80.sp

***** Reading and parsing netlist...
Netlist warning in file tempsenseInst_error_sim_80.sp at or near line 3
 Unrecognized .OPTIONS package or parameter AUTOSTOP will be ignored
Netlist warning: No print specified
Netlist warning in file
 /home/alex/miniconda3/share/pdk/sky130A/libs.tech/ngspice/corners/../../../libs.ref/sky130_fd_pr/spice/sky130_fd_pr__nfet_01v8__tt.pm3.spice
 at or near line 23884
 Device model XI1:X_069_:X0:SKY130_FD_PR__NFET_01V8__MODEL.89: Model card
 specifies BSIM4 version 4.5 which is older than the oldest version supported
 in Xyce (4.6.1).  Using oldest version available.
 
Netlist warning in file
 /home/alex/miniconda3/share/pdk/sky130A/libs.tech/ngspice/corners/../../../libs.ref/sky130_fd_pr/spice/sky130_fd_pr__nfet_01v8__tt.pm3.spice
 at or near line 23884
 Device model XI1:X_069_:X0:SKY130_FD_PR__NFET_01V8__MODEL.89: Given pbswgd is
 less than 0.1. Pbswgd is set to 0.1
Netlist warning in file
 /home/alex/miniconda3/share/pdk/sky130A/libs.tech/ngspice/corners/../../../libs.ref/sky130_fd_pr/spice/sky130_fd_pr__pfet_01v8_hvt__tt.pm3.spice
 at or near line 21474
 Device model XI1:X_069_:X1:SKY130_FD_PR__PFET_01V8_HVT__MODEL.80: Model card
 specifies BSIM4 version 4.5 which is older than the oldest version supported
 in Xyce (4.6.1).  Using oldest version available.
 
Netlist warning in file
 /home/alex/miniconda3/share/pdk/sky130A/libs.tech/ngspice/corners/../../../libs.ref/sky130_fd_pr/spice/sky130_fd_pr__pfet_01v8_hvt__tt.pm3.spice
 at or near line 21474
 Device model XI1:X_069_:X1:SKY130_FD_PR__PFET_01V8_HVT__MODEL.80: Given
 pbswgd is less than 0.1. Pbswgd is set to 0.1
Netlist warning in file
 /home/alex/miniconda3/share/pdk/sky130A/libs.tech/ngspice/corners/../../../libs.ref/sky130_fd_pr/spice/sky130_fd_pr__nfet_01v8__tt.pm3.spice
 at or near line 23884
 Device model XI1:X_070_:X0:SKY130_FD_PR__NFET_01V8__MODEL.89: Model card
 specifies BSIM4 version 4.5 which is older than the oldest version supported
 in Xyce (4.6.1).  Using oldest version available.
 
Netlist warning in file
 /home/alex/miniconda3/share/pdk/sky130A/libs.tech/ngspice/corners/../../../libs.ref/sky130_fd_pr/spice/sky130_fd_pr__nfet_01v8__tt.pm3.spice
 at or near line 23884
 Device model XI1:X_070_:X0:SKY130_FD_PR__NFET_01V8__MODEL.89: Given pbswgd is
 less than 0.1. Pbswgd is set to 0.1
Netlist warning in file
 /home/alex/miniconda3/share/pdk/sky130A/libs.tech/ngspice/corners/../../../libs.ref/sky130_fd_pr/spice/sky130_fd_pr__pfet_01v8_hvt__tt.pm3.spice
 at or near line 21474
 Device model XI1:X_070_:X1:SKY130_FD_PR__PFET_01V8_HVT__MODEL.80: Model card
 specifies BSIM4 version 4.5 which is older than the oldest version supported
 in Xyce (4.6.1).  Using oldest version available.
 
Netlist warning in file
 /home/alex/miniconda3/share/pdk/sky130A/libs.tech/ngspice/corners/../../../libs.ref/sky130_fd_pr/spice/sky130_fd_pr__pfet_01v8_hvt__tt.pm3.spice
 at or near line 21474
 Device model XI1:X_070_:X1:SKY130_FD_PR__PFET_01V8_HVT__MODEL.80: Given
 pbswgd is less than 0.1. Pbswgd is set to 0.1
Netlist warning in file
 /home/alex/miniconda3/share/pdk/sky130A/libs.tech/ngspice/corners/../../../libs.ref/sky130_fd_pr/spice/sky130_fd_pr__nfet_01v8__tt.pm3.spice
 at or near line 23884
 Device model XI1:X_071_:X0:SKY130_FD_PR__NFET_01V8__MODEL.89: Model card
 specifies BSIM4 version 4.5 which is older than the oldest version supported
 in Xyce (4.6.1).  Using oldest version available.
 
Netlist warning in file
 /home/alex/miniconda3/share/pdk/sky130A/libs.tech/ngspice/corners/../../../libs.ref/sky130_fd_pr/spice/sky130_fd_pr__nfet_01v8__tt.pm3.spice
 at or near line 23884
 Device model XI1:X_071_:X0:SKY130_FD_PR__NFET_01V8__MODEL.89: Given pbswgd is
 less than 0.1. Pbswgd is set to 0.1
Netlist warning in file
 /home/alex/miniconda3/share/pdk/sky130A/libs.tech/ngspice/corners/../../../libs.ref/sky130_fd_pr/spice/sky130_fd_pr__pfet_01v8_hvt__tt.pm3.spice
 at or near line 21474
 Device model XI1:X_071_:X1:SKY130_FD_PR__PFET_01V8_HVT__MODEL.80: Model card
 specifies BSIM4 version 4.5 which is older than the oldest version supported
 in Xyce (4.6.1).  Using oldest version available.
 
Netlist warning in file
 /home/alex/miniconda3/share/pdk/sky130A/libs.tech/ngspice/corners/../../../libs.ref/sky130_fd_pr/spice/sky130_fd_pr__pfet_01v8_hvt__tt.pm3.spice
 at or near line 21474
 Device model XI1:X_071_:X1:SKY130_FD_PR__PFET_01V8_HVT__MODEL.80: Given
 pbswgd is less than 0.1. Pbswgd is set to 0.1
Netlist warning in file
 /home/alex/miniconda3/share/pdk/sky130A/libs.tech/ngspice/corners/../../../libs.ref/sky130_fd_pr/spice/sky130_fd_pr__nfet_01v8__tt.pm3.spice
 at or near line 23884
 Device model XI1:X_072_:X0:SKY130_FD_PR__NFET_01V8__MODEL.89: Model card
 specifies BSIM4 version 4.5 which is older than the oldest version supported
 in Xyce (4.6.1).  Using oldest version available.
 
Netlist warning in file
 /home/alex/miniconda3/share/pdk/sky130A/libs.tech/ngspice/corners/../../../libs.ref/sky130_fd_pr/spice/sky130_fd_pr__nfet_01v8__tt.pm3.spice
 at or near line 23884
 Device model XI1:X_072_:X0:SKY130_FD_PR__NFET_01V8__MODEL.89: Given pbswgd is
 less than 0.1. Pbswgd is set to 0.1
Netlist warning in file
 /home/alex/miniconda3/share/pdk/sky130A/libs.tech/ngspice/corners/../../../libs.ref/sky130_fd_pr/spice/sky130_fd_pr__pfet_01v8_hvt__tt.pm3.spice
 at or near line 21474
 Device model XI1:X_072_:X1:SKY130_FD_PR__PFET_01V8_HVT__MODEL.80: Model card
 specifies BSIM4 version 4.5 which is older than the oldest version supported
 in Xyce (4.6.1).  Using oldest version available.
 
Netlist warning in file
 /home/alex/miniconda3/share/pdk/sky130A/libs.tech/ngspice/corners/../../../libs.ref/sky130_fd_pr/spice/sky130_fd_pr__pfet_01v8_hvt__tt.pm3.spice
 at or near line 21474
 Device model XI1:X_072_:X1:SKY130_FD_PR__PFET_01V8_HVT__MODEL.80: Given
 pbswgd is less than 0.1. Pbswgd is set to 0.1
Netlist warning in file
 /home/alex/miniconda3/share/pdk/sky130A/libs.tech/ngspice/corners/../../../libs.ref/sky130_fd_pr/spice/sky130_fd_pr__nfet_01v8__tt.pm3.spice
 at or near line 23884
 Device model XI1:X_073_:X0:SKY130_FD_PR__NFET_01V8__MODEL.89: Model card
 specifies BSIM4 version 4.5 which is older than the oldest version supported
 in Xyce (4.6.1).  Using oldest version available.
 
Netlist warning in file
 /home/alex/miniconda3/share/pdk/sky130A/libs.tech/ngspice/corners/../../../libs.ref/sky130_fd_pr/spice/sky130_fd_pr__nfet_01v8__tt.pm3.spice
 at or near line 23884
 Device model XI1:X_073_:X0:SKY130_FD_PR__NFET_01V8__MODEL.89: Given pbswgd is
 less than 0.1. Pbswgd is set to 0.1
Netlist warning in file
 /home/alex/miniconda3/share/pdk/sky130A/libs.tech/ngspice/corners/../../../libs.ref/sky130_fd_pr/spice/sky130_fd_pr__pfet_01v8_hvt__tt.pm3.spice
 at or near line 21474
 Device model XI1:X_073_:X1:SKY130_FD_PR__PFET_01V8_HVT__MODEL.80: Model card
 specifies BSIM4 version 4.5 which is older than the oldest version supported
 in Xyce (4.6.1).  Using oldest version available.
 
Netlist warning in file
 /home/alex/miniconda3/share/pdk/sky130A/libs.tech/ngspice/corners/../../../libs.ref/sky130_fd_pr/spice/sky130_fd_pr__pfet_01v8_hvt__tt.pm3.spice
 at or near line 21474
 Device model XI1:X_073_:X1:SKY130_FD_PR__PFET_01V8_HVT__MODEL.80: Given
 pbswgd is less than 0.1. Pbswgd is set to 0.1
Netlist warning in file
 /home/alex/miniconda3/share/pdk/sky130A/libs.tech/ngspice/corners/../../../libs.ref/sky130_fd_pr/spice/sky130_fd_pr__nfet_01v8__tt.pm3.spice
 at or near line 23884
 Device model XI1:X_074_:X0:SKY130_FD_PR__NFET_01V8__MODEL.89: Model card
 specifies BSIM4 version 4.5 which is older than the oldest version supported
 in Xyce (4.6.1).  Using oldest version available.
 
Netlist warning in file
 /home/alex/miniconda3/share/pdk/sky130A/libs.tech/ngspice/corners/../../../libs.ref/sky130_fd_pr/spice/sky130_fd_pr__nfet_01v8__tt.pm3.spice
 at or near line 23884
 Device model XI1:X_074_:X0:SKY130_FD_PR__NFET_01V8__MODEL.89: Given pbswgd is
 less than 0.1. Pbswgd is set to 0.1
Netlist warning in file
 /home/alex/miniconda3/share/pdk/sky130A/libs.tech/ngspice/corners/../../../libs.ref/sky130_fd_pr/spice/sky130_fd_pr__pfet_01v8_hvt__tt.pm3.spice
 at or near line 21474
 Device model XI1:X_074_:X1:SKY130_FD_PR__PFET_01V8_HVT__MODEL.80: Model card
 specifies BSIM4 version 4.5 which is older than the oldest version supported
 in Xyce (4.6.1).  Using oldest version available.
 
Netlist warning in file
 /home/alex/miniconda3/share/pdk/sky130A/libs.tech/ngspice/corners/../../../libs.ref/sky130_fd_pr/spice/sky130_fd_pr__pfet_01v8_hvt__tt.pm3.spice
 at or near line 21474
 Device model XI1:X_074_:X1:SKY130_FD_PR__PFET_01V8_HVT__MODEL.80: Given
 pbswgd is less than 0.1. Pbswgd is set to 0.1
Netlist warning in file
 /home/alex/miniconda3/share/pdk/sky130A/libs.tech/ngspice/corners/../../../libs.ref/sky130_fd_pr/spice/sky130_fd_pr__nfet_01v8__tt.pm3.spice
 at or near line 23884
 Device model XI1:X_075_:X0:SKY130_FD_PR__NFET_01V8__MODEL.89: Model card
 specifies BSIM4 version 4.5 which is older than the oldest version supported
 in Xyce (4.6.1).  Using oldest version available.
 
Netlist warning in file
 /home/alex/miniconda3/share/pdk/sky130A/libs.tech/ngspice/corners/../../../libs.ref/sky130_fd_pr/spice/sky130_fd_pr__nfet_01v8__tt.pm3.spice
 at or near line 23884
 Device model XI1:X_075_:X0:SKY130_FD_PR__NFET_01V8__MODEL.89: Given pbswgd is
 less than 0.1. Pbswgd is set to 0.1
Netlist warning in file
 /home/alex/miniconda3/share/pdk/sky130A/libs.tech/ngspice/corners/../../../libs.ref/sky130_fd_pr/spice/sky130_fd_pr__pfet_01v8_hvt__tt.pm3.spice
 at or near line 21474
 Device model XI1:X_075_:X1:SKY130_FD_PR__PFET_01V8_HVT__MODEL.80: Model card
 specifies BSIM4 version 4.5 which is older than the oldest version supported
 in Xyce (4.6.1).  Using oldest version available.
 
Netlist warning in file
 /home/alex/miniconda3/share/pdk/sky130A/libs.tech/ngspice/corners/../../../libs.ref/sky130_fd_pr/spice/sky130_fd_pr__pfet_01v8_hvt__tt.pm3.spice
 at or near line 21474
 Device model XI1:X_075_:X1:SKY130_FD_PR__PFET_01V8_HVT__MODEL.80: Given
 pbswgd is less than 0.1. Pbswgd is set to 0.1
Netlist warning in file
 /home/alex/miniconda3/share/pdk/sky130A/libs.tech/ngspice/corners/../../../libs.ref/sky130_fd_pr/spice/sky130_fd_pr__nfet_01v8__tt.pm3.spice
 at or near line 23884
 Device model XI1:X_076_:X0:SKY130_FD_PR__NFET_01V8__MODEL.89: Model card
 specifies BSIM4 version 4.5 which is older than the oldest version supported
 in Xyce (4.6.1).  Using oldest version available.
 
Netlist warning in file
 /home/alex/miniconda3/share/pdk/sky130A/libs.tech/ngspice/corners/../../../libs.ref/sky130_fd_pr/spice/sky130_fd_pr__nfet_01v8__tt.pm3.spice
 at or near line 23884
 Device model XI1:X_076_:X0:SKY130_FD_PR__NFET_01V8__MODEL.89: Given pbswgd is
 less than 0.1. Pbswgd is set to 0.1
Netlist warning in file
 /home/alex/miniconda3/share/pdk/sky130A/libs.tech/ngspice/corners/../../../libs.ref/sky130_fd_pr/spice/sky130_fd_pr__pfet_01v8_hvt__tt.pm3.spice
 at or near line 21474
 Device model XI1:X_076_:X1:SKY130_FD_PR__PFET_01V8_HVT__MODEL.80: Model card
 specifies BSIM4 version 4.5 which is older than the oldest version supported
 in Xyce (4.6.1).  Using oldest version available.
 
Netlist warning in file
 /home/alex/miniconda3/share/pdk/sky130A/libs.tech/ngspice/corners/../../../libs.ref/sky130_fd_pr/spice/sky130_fd_pr__pfet_01v8_hvt__tt.pm3.spice
 at or near line 21474
 Device model XI1:X_076_:X1:SKY130_FD_PR__PFET_01V8_HVT__MODEL.80: Given
 pbswgd is less than 0.1. Pbswgd is set to 0.1
Netlist warning in file
 /home/alex/miniconda3/share/pdk/sky130A/libs.tech/ngspice/corners/../../../libs.ref/sky130_fd_pr/spice/sky130_fd_pr__nfet_01v8__tt.pm3.spice
 at or near line 23884
 Device model XI1:X_077_:X0:SKY130_FD_PR__NFET_01V8__MODEL.89: Model card
 specifies BSIM4 version 4.5 which is older than the oldest version supported
 in Xyce (4.6.1).  Using oldest version available.
 
Netlist warning in file
 /home/alex/miniconda3/share/pdk/sky130A/libs.tech/ngspice/corners/../../../libs.ref/sky130_fd_pr/spice/sky130_fd_pr__nfet_01v8__tt.pm3.spice
 at or near line 23884
 Device model XI1:X_077_:X0:SKY130_FD_PR__NFET_01V8__MODEL.89: Given pbswgd is
 less than 0.1. Pbswgd is set to 0.1
Netlist warning in file
 /home/alex/miniconda3/share/pdk/sky130A/libs.tech/ngspice/corners/../../../libs.ref/sky130_fd_pr/spice/sky130_fd_pr__pfet_01v8_hvt__tt.pm3.spice
 at or near line 21474
 Device model XI1:X_077_:X1:SKY130_FD_PR__PFET_01V8_HVT__MODEL.80: Model card
 specifies BSIM4 version 4.5 which is older than the oldest version supported
 in Xyce (4.6.1).  Using oldest version available.
 
Netlist warning in file
 /home/alex/miniconda3/share/pdk/sky130A/libs.tech/ngspice/corners/../../../libs.ref/sky130_fd_pr/spice/sky130_fd_pr__pfet_01v8_hvt__tt.pm3.spice
 at or near line 21474
 Device model XI1:X_077_:X1:SKY130_FD_PR__PFET_01V8_HVT__MODEL.80: Given
 pbswgd is less than 0.1. Pbswgd is set to 0.1
Netlist warning in file
 /home/alex/miniconda3/share/pdk/sky130A/libs.tech/ngspice/corners/../../../libs.ref/sky130_fd_pr/spice/sky130_fd_pr__nfet_01v8__tt.pm3.spice
 at or near line 23884
 Device model XI1:X_078_:X0:SKY130_FD_PR__NFET_01V8__MODEL.89: Model card
 specifies BSIM4 version 4.5 which is older than the oldest version supported
 in Xyce (4.6.1).  Using oldest version available.
 
Netlist warning in file
 /home/alex/miniconda3/share/pdk/sky130A/libs.tech/ngspice/corners/../../../libs.ref/sky130_fd_pr/spice/sky130_fd_pr__nfet_01v8__tt.pm3.spice
 at or near line 23884
 Device model XI1:X_078_:X0:SKY130_FD_PR__NFET_01V8__MODEL.89: Given pbswgd is
 less than 0.1. Pbswgd is set to 0.1
Netlist warning in file
 /home/alex/miniconda3/share/pdk/sky130A/libs.tech/ngspice/corners/../../../libs.ref/sky130_fd_pr/spice/sky130_fd_pr__pfet_01v8_hvt__tt.pm3.spice
 at or near line 21474
 Device model XI1:X_078_:X1:SKY130_FD_PR__PFET_01V8_HVT__MODEL.80: Model card
 specifies BSIM4 version 4.5 which is older than the oldest version supported
 in Xyce (4.6.1).  Using oldest version available.
 
Netlist warning in file
 /home/alex/miniconda3/share/pdk/sky130A/libs.tech/ngspice/corners/../../../libs.ref/sky130_fd_pr/spice/sky130_fd_pr__pfet_01v8_hvt__tt.pm3.spice
 at or near line 21474
 Device model XI1:X_078_:X1:SKY130_FD_PR__PFET_01V8_HVT__MODEL.80: Given
 pbswgd is less than 0.1. Pbswgd is set to 0.1
Netlist warning in file
 /home/alex/miniconda3/share/pdk/sky130A/libs.tech/ngspice/corners/../../../libs.ref/sky130_fd_pr/spice/sky130_fd_pr__nfet_01v8__tt.pm3.spice
 at or near line 23884
 Device model XI1:X_079_:X0:SKY130_FD_PR__NFET_01V8__MODEL.89: Model card
 specifies BSIM4 version 4.5 which is older than the oldest version supported
 in Xyce (4.6.1).  Using oldest version available.
 
Netlist warning in file
 /home/alex/miniconda3/share/pdk/sky130A/libs.tech/ngspice/corners/../../../libs.ref/sky130_fd_pr/spice/sky130_fd_pr__nfet_01v8__tt.pm3.spice
 at or near line 23884
 Device model XI1:X_079_:X0:SKY130_FD_PR__NFET_01V8__MODEL.89: Given pbswgd is
 less than 0.1. Pbswgd is set to 0.1
Netlist warning in file
 /home/alex/miniconda3/share/pdk/sky130A/libs.tech/ngspice/corners/../../../libs.ref/sky130_fd_pr/spice/sky130_fd_pr__pfet_01v8_hvt__tt.pm3.spice
 at or near line 21474
 Device model XI1:X_079_:X1:SKY130_FD_PR__PFET_01V8_HVT__MODEL.80: Model card
 specifies BSIM4 version 4.5 which is older than the oldest version supported
 in Xyce (4.6.1).  Using oldest version available.
 
Netlist warning in file
 /home/alex/miniconda3/share/pdk/sky130A/libs.tech/ngspice/corners/../../../libs.ref/sky130_fd_pr/spice/sky130_fd_pr__pfet_01v8_hvt__tt.pm3.spice
 at or near line 21474
 Device model XI1:X_079_:X1:SKY130_FD_PR__PFET_01V8_HVT__MODEL.80: Given
 pbswgd is less than 0.1. Pbswgd is set to 0.1
Netlist warning in file
 /home/alex/miniconda3/share/pdk/sky130A/libs.tech/ngspice/corners/../../../libs.ref/sky130_fd_pr/spice/sky130_fd_pr__nfet_01v8__tt.pm3.spice
 at or near line 23884
 Device model XI1:X_080_:X0:SKY130_FD_PR__NFET_01V8__MODEL.89: Model card
 specifies BSIM4 version 4.5 which is older than the oldest version supported
 in Xyce (4.6.1).  Using oldest version available.
 
Netlist warning in file
 /home/alex/miniconda3/share/pdk/sky130A/libs.tech/ngspice/corners/../../../libs.ref/sky130_fd_pr/spice/sky130_fd_pr__nfet_01v8__tt.pm3.spice
 at or near line 23884
 Device model XI1:X_080_:X0:SKY130_FD_PR__NFET_01V8__MODEL.89: Given pbswgd is
 less than 0.1. Pbswgd is set to 0.1
Netlist warning in file
 /home/alex/miniconda3/share/pdk/sky130A/libs.tech/ngspice/corners/../../../libs.ref/sky130_fd_pr/spice/sky130_fd_pr__pfet_01v8_hvt__tt.pm3.spice
 at or near line 21474
 Device model XI1:X_080_:X1:SKY130_FD_PR__PFET_01V8_HVT__MODEL.80: Model card
 specifies BSIM4 version 4.5 which is older than the oldest version supported
 in Xyce (4.6.1).  Using oldest version available.
 
Netlist warning in file
 /home/alex/miniconda3/share/pdk/sky130A/libs.tech/ngspice/corners/../../../libs.ref/sky130_fd_pr/spice/sky130_fd_pr__pfet_01v8_hvt__tt.pm3.spice
 at or near line 21474
 Device model XI1:X_080_:X1:SKY130_FD_PR__PFET_01V8_HVT__MODEL.80: Given
 pbswgd is less than 0.1. Pbswgd is set to 0.1
Netlist warning in file
 /home/alex/miniconda3/share/pdk/sky130A/libs.tech/ngspice/corners/../../../libs.ref/sky130_fd_pr/spice/sky130_fd_pr__nfet_01v8__tt.pm3.spice
 at or near line 23884
 Device model XI1:X_081_:X0:SKY130_FD_PR__NFET_01V8__MODEL.89: Model card
 specifies BSIM4 version 4.5 which is older than the oldest version supported
 in Xyce (4.6.1).  Using oldest version available.
 
Netlist warning in file
 /home/alex/miniconda3/share/pdk/sky130A/libs.tech/ngspice/corners/../../../libs.ref/sky130_fd_pr/spice/sky130_fd_pr__nfet_01v8__tt.pm3.spice
 at or near line 23884
 Device model XI1:X_081_:X0:SKY130_FD_PR__NFET_01V8__MODEL.89: Given pbswgd is
 less than 0.1. Pbswgd is set to 0.1
Netlist warning in file
 /home/alex/miniconda3/share/pdk/sky130A/libs.tech/ngspice/corners/../../../libs.ref/sky130_fd_pr/spice/sky130_fd_pr__pfet_01v8_hvt__tt.pm3.spice
 at or near line 21474
 Device model XI1:X_081_:X1:SKY130_FD_PR__PFET_01V8_HVT__MODEL.80: Model card
 specifies BSIM4 version 4.5 which is older than the oldest version supported
 in Xyce (4.6.1).  Using oldest version available.
 
Netlist warning in file
 /home/alex/miniconda3/share/pdk/sky130A/libs.tech/ngspice/corners/../../../libs.ref/sky130_fd_pr/spice/sky130_fd_pr__pfet_01v8_hvt__tt.pm3.spice
 at or near line 21474
 Device model XI1:X_081_:X1:SKY130_FD_PR__PFET_01V8_HVT__MODEL.80: Given
 pbswgd is less than 0.1. Pbswgd is set to 0.1
Netlist warning in file
 /home/alex/miniconda3/share/pdk/sky130A/libs.tech/ngspice/corners/../../../libs.ref/sky130_fd_pr/spice/sky130_fd_pr__nfet_01v8__tt.pm3.spice
 at or near line 23884
 Device model XI1:X_082_:X0:SKY130_FD_PR__NFET_01V8__MODEL.89: Model card
 specifies BSIM4 version 4.5 which is older than the oldest version supported
 in Xyce (4.6.1).  Using oldest version available.
 
Netlist warning in file
 /home/alex/miniconda3/share/pdk/sky130A/libs.tech/ngspice/corners/../../../libs.ref/sky130_fd_pr/spice/sky130_fd_pr__nfet_01v8__tt.pm3.spice
 at or near line 23884
 Device model XI1:X_082_:X0:SKY130_FD_PR__NFET_01V8__MODEL.89: Given pbswgd is
 less than 0.1. Pbswgd is set to 0.1
Netlist warning in file
 /home/alex/miniconda3/share/pdk/sky130A/libs.tech/ngspice/corners/../../../libs.ref/sky130_fd_pr/spice/sky130_fd_pr__pfet_01v8_hvt__tt.pm3.spice
 at or near line 21474
 Device model XI1:X_082_:X1:SKY130_FD_PR__PFET_01V8_HVT__MODEL.80: Model card
 specifies BSIM4 version 4.5 which is older than the oldest version supported
 in Xyce (4.6.1).  Using oldest version available.
 
Netlist warning in file
 /home/alex/miniconda3/share/pdk/sky130A/libs.tech/ngspice/corners/../../../libs.ref/sky130_fd_pr/spice/sky130_fd_pr__pfet_01v8_hvt__tt.pm3.spice
 at or near line 21474
 Device model XI1:X_082_:X1:SKY130_FD_PR__PFET_01V8_HVT__MODEL.80: Given
 pbswgd is less than 0.1. Pbswgd is set to 0.1
Netlist warning in file
 /home/alex/miniconda3/share/pdk/sky130A/libs.tech/ngspice/corners/../../../libs.ref/sky130_fd_pr/spice/sky130_fd_pr__nfet_01v8__tt.pm3.spice
 at or near line 23884
 Device model XI1:X_083_:X0:SKY130_FD_PR__NFET_01V8__MODEL.89: Model card
 specifies BSIM4 version 4.5 which is older than the oldest version supported
 in Xyce (4.6.1).  Using oldest version available.
 
Netlist warning in file
 /home/alex/miniconda3/share/pdk/sky130A/libs.tech/ngspice/corners/../../../libs.ref/sky130_fd_pr/spice/sky130_fd_pr__nfet_01v8__tt.pm3.spice
 at or near line 23884
 Device model XI1:X_083_:X0:SKY130_FD_PR__NFET_01V8__MODEL.89: Given pbswgd is
 less than 0.1. Pbswgd is set to 0.1
Netlist warning in file
 /home/alex/miniconda3/share/pdk/sky130A/libs.tech/ngspice/corners/../../../libs.ref/sky130_fd_pr/spice/sky130_fd_pr__pfet_01v8_hvt__tt.pm3.spice
 at or near line 21474
 Device model XI1:X_083_:X1:SKY130_FD_PR__PFET_01V8_HVT__MODEL.80: Model card
 specifies BSIM4 version 4.5 which is older than the oldest version supported
 in Xyce (4.6.1).  Using oldest version available.
 
Netlist warning in file
 /home/alex/miniconda3/share/pdk/sky130A/libs.tech/ngspice/corners/../../../libs.ref/sky130_fd_pr/spice/sky130_fd_pr__pfet_01v8_hvt__tt.pm3.spice
 at or near line 21474
 Device model XI1:X_083_:X1:SKY130_FD_PR__PFET_01V8_HVT__MODEL.80: Given
 pbswgd is less than 0.1. Pbswgd is set to 0.1
Netlist warning in file
 /home/alex/miniconda3/share/pdk/sky130A/libs.tech/ngspice/corners/../../../libs.ref/sky130_fd_pr/spice/sky130_fd_pr__pfet_01v8_hvt__tt.pm3.spice
 at or near line 21474
 Device model XI1:X_093_:X0:SKY130_FD_PR__PFET_01V8_HVT__MODEL.80: Model card
 specifies BSIM4 version 4.5 which is older than the oldest version supported
 in Xyce (4.6.1).  Using oldest version available.
 
Netlist warning in file
 /home/alex/miniconda3/share/pdk/sky130A/libs.tech/ngspice/corners/../../../libs.ref/sky130_fd_pr/spice/sky130_fd_pr__pfet_01v8_hvt__tt.pm3.spice
 at or near line 21474
 Device model XI1:X_093_:X0:SKY130_FD_PR__PFET_01V8_HVT__MODEL.80: Given
 pbswgd is less than 0.1. Pbswgd is set to 0.1
Netlist warning in file
 /home/alex/miniconda3/share/pdk/sky130A/libs.tech/ngspice/corners/../../../libs.ref/sky130_fd_pr/spice/sky130_fd_pr__pfet_01v8_hvt__tt.pm3.spice
 at or near line 21474
 Device model XI1:X_093_:X1:SKY130_FD_PR__PFET_01V8_HVT__MODEL.80: Model card
 specifies BSIM4 version 4.5 which is older than the oldest version supported
 in Xyce (4.6.1).  Using oldest version available.
 
Netlist warning in file
 /home/alex/miniconda3/share/pdk/sky130A/libs.tech/ngspice/corners/../../../libs.ref/sky130_fd_pr/spice/sky130_fd_pr__pfet_01v8_hvt__tt.pm3.spice
 at or near line 21474
 Device model XI1:X_093_:X1:SKY130_FD_PR__PFET_01V8_HVT__MODEL.80: Given
 pbswgd is less than 0.1. Pbswgd is set to 0.1
Netlist warning in file
 /home/alex/miniconda3/share/pdk/sky130A/libs.tech/ngspice/corners/../../../libs.ref/sky130_fd_pr/spice/sky130_fd_pr__nfet_01v8__tt.pm3.spice
 at or near line 23884
 Device model XI1:X_093_:X2:SKY130_FD_PR__NFET_01V8__MODEL.89: Model card
 specifies BSIM4 version 4.5 which is older than the oldest version supported
 in Xyce (4.6.1).  Using oldest version available.
 
Netlist warning in file
 /home/alex/miniconda3/share/pdk/sky130A/libs.tech/ngspice/corners/../../../libs.ref/sky130_fd_pr/spice/sky130_fd_pr__nfet_01v8__tt.pm3.spice
 at or near line 23884
 Device model XI1:X_093_:X2:SKY130_FD_PR__NFET_01V8__MODEL.89: Given pbswgd is
 less than 0.1. Pbswgd is set to 0.1
Netlist warning in file
 /home/alex/miniconda3/share/pdk/sky130A/libs.tech/ngspice/corners/../../../libs.ref/sky130_fd_pr/spice/sky130_fd_pr__nfet_01v8__tt.pm3.spice
 at or near line 23884
 Device model XI1:X_093_:X3:SKY130_FD_PR__NFET_01V8__MODEL.89: Model card
 specifies BSIM4 version 4.5 which is older than the oldest version supported
 in Xyce (4.6.1).  Using oldest version available.
 
Netlist warning in file
 /home/alex/miniconda3/share/pdk/sky130A/libs.tech/ngspice/corners/../../../libs.ref/sky130_fd_pr/spice/sky130_fd_pr__nfet_01v8__tt.pm3.spice
 at or near line 23884
 Device model XI1:X_093_:X3:SKY130_FD_PR__NFET_01V8__MODEL.89: Given pbswgd is
 less than 0.1. Pbswgd is set to 0.1
Netlist warning in file
 /home/alex/miniconda3/share/pdk/sky130A/libs.tech/ngspice/corners/../../../libs.ref/sky130_fd_pr/spice/sky130_fd_pr__nfet_01v8__tt.pm3.spice
 at or near line 23884
 Device model XI1:X_104_:X0:SKY130_FD_PR__NFET_01V8__MODEL.89: Model card
 specifies BSIM4 version 4.5 which is older than the oldest version supported
 in Xyce (4.6.1).  Using oldest version available.
 
Netlist warning in file
 /home/alex/miniconda3/share/pdk/sky130A/libs.tech/ngspice/corners/../../../libs.ref/sky130_fd_pr/spice/sky130_fd_pr__nfet_01v8__tt.pm3.spice
 at or near line 23884
 Device model XI1:X_104_:X0:SKY130_FD_PR__NFET_01V8__MODEL.89: Given pbswgd is
 less than 0.1. Pbswgd is set to 0.1
Netlist warning in file
 /home/alex/miniconda3/share/pdk/sky130A/libs.tech/ngspice/corners/../../../libs.ref/sky130_fd_pr/spice/sky130_fd_pr__pfet_01v8_hvt__tt.pm3.spice
 at or near line 21474
 Device model XI1:X_104_:X1:SKY130_FD_PR__PFET_01V8_HVT__MODEL.80: Model card
 specifies BSIM4 version 4.5 which is older than the oldest version supported
 in Xyce (4.6.1).  Using oldest version available.
 
Netlist warning in file
 /home/alex/miniconda3/share/pdk/sky130A/libs.tech/ngspice/corners/../../../libs.ref/sky130_fd_pr/spice/sky130_fd_pr__pfet_01v8_hvt__tt.pm3.spice
 at or near line 21474
 Device model XI1:X_104_:X1:SKY130_FD_PR__PFET_01V8_HVT__MODEL.80: Given
 pbswgd is less than 0.1. Pbswgd is set to 0.1
Netlist warning in file
 /home/alex/miniconda3/share/pdk/sky130A/libs.tech/ngspice/corners/../../../libs.ref/sky130_fd_pr/spice/sky130_fd_pr__nfet_01v8__tt.pm3.spice
 at or near line 23884
 Device model XI1:X_108_:X0:SKY130_FD_PR__NFET_01V8__MODEL.89: Model card
 specifies BSIM4 version 4.5 which is older than the oldest version supported
 in Xyce (4.6.1).  Using oldest version available.
 
Netlist warning in file
 /home/alex/miniconda3/share/pdk/sky130A/libs.tech/ngspice/corners/../../../libs.ref/sky130_fd_pr/spice/sky130_fd_pr__nfet_01v8__tt.pm3.spice
 at or near line 23884
 Device model XI1:X_108_:X0:SKY130_FD_PR__NFET_01V8__MODEL.89: Given pbswgd is
 less than 0.1. Pbswgd is set to 0.1
Netlist warning in file
 /home/alex/miniconda3/share/pdk/sky130A/libs.tech/ngspice/corners/../../../libs.ref/sky130_fd_pr/spice/sky130_fd_pr__pfet_01v8_hvt__tt.pm3.spice
 at or near line 21474
 Device model XI1:X_108_:X1:SKY130_FD_PR__PFET_01V8_HVT__MODEL.80: Model card
 specifies BSIM4 version 4.5 which is older than the oldest version supported
 in Xyce (4.6.1).  Using oldest version available.
 
Netlist warning in file
 /home/alex/miniconda3/share/pdk/sky130A/libs.tech/ngspice/corners/../../../libs.ref/sky130_fd_pr/spice/sky130_fd_pr__pfet_01v8_hvt__tt.pm3.spice
 at or near line 21474
 Device model XI1:X_108_:X1:SKY130_FD_PR__PFET_01V8_HVT__MODEL.80: Given
 pbswgd is less than 0.1. Pbswgd is set to 0.1
Netlist warning in file
 /home/alex/miniconda3/share/pdk/sky130A/libs.tech/ngspice/corners/../../../libs.ref/sky130_fd_pr/spice/sky130_fd_pr__nfet_01v8__tt.pm3.spice
 at or near line 23884
 Device model XI1:X_110_:X0:SKY130_FD_PR__NFET_01V8__MODEL.89: Model card
 specifies BSIM4 version 4.5 which is older than the oldest version supported
 in Xyce (4.6.1).  Using oldest version available.
 
Netlist warning in file
 /home/alex/miniconda3/share/pdk/sky130A/libs.tech/ngspice/corners/../../../libs.ref/sky130_fd_pr/spice/sky130_fd_pr__nfet_01v8__tt.pm3.spice
 at or near line 23884
 Device model XI1:X_110_:X0:SKY130_FD_PR__NFET_01V8__MODEL.89: Given pbswgd is
 less than 0.1. Pbswgd is set to 0.1
Netlist warning in file
 /home/alex/miniconda3/share/pdk/sky130A/libs.tech/ngspice/corners/../../../libs.ref/sky130_fd_pr/spice/sky130_fd_pr__pfet_01v8_hvt__tt.pm3.spice
 at or near line 21474
 Device model XI1:X_110_:X1:SKY130_FD_PR__PFET_01V8_HVT__MODEL.80: Model card
 specifies BSIM4 version 4.5 which is older than the oldest version supported
 in Xyce (4.6.1).  Using oldest version available.
 
Netlist warning in file
 /home/alex/miniconda3/share/pdk/sky130A/libs.tech/ngspice/corners/../../../libs.ref/sky130_fd_pr/spice/sky130_fd_pr__pfet_01v8_hvt__tt.pm3.spice
 at or near line 21474
 Device model XI1:X_110_:X1:SKY130_FD_PR__PFET_01V8_HVT__MODEL.80: Given
 pbswgd is less than 0.1. Pbswgd is set to 0.1
Netlist warning in file
 /home/alex/miniconda3/share/pdk/sky130A/libs.tech/ngspice/corners/../../../libs.ref/sky130_fd_pr/spice/sky130_fd_pr__nfet_01v8__tt.pm3.spice
 at or near line 23884
 Device model XI1:X_112_:X0:SKY130_FD_PR__NFET_01V8__MODEL.89: Model card
 specifies BSIM4 version 4.5 which is older than the oldest version supported
 in Xyce (4.6.1).  Using oldest version available.
 
Netlist warning in file
 /home/alex/miniconda3/share/pdk/sky130A/libs.tech/ngspice/corners/../../../libs.ref/sky130_fd_pr/spice/sky130_fd_pr__nfet_01v8__tt.pm3.spice
 at or near line 23884
 Device model XI1:X_112_:X0:SKY130_FD_PR__NFET_01V8__MODEL.89: Given pbswgd is
 less than 0.1. Pbswgd is set to 0.1
Netlist warning in file
 /home/alex/miniconda3/share/pdk/sky130A/libs.tech/ngspice/corners/../../../libs.ref/sky130_fd_pr/spice/sky130_fd_pr__pfet_01v8_hvt__tt.pm3.spice
 at or near line 21474
 Device model XI1:X_112_:X1:SKY130_FD_PR__PFET_01V8_HVT__MODEL.80: Model card
 specifies BSIM4 version 4.5 which is older than the oldest version supported
 in Xyce (4.6.1).  Using oldest version available.
 
Netlist warning in file
 /home/alex/miniconda3/share/pdk/sky130A/libs.tech/ngspice/corners/../../../libs.ref/sky130_fd_pr/spice/sky130_fd_pr__pfet_01v8_hvt__tt.pm3.spice
 at or near line 21474
 Device model XI1:X_112_:X1:SKY130_FD_PR__PFET_01V8_HVT__MODEL.80: Given
 pbswgd is less than 0.1. Pbswgd is set to 0.1
Netlist warning in file
 /home/alex/miniconda3/share/pdk/sky130A/libs.tech/ngspice/corners/../../../libs.ref/sky130_fd_pr/spice/sky130_fd_pr__nfet_01v8__tt.pm3.spice
 at or near line 23884
 Device model XI1:X_114_:X0:SKY130_FD_PR__NFET_01V8__MODEL.89: Model card
 specifies BSIM4 version 4.5 which is older than the oldest version supported
 in Xyce (4.6.1).  Using oldest version available.
 
Netlist warning in file
 /home/alex/miniconda3/share/pdk/sky130A/libs.tech/ngspice/corners/../../../libs.ref/sky130_fd_pr/spice/sky130_fd_pr__nfet_01v8__tt.pm3.spice
 at or near line 23884
 Device model XI1:X_114_:X0:SKY130_FD_PR__NFET_01V8__MODEL.89: Given pbswgd is
 less than 0.1. Pbswgd is set to 0.1
Netlist warning in file
 /home/alex/miniconda3/share/pdk/sky130A/libs.tech/ngspice/corners/../../../libs.ref/sky130_fd_pr/spice/sky130_fd_pr__pfet_01v8_hvt__tt.pm3.spice
 at or near line 21474
 Device model XI1:X_114_:X1:SKY130_FD_PR__PFET_01V8_HVT__MODEL.80: Model card
 specifies BSIM4 version 4.5 which is older than the oldest version supported
 in Xyce (4.6.1).  Using oldest version available.
 
Netlist warning in file
 /home/alex/miniconda3/share/pdk/sky130A/libs.tech/ngspice/corners/../../../libs.ref/sky130_fd_pr/spice/sky130_fd_pr__pfet_01v8_hvt__tt.pm3.spice
 at or near line 21474
 Device model XI1:X_114_:X1:SKY130_FD_PR__PFET_01V8_HVT__MODEL.80: Given
 pbswgd is less than 0.1. Pbswgd is set to 0.1
Netlist warning in file
 /home/alex/miniconda3/share/pdk/sky130A/libs.tech/ngspice/corners/../../../libs.ref/sky130_fd_pr/spice/sky130_fd_pr__nfet_01v8__tt.pm3.spice
 at or near line 23884
 Device model XI1:X_116_:X0:SKY130_FD_PR__NFET_01V8__MODEL.89: Model card
 specifies BSIM4 version 4.5 which is older than the oldest version supported
 in Xyce (4.6.1).  Using oldest version available.
 
Netlist warning in file
 /home/alex/miniconda3/share/pdk/sky130A/libs.tech/ngspice/corners/../../../libs.ref/sky130_fd_pr/spice/sky130_fd_pr__nfet_01v8__tt.pm3.spice
 at or near line 23884
 Device model XI1:X_116_:X0:SKY130_FD_PR__NFET_01V8__MODEL.89: Given pbswgd is
 less than 0.1. Pbswgd is set to 0.1
Netlist warning in file
 /home/alex/miniconda3/share/pdk/sky130A/libs.tech/ngspice/corners/../../../libs.ref/sky130_fd_pr/spice/sky130_fd_pr__pfet_01v8_hvt__tt.pm3.spice
 at or near line 21474
 Device model XI1:X_116_:X1:SKY130_FD_PR__PFET_01V8_HVT__MODEL.80: Model card
 specifies BSIM4 version 4.5 which is older than the oldest version supported
 in Xyce (4.6.1).  Using oldest version available.
 
Netlist warning in file
 /home/alex/miniconda3/share/pdk/sky130A/libs.tech/ngspice/corners/../../../libs.ref/sky130_fd_pr/spice/sky130_fd_pr__pfet_01v8_hvt__tt.pm3.spice
 at or near line 21474
 Device model XI1:X_116_:X1:SKY130_FD_PR__PFET_01V8_HVT__MODEL.80: Given
 pbswgd is less than 0.1. Pbswgd is set to 0.1
Netlist warning in file
 /home/alex/miniconda3/share/pdk/sky130A/libs.tech/ngspice/corners/../../../libs.ref/sky130_fd_pr/spice/sky130_fd_pr__nfet_01v8__tt.pm3.spice
 at or near line 23884
 Device model XI1:X_118_:X0:SKY130_FD_PR__NFET_01V8__MODEL.89: Model card
 specifies BSIM4 version 4.5 which is older than the oldest version supported
 in Xyce (4.6.1).  Using oldest version available.
 
Netlist warning in file
 /home/alex/miniconda3/share/pdk/sky130A/libs.tech/ngspice/corners/../../../libs.ref/sky130_fd_pr/spice/sky130_fd_pr__nfet_01v8__tt.pm3.spice
 at or near line 23884
 Device model XI1:X_118_:X0:SKY130_FD_PR__NFET_01V8__MODEL.89: Given pbswgd is
 less than 0.1. Pbswgd is set to 0.1
Netlist warning in file
 /home/alex/miniconda3/share/pdk/sky130A/libs.tech/ngspice/corners/../../../libs.ref/sky130_fd_pr/spice/sky130_fd_pr__pfet_01v8_hvt__tt.pm3.spice
 at or near line 21474
 Device model XI1:X_118_:X1:SKY130_FD_PR__PFET_01V8_HVT__MODEL.80: Model card
 specifies BSIM4 version 4.5 which is older than the oldest version supported
 in Xyce (4.6.1).  Using oldest version available.
 
Netlist warning in file
 /home/alex/miniconda3/share/pdk/sky130A/libs.tech/ngspice/corners/../../../libs.ref/sky130_fd_pr/spice/sky130_fd_pr__pfet_01v8_hvt__tt.pm3.spice
 at or near line 21474
 Device model XI1:X_118_:X1:SKY130_FD_PR__PFET_01V8_HVT__MODEL.80: Given
 pbswgd is less than 0.1. Pbswgd is set to 0.1
Netlist warning in file
 /home/alex/miniconda3/share/pdk/sky130A/libs.tech/ngspice/corners/../../../libs.ref/sky130_fd_pr/spice/sky130_fd_pr__nfet_01v8__tt.pm3.spice
 at or near line 23884
 Device model XI1:X_120_:X0:SKY130_FD_PR__NFET_01V8__MODEL.89: Model card
 specifies BSIM4 version 4.5 which is older than the oldest version supported
 in Xyce (4.6.1).  Using oldest version available.
 
Netlist warning in file
 /home/alex/miniconda3/share/pdk/sky130A/libs.tech/ngspice/corners/../../../libs.ref/sky130_fd_pr/spice/sky130_fd_pr__nfet_01v8__tt.pm3.spice
 at or near line 23884
 Device model XI1:X_120_:X0:SKY130_FD_PR__NFET_01V8__MODEL.89: Given pbswgd is
 less than 0.1. Pbswgd is set to 0.1
Maximum warning count has been exceeded and will no longer be displayed
***** Setting up topology...

***** Device Count Summary ...
       C level 1 (Capacitor)                    1
       M level 14 (BSIM4)                     204
       V level 1 (Independent Voltage Source)   9
       ------------------------------------------
       Total Devices                          214
***** Setting up matrix structure...
***** Number of Unknowns = 754
***** Initializing...

***** Beginning DC Operating Point Calculation...

***** Beginning Transient Calculation...

***** Percent complete: 1.00003 %
***** Current system time: Sun Dec 25 14:12:07 2022
***** Estimated time to completion:  1 hrs.,  6 min.,  7 sec.

***** Percent complete: 2.00015 %
***** Current system time: Sun Dec 25 14:12:46 2022
***** Estimated time to completion:  1 hrs.,  4 min., 52 sec.

***** Percent complete: 3.00019 %
***** Current system time: Sun Dec 25 14:13:26 2022
***** Estimated time to completion:  1 hrs.,  4 min., 14 sec.

***** Percent complete: 4.00037 %
***** Current system time: Sun Dec 25 14:14:04 2022
***** Estimated time to completion:  1 hrs.,  2 min., 59 sec.

***** Percent complete: 5.00057 %
***** Current system time: Sun Dec 25 14:14:45 2022
***** Estimated time to completion:  1 hrs.,  2 min., 51 sec.

***** Percent complete: 6.00073 %
***** Current system time: Sun Dec 25 14:15:25 2022
***** Estimated time to completion:  1 hrs.,  2 min., 15 sec.

***** Percent complete: 7.00101 %
***** Current system time: Sun Dec 25 14:16:06 2022
***** Estimated time to completion:  1 hrs.,  1 min., 48 sec.

***** Percent complete: 8.00138 %
***** Current system time: Sun Dec 25 14:16:46 2022
***** Estimated time to completion:  1 hrs.,  1 min., 13 sec.

***** Percent complete: 9.00151 %
***** Current system time: Sun Dec 25 14:17:25 2022
***** Estimated time to completion:  1 hrs.,  0 min., 23 sec.

***** Percent complete: 10.0018 %
***** Current system time: Sun Dec 25 14:18:05 2022
***** Estimated time to completion: 59 min., 41 sec.

***** Percent complete: 11.0019 %
***** Current system time: Sun Dec 25 14:18:46 2022
***** Estimated time to completion: 59 min.,  7 sec.

***** Percent complete: 12.0022 %
***** Current system time: Sun Dec 25 14:19:25 2022
***** Estimated time to completion: 58 min., 28 sec.

***** Percent complete: 13.0022 %
***** Current system time: Sun Dec 25 14:20:07 2022
***** Estimated time to completion: 58 min.,  0 sec.

***** Percent complete: 14.0024 %
***** Current system time: Sun Dec 25 14:20:47 2022
***** Estimated time to completion: 57 min., 18 sec.

***** Percent complete: 15.0025 %
***** Current system time: Sun Dec 25 14:21:26 2022
***** Estimated time to completion: 56 min., 35 sec.

***** Percent complete: 16.0025 %
***** Current system time: Sun Dec 25 14:22:08 2022
***** Estimated time to completion: 56 min.,  7 sec.

***** Percent complete: 17.0027 %
***** Current system time: Sun Dec 25 14:22:50 2022
***** Estimated time to completion: 55 min., 35 sec.

***** Percent complete: 18.0027 %
***** Current system time: Sun Dec 25 14:23:31 2022
***** Estimated time to completion: 54 min., 57 sec.

***** Percent complete: 19.0031 %
***** Current system time: Sun Dec 25 14:24:13 2022
***** Estimated time to completion: 54 min., 23 sec.

***** Percent complete: 20.0034 %
***** Current system time: Sun Dec 25 14:24:54 2022
***** Estimated time to completion: 53 min., 46 sec.

***** Percent complete: 21.0035 %
***** Current system time: Sun Dec 25 14:25:35 2022
***** Estimated time to completion: 53 min.,  9 sec.

***** Percent complete: 22.0039 %
***** Current system time: Sun Dec 25 14:26:15 2022
***** Estimated time to completion: 52 min., 27 sec.

***** Percent complete: 23.0042 %
***** Current system time: Sun Dec 25 14:26:55 2022
***** Estimated time to completion: 51 min., 45 sec.

***** Percent complete: 24.0043 %
***** Current system time: Sun Dec 25 14:27:36 2022
***** Estimated time to completion: 51 min.,  6 sec.

***** Percent complete: 25.0047 %
***** Current system time: Sun Dec 25 14:28:18 2022
***** Estimated time to completion: 50 min., 31 sec.

***** Percent complete: 26.0049 %
***** Current system time: Sun Dec 25 14:29:01 2022
***** Estimated time to completion: 49 min., 59 sec.

***** Percent complete: 27.0049 %
***** Current system time: Sun Dec 25 14:29:43 2022
***** Estimated time to completion: 49 min., 22 sec.

***** Percent complete: 28.005 %
***** Current system time: Sun Dec 25 14:30:25 2022
***** Estimated time to completion: 48 min., 45 sec.

***** Percent complete: 29.0054 %
***** Current system time: Sun Dec 25 14:31:00 2022
***** Estimated time to completion: 47 min., 51 sec.

***** Percent complete: 30.0054 %
***** Current system time: Sun Dec 25 14:31:36 2022
***** Estimated time to completion: 46 min., 59 sec.

***** Percent complete: 31.0056 %
***** Current system time: Sun Dec 25 14:32:08 2022
***** Estimated time to completion: 46 min.,  1 sec.

***** Percent complete: 32.0058 %
***** Current system time: Sun Dec 25 14:32:41 2022
***** Estimated time to completion: 45 min.,  6 sec.

***** Percent complete: 33.0061 %
***** Current system time: Sun Dec 25 14:33:16 2022
***** Estimated time to completion: 44 min., 16 sec.

***** Percent complete: 34.0062 %
***** Current system time: Sun Dec 25 14:33:49 2022
***** Estimated time to completion: 43 min., 24 sec.

***** Percent complete: 35.0062 %
***** Current system time: Sun Dec 25 14:34:22 2022
***** Estimated time to completion: 42 min., 32 sec.

***** Percent complete: 36.0063 %
***** Current system time: Sun Dec 25 14:34:55 2022
***** Estimated time to completion: 41 min., 42 sec.

***** Percent complete: 37.0064 %
***** Current system time: Sun Dec 25 14:35:29 2022
***** Estimated time to completion: 40 min., 54 sec.

***** Percent complete: 38.0065 %
***** Current system time: Sun Dec 25 14:36:03 2022
***** Estimated time to completion: 40 min.,  7 sec.

***** Percent complete: 39.0067 %
***** Current system time: Sun Dec 25 14:36:37 2022
***** Estimated time to completion: 39 min., 21 sec.

***** Percent complete: 40.0071 %
***** Current system time: Sun Dec 25 14:37:07 2022
***** Estimated time to completion: 38 min., 29 sec.

***** Percent complete: 41.0073 %
***** Current system time: Sun Dec 25 14:37:36 2022
***** Estimated time to completion: 37 min., 37 sec.

***** Percent complete: 42.0074 %
***** Current system time: Sun Dec 25 14:38:04 2022
***** Estimated time to completion: 36 min., 44 sec.

***** Percent complete: 43.0075 %
***** Current system time: Sun Dec 25 14:38:33 2022
***** Estimated time to completion: 35 min., 54 sec.

***** Percent complete: 44.0076 %
***** Current system time: Sun Dec 25 14:39:01 2022
***** Estimated time to completion: 35 min.,  4 sec.

***** Percent complete: 45.0076 %
***** Current system time: Sun Dec 25 14:39:27 2022
***** Estimated time to completion: 34 min., 13 sec.

***** Percent complete: 46.008 %
***** Current system time: Sun Dec 25 14:39:54 2022
***** Estimated time to completion: 33 min., 23 sec.

***** Percent complete: 47.0085 %
***** Current system time: Sun Dec 25 14:40:18 2022
***** Estimated time to completion: 32 min., 31 sec.

***** Percent complete: 48.0086 %
***** Current system time: Sun Dec 25 14:40:40 2022
***** Estimated time to completion: 31 min., 38 sec.

***** Percent complete: 49.0087 %
***** Current system time: Sun Dec 25 14:41:02 2022
***** Estimated time to completion: 30 min., 47 sec.

***** Percent complete: 50.0088 %
***** Current system time: Sun Dec 25 14:41:24 2022
***** Estimated time to completion: 29 min., 56 sec.

***** Percent complete: 51.0088 %
***** Current system time: Sun Dec 25 14:41:46 2022
***** Estimated time to completion: 29 min.,  6 sec.

***** Percent complete: 52.0092 %
***** Current system time: Sun Dec 25 14:42:08 2022
***** Estimated time to completion: 28 min., 18 sec.

***** Percent complete: 53.0095 %
***** Current system time: Sun Dec 25 14:42:30 2022
***** Estimated time to completion: 27 min., 31 sec.

***** Percent complete: 54.0098 %
***** Current system time: Sun Dec 25 14:42:52 2022
***** Estimated time to completion: 26 min., 44 sec.

***** Percent complete: 55.01 %
***** Current system time: Sun Dec 25 14:43:14 2022
***** Estimated time to completion: 25 min., 59 sec.

***** Percent complete: 56.0102 %
***** Current system time: Sun Dec 25 14:43:36 2022
***** Estimated time to completion: 25 min., 15 sec.

***** Percent complete: 57.0104 %
***** Current system time: Sun Dec 25 14:43:58 2022
***** Estimated time to completion: 24 min., 31 sec.

***** Percent complete: 58.0104 %
***** Current system time: Sun Dec 25 14:44:20 2022
***** Estimated time to completion: 23 min., 48 sec.

***** Percent complete: 59.0112 %
***** Current system time: Sun Dec 25 14:44:42 2022
***** Estimated time to completion: 23 min.,  5 sec.

***** Percent complete: 60.0114 %
***** Current system time: Sun Dec 25 14:45:04 2022
***** Estimated time to completion: 22 min., 24 sec.

***** Percent complete: 61.0116 %
***** Current system time: Sun Dec 25 14:45:26 2022
***** Estimated time to completion: 21 min., 43 sec.

***** Percent complete: 62.0119 %
***** Current system time: Sun Dec 25 14:45:48 2022
***** Estimated time to completion: 21 min.,  2 sec.

***** Percent complete: 63.0123 %
***** Current system time: Sun Dec 25 14:46:10 2022
***** Estimated time to completion: 20 min., 22 sec.

***** Percent complete: 64.0123 %
***** Current system time: Sun Dec 25 14:46:32 2022
***** Estimated time to completion: 19 min., 43 sec.

***** Percent complete: 65.0124 %
***** Current system time: Sun Dec 25 14:46:54 2022
***** Estimated time to completion: 19 min.,  4 sec.

***** Percent complete: 66.0126 %
***** Current system time: Sun Dec 25 14:47:16 2022
***** Estimated time to completion: 18 min., 26 sec.

***** Percent complete: 67.0127 %
***** Current system time: Sun Dec 25 14:47:38 2022
***** Estimated time to completion: 17 min., 48 sec.

***** Percent complete: 68.0131 %
***** Current system time: Sun Dec 25 14:48:00 2022
***** Estimated time to completion: 17 min., 11 sec.

***** Percent complete: 69.0134 %
***** Current system time: Sun Dec 25 14:48:23 2022
***** Estimated time to completion: 16 min., 35 sec.

***** Percent complete: 70.0136 %
***** Current system time: Sun Dec 25 14:48:45 2022
***** Estimated time to completion: 15 min., 58 sec.

***** Percent complete: 71.0136 %
***** Current system time: Sun Dec 25 14:49:06 2022
***** Estimated time to completion: 15 min., 22 sec.

***** Percent complete: 72.0137 %
***** Current system time: Sun Dec 25 14:49:18 2022
***** Estimated time to completion: 14 min., 42 sec.

***** Percent complete: 73.0137 %
***** Current system time: Sun Dec 25 14:49:30 2022
***** Estimated time to completion: 14 min.,  3 sec.

***** Percent complete: 74.0138 %
***** Current system time: Sun Dec 25 14:49:42 2022
***** Estimated time to completion: 13 min., 25 sec.

***** Percent complete: 75.0138 %
***** Current system time: Sun Dec 25 14:49:54 2022
***** Estimated time to completion: 12 min., 48 sec.

***** Percent complete: 76.0143 %
***** Current system time: Sun Dec 25 14:50:05 2022
***** Estimated time to completion: 12 min., 11 sec.

***** Percent complete: 77.0143 %
***** Current system time: Sun Dec 25 14:50:17 2022
***** Estimated time to completion: 11 min., 35 sec.

***** Percent complete: 78.0149 %
***** Current system time: Sun Dec 25 14:50:29 2022
***** Estimated time to completion: 11 min.,  0 sec.

***** Percent complete: 79.015 %
***** Current system time: Sun Dec 25 14:50:41 2022
***** Estimated time to completion: 10 min., 25 sec.

***** Percent complete: 80.0151 %
***** Current system time: Sun Dec 25 14:50:53 2022
***** Estimated time to completion:  9 min., 50 sec.

***** Percent complete: 81.0153 %
***** Current system time: Sun Dec 25 14:51:05 2022
***** Estimated time to completion:  9 min., 17 sec.

***** Percent complete: 82.0153 %
***** Current system time: Sun Dec 25 14:51:17 2022
***** Estimated time to completion:  8 min., 44 sec.

***** Percent complete: 83.0159 %
***** Current system time: Sun Dec 25 14:51:29 2022
***** Estimated time to completion:  8 min., 11 sec.

***** Percent complete: 84.0161 %
***** Current system time: Sun Dec 25 14:51:41 2022
***** Estimated time to completion:  7 min., 39 sec.

***** Percent complete: 85.0165 %
***** Current system time: Sun Dec 25 14:51:53 2022
***** Estimated time to completion:  7 min.,  7 sec.

***** Percent complete: 86.0166 %
***** Current system time: Sun Dec 25 14:52:05 2022
***** Estimated time to completion:  6 min., 36 sec.

***** Percent complete: 87.0168 %
***** Current system time: Sun Dec 25 14:52:17 2022
***** Estimated time to completion:  6 min.,  5 sec.

***** Percent complete: 88.0171 %
***** Current system time: Sun Dec 25 14:52:38 2022
***** Estimated time to completion:  5 min., 36 sec.

***** Percent complete: 89.0171 %
***** Current system time: Sun Dec 25 14:53:00 2022
***** Estimated time to completion:  5 min.,  7 sec.

***** Percent complete: 90.0173 %
***** Current system time: Sun Dec 25 14:53:21 2022
***** Estimated time to completion:  4 min., 38 sec.

***** Percent complete: 91.0175 %
***** Current system time: Sun Dec 25 14:53:42 2022
***** Estimated time to completion:  4 min., 10 sec.

***** Percent complete: 92.0178 %
***** Current system time: Sun Dec 25 14:54:05 2022
***** Estimated time to completion:  3 min., 41 sec.

***** Percent complete: 93.0179 %
***** Current system time: Sun Dec 25 14:54:27 2022
***** Estimated time to completion:  3 min., 13 sec.

***** Percent complete: 94.0184 %
***** Current system time: Sun Dec 25 14:54:49 2022
***** Estimated time to completion:  2 min., 45 sec.

***** Percent complete: 95.0188 %
***** Current system time: Sun Dec 25 14:55:11 2022
***** Estimated time to completion:  2 min., 17 sec.

***** Percent complete: 96.0191 %
***** Current system time: Sun Dec 25 14:55:26 2022
***** Estimated time to completion:  1 min., 49 sec.

***** Percent complete: 97.0191 %
***** Current system time: Sun Dec 25 14:55:37 2022
***** Estimated time to completion:  1 min., 21 sec.

***** Percent complete: 98.0193 %
***** Current system time: Sun Dec 25 14:55:49 2022
***** Estimated time to completion: 53 sec.

***** Percent complete: 99.0196 %
***** Current system time: Sun Dec 25 14:56:01 2022
***** Estimated time to completion: 26 sec.

***** Problem read in and set up time: 3.09762 seconds
 ***** DCOP time: 0.0533581 seconds.  Breakdown follows:
	Number Successful Steps Taken:		1
	Number Failed Steps Attempted:		0
	Number Jacobians Evaluated:		46
	Number Linear Solves:			46
	Number Failed Linear Solves:		0
	Number Residual Evaluations:		48
	Number Nonlinear Convergence Failures:	0
	Total Residual Load Time:		0.0353353 seconds
	Total Jacobian Load Time:		0.00473094 seconds
	Total Linear Solution Time:		0.00887084 seconds

 ***** Transient Stepping time: 2685.4 seconds.  Breakdown follows:
	Number Successful Steps Taken:		382062
	Number Failed Steps Attempted:		51898
	Number Jacobians Evaluated:		1675766
	Number Linear Solves:			1675766
	Number Failed Linear Solves:		0
	Number Residual Evaluations:		2109726
	Number Nonlinear Convergence Failures:	923
	Total Residual Load Time:		1819.15 seconds
	Total Jacobian Load Time:		240.984 seconds
	Total Linear Solution Time:		395.803 seconds


***** Solution Summary *****
	Number Successful Steps Taken:		382063
	Number Failed Steps Attempted:		51898
	Number Jacobians Evaluated:		1675812
	Number Linear Solves:			1675812
	Number Failed Linear Solves:		0
	Number Residual Evaluations:		2109774
	Number Nonlinear Convergence Failures:	923
	Total Residual Load Time:		1819.18 seconds
	Total Jacobian Load Time:		240.989 seconds
	Total Linear Solution Time:		395.812 seconds


 ***** Measure Functions ***** 

PERIOD = 8.611250e-06 with targ = 3.077541e-05 and trig = 2.216416e-05

POWER = 4.720506e-04
Measure Start Time= 1.000000e-05	Measure End Time= 3.260000e-02


***** Total Simulation Solvers Run Time: 2685.46 seconds
***** Total Elapsed Run Time:            2688.56 seconds
*****
***** End of Xyce(TM) Simulation
*****

Timing summary of 1 processor
                 Stats                    Count        CPU Time              Wall Time
---------------------------------------- ------- --------------------- ---------------------
Xyce                                           1    33:40.012 (100.0%)    44:48.556 (100.0%)
  Analysis                                     1    33:38.247 (99.91%)    44:45.457 (99.88%)
    Transient                                  1    33:38.247 (99.91%)    44:45.457 (99.88%)
      Nonlinear Solve                     433961    32:05.996 (95.35%)    42:41.502 (95.27%)
        Residual                         2109774    22:51.491 (67.90%)    30:26.972 (67.95%)
        Jacobian                         1675812     3:04.317 ( 9.12%)     4:04.847 ( 9.11%)
        Linear Solve                     1675812     4:59.413 (14.82%)     6:40.220 (14.89%)
      Successful DCOP Steps                    1        0.000 (<0.01%)        0.000 (<0.01%)
      Successful Step                     382062     1:12.853 ( 3.61%)     1:37.925 ( 3.64%)
      Failed Steps                         51898        0.153 (<0.01%)        0.187 (<0.01%)
        Nonlinear Failure                    923        0.001 (<0.01%)        0.001 (<0.01%)
  Netlist Import                               1        1.736 ( 0.09%)        3.068 ( 0.11%)
    Parse Context                              1        1.005 ( 0.05%)        1.757 ( 0.07%)
    Distribute Devices                         1        0.708 ( 0.04%)        1.289 ( 0.05%)
    Verify Devices                             1        0.000 (<0.01%)        0.000 (<0.01%)
    Instantiate                                1        0.011 (<0.01%)        0.011 (<0.01%)
  Late Initialization                          1        0.010 (<0.01%)        0.010 (<0.01%)
    Global Indices                             1        0.003 (<0.01%)        0.003 (<0.01%)
  Setup Matrix Structure                       1        0.002 (<0.01%)        0.002 (<0.01%)

